{"numFailedTestSuites":1,"numFailedTests":3,"numPassedTestSuites":10,"numPassedTests":73,"numPendingTestSuites":0,"numPendingTests":0,"numRuntimeErrorTestSuites":1,"numTodoTests":0,"numTotalTestSuites":11,"numTotalTests":76,"openHandles":[],"snapshot":{"added":0,"didUpdate":false,"failure":false,"filesAdded":0,"filesRemoved":0,"filesRemovedList":[],"filesUnmatched":0,"filesUpdated":0,"matched":0,"total":0,"unchecked":0,"uncheckedKeysByFile":[],"unmatched":0,"updated":0},"startTime":1762502556197,"success":false,"testResults":[{"assertionResults":[{"ancestorTitles":["Database Connection"],"duration":1,"failing":false,"failureDetails":[],"failureMessages":[],"fullName":"Database Connection should connect successfully to the database","invocations":1,"location":null,"numPassingAsserts":2,"retryReasons":[],"startAt":1762502558293,"status":"passed","title":"should connect successfully to the database"},{"ancestorTitles":["Database Connection"],"duration":17,"failing":false,"failureDetails":[{"message":"expect(received).rejects.toThrow()\n\nReceived promise resolved instead of rejected\nResolved to value: {\"$initialConnection\": Promise {}, \"_closeCalled\": undefined, \"_connectionOptions\": {\"driverInfo\": [Object], \"useNewUrlParser\": true, \"useUnifiedTopology\": true}, \"_connectionString\": \"mongodb://127.0.0.1:49776/\", \"_events\": {\"disconnected\": [Function anonymous], \"error\": [Function anonymous]}, \"_eventsCount\": 2, \"_hasOpened\": true, \"_lastHeartbeatAt\": null, \"_listening\": false, \"_queue\": [], \"_readyState\": 1, \"base\": {\"Aggregate\": [Function Aggregate], \"CastError\": [Function CastError], \"Date\": [Function SchemaDate], \"Decimal128\": [Function SchemaDecimal128], \"Document\": [Function Document], \"Error\": [Function MongooseError], \"Mixed\": [Function SchemaMixed], \"Model\": [Function Model], \"Mongoose\": [Function Mongoose], \"MongooseError\": [Function MongooseError], \"Number\": [Function SchemaNumber], \"ObjectId\": [Function SchemaObjectId], \"Query\": [Function Query], \"STATES\": [Object], \"Schema\": [Function Schema], \"SchemaType\": [Function SchemaType], \"SchemaTypeOptions\": [Function SchemaTypeOptions], \"SchemaTypes\": [Object], \"Types\": [Object], \"VirtualType\": [Function VirtualType], \"__driver\": [Object], \"_pluralize\": [Function pluralize], \"cast\": [Function cast], \"connect\": [Function connect], \"connections\": [Array], \"createConnection\": [Function createConnection], \"default\": [Circular], \"deleteModel\": [Function deleteModel], \"disconnect\": [Function disconnect], \"events\": [EventEmitter], \"get\": [Function getsetOptions], \"isObjectIdOrHexString\": [Function isObjectIdOrHexString], \"isValidObjectId\": [Function isValidObjectId], \"model\": [Function model], \"modelNames\": [Function modelNames], \"models\": [Object], \"mongo\": [Object], \"mongoose\": [Circular], \"mquery\": [Function Query], \"nextConnectionId\": 1, \"now\": [Function now], \"options\": [Object], \"overwriteMiddlewareResult\": [Function overwriteResult], \"plugin\": [Function plugin], \"plugins\": [Array], \"pluralize\": [Function pluralize], \"sanitizeFilter\": [Function sanitizeFilter], \"set\": [Function getsetOptions], \"setDriver\": [Function setDriver], \"skipMiddlewareFunction\": [Function skipWrappedFunction], \"startSession\": [Function startSession], \"syncIndexes\": [Function syncIndexes], \"trusted\": [Function trusted], \"version\": \"8.19.3\"}, \"client\": {\"_events\": [Object], \"_eventsCount\": 3, \"_maxListeners\": 0, \"connectionLock\": undefined, \"driverInfoList\": [Array], \"mongoLogger\": undefined, \"options\": [Object], \"s\": [Object], \"topology\": [Topology], Symbol(shapeMode): false, Symbol(kCapture): false}, \"collections\": {}, \"config\": {}, \"db\": {\"client\": [MongoClient], \"s\": [Object]}, \"host\": \"127.0.0.1\", \"id\": 0, \"models\": {}, \"name\": \"test\", \"options\": null, \"otherDbs\": [], \"plugins\": [], \"port\": 49776, \"relatedDbs\": {}, \"replica\": false, \"states\": {\"0\": \"disconnected\", \"1\": \"connected\", \"2\": \"connecting\", \"3\": \"disconnecting\", \"99\": \"uninitialized\", \"connected\": 1, \"connecting\": 2, \"disconnected\": 0, \"disconnecting\": 3, \"uninitialized\": 99}, Symbol(mongoose:defaultConnection): true}"}],"failureMessages":["Error: expect(received).rejects.toThrow()\n\nReceived promise resolved instead of rejected\nResolved to value: {\"$initialConnection\": Promise {}, \"_closeCalled\": undefined, \"_connectionOptions\": {\"driverInfo\": [Object], \"useNewUrlParser\": true, \"useUnifiedTopology\": true}, \"_connectionString\": \"mongodb://127.0.0.1:49776/\", \"_events\": {\"disconnected\": [Function anonymous], \"error\": [Function anonymous]}, \"_eventsCount\": 2, \"_hasOpened\": true, \"_lastHeartbeatAt\": null, \"_listening\": false, \"_queue\": [], \"_readyState\": 1, \"base\": {\"Aggregate\": [Function Aggregate], \"CastError\": [Function CastError], \"Date\": [Function SchemaDate], \"Decimal128\": [Function SchemaDecimal128], \"Document\": [Function Document], \"Error\": [Function MongooseError], \"Mixed\": [Function SchemaMixed], \"Model\": [Function Model], \"Mongoose\": [Function Mongoose], \"MongooseError\": [Function MongooseError], \"Number\": [Function SchemaNumber], \"ObjectId\": [Function SchemaObjectId], \"Query\": [Function Query], \"STATES\": [Object], \"Schema\": [Function Schema], \"SchemaType\": [Function SchemaType], \"SchemaTypeOptions\": [Function SchemaTypeOptions], \"SchemaTypes\": [Object], \"Types\": [Object], \"VirtualType\": [Function VirtualType], \"__driver\": [Object], \"_pluralize\": [Function pluralize], \"cast\": [Function cast], \"connect\": [Function connect], \"connections\": [Array], \"createConnection\": [Function createConnection], \"default\": [Circular], \"deleteModel\": [Function deleteModel], \"disconnect\": [Function disconnect], \"events\": [EventEmitter], \"get\": [Function getsetOptions], \"isObjectIdOrHexString\": [Function isObjectIdOrHexString], \"isValidObjectId\": [Function isValidObjectId], \"model\": [Function model], \"modelNames\": [Function modelNames], \"models\": [Object], \"mongo\": [Object], \"mongoose\": [Circular], \"mquery\": [Function Query], \"nextConnectionId\": 1, \"now\": [Function now], \"options\": [Object], \"overwriteMiddlewareResult\": [Function overwriteResult], \"plugin\": [Function plugin], \"plugins\": [Array], \"pluralize\": [Function pluralize], \"sanitizeFilter\": [Function sanitizeFilter], \"set\": [Function getsetOptions], \"setDriver\": [Function setDriver], \"skipMiddlewareFunction\": [Function skipWrappedFunction], \"startSession\": [Function startSession], \"syncIndexes\": [Function syncIndexes], \"trusted\": [Function trusted], \"version\": \"8.19.3\"}, \"client\": {\"_events\": [Object], \"_eventsCount\": 3, \"_maxListeners\": 0, \"connectionLock\": undefined, \"driverInfoList\": [Array], \"mongoLogger\": undefined, \"options\": [Object], \"s\": [Object], \"topology\": [Topology], Symbol(shapeMode): false, Symbol(kCapture): false}, \"collections\": {}, \"config\": {}, \"db\": {\"client\": [MongoClient], \"s\": [Object]}, \"host\": \"127.0.0.1\", \"id\": 0, \"models\": {}, \"name\": \"test\", \"options\": null, \"otherDbs\": [], \"plugins\": [], \"port\": 49776, \"relatedDbs\": {}, \"replica\": false, \"states\": {\"0\": \"disconnected\", \"1\": \"connected\", \"2\": \"connecting\", \"3\": \"disconnecting\", \"99\": \"uninitialized\", \"connected\": 1, \"connecting\": 2, \"disconnected\": 0, \"disconnecting\": 3, \"uninitialized\": 99}, Symbol(mongoose:defaultConnection): true}\n    at expect (/Users/avinash/Desktop/titanDeploy/backend/node_modules/expect/build/index.js:2116:15)\n    at Object.expect (/Users/avinash/Desktop/titanDeploy/backend/tests/database.test.js:27:11)\n    at Promise.finally.completed (/Users/avinash/Desktop/titanDeploy/backend/node_modules/jest-circus/build/jestAdapterInit.js:1557:28)\n    at new Promise (<anonymous>)\n    at callAsyncCircusFn (/Users/avinash/Desktop/titanDeploy/backend/node_modules/jest-circus/build/jestAdapterInit.js:1497:10)\n    at _callCircusTest (/Users/avinash/Desktop/titanDeploy/backend/node_modules/jest-circus/build/jestAdapterInit.js:1007:40)\n    at processTicksAndRejections (node:internal/process/task_queues:95:5)\n    at _runTest (/Users/avinash/Desktop/titanDeploy/backend/node_modules/jest-circus/build/jestAdapterInit.js:947:3)\n    at /Users/avinash/Desktop/titanDeploy/backend/node_modules/jest-circus/build/jestAdapterInit.js:849:7\n    at _runTestsForDescribeBlock (/Users/avinash/Desktop/titanDeploy/backend/node_modules/jest-circus/build/jestAdapterInit.js:862:11)\n    at _runTestsForDescribeBlock (/Users/avinash/Desktop/titanDeploy/backend/node_modules/jest-circus/build/jestAdapterInit.js:857:11)\n    at run (/Users/avinash/Desktop/titanDeploy/backend/node_modules/jest-circus/build/jestAdapterInit.js:761:3)\n    at runAndTransformResultsToJestFormat (/Users/avinash/Desktop/titanDeploy/backend/node_modules/jest-circus/build/jestAdapterInit.js:1918:21)\n    at jestAdapter (/Users/avinash/Desktop/titanDeploy/backend/node_modules/jest-circus/build/runner.js:101:19)\n    at runTestInternal (/Users/avinash/Desktop/titanDeploy/backend/node_modules/jest-runner/build/index.js:275:16)\n    at runTest (/Users/avinash/Desktop/titanDeploy/backend/node_modules/jest-runner/build/index.js:343:7)"],"fullName":"Database Connection should handle connection errors","invocations":1,"location":null,"numPassingAsserts":0,"retryReasons":[],"startAt":1762502558295,"status":"failed","title":"should handle connection errors"},{"ancestorTitles":["Database Connection"],"duration":2,"failing":false,"failureDetails":[],"failureMessages":[],"fullName":"Database Connection should close database connection","invocations":1,"location":null,"numPassingAsserts":1,"retryReasons":[],"startAt":1762502558316,"status":"passed","title":"should close database connection"},{"ancestorTitles":["Database Connection"],"duration":20001,"failing":false,"failureDetails":[{"message":"thrown: \"Exceeded timeout of 20000 ms for a test.\nAdd a timeout value to this test to increase the timeout, if this is a long-running test. See https://jestjs.io/docs/api#testname-fn-timeout.\""}],"failureMessages":["Error: thrown: \"Exceeded timeout of 20000 ms for a test.\nAdd a timeout value to this test to increase the timeout, if this is a long-running test. See https://jestjs.io/docs/api#testname-fn-timeout.\"\n    at test (/Users/avinash/Desktop/titanDeploy/backend/tests/database.test.js:36:3)\n    at _dispatchDescribe (/Users/avinash/Desktop/titanDeploy/backend/node_modules/jest-circus/build/jestAdapterInit.js:604:26)\n    at describe (/Users/avinash/Desktop/titanDeploy/backend/node_modules/jest-circus/build/jestAdapterInit.js:572:44)\n    at Object.describe (/Users/avinash/Desktop/titanDeploy/backend/tests/database.test.js:17:1)\n    at Runtime._execModule (/Users/avinash/Desktop/titanDeploy/backend/node_modules/jest-runtime/build/index.js:1268:24)\n    at Runtime._loadModule (/Users/avinash/Desktop/titanDeploy/backend/node_modules/jest-runtime/build/index.js:944:12)\n    at Runtime.requireModule (/Users/avinash/Desktop/titanDeploy/backend/node_modules/jest-runtime/build/index.js:832:12)\n    at jestAdapter (/Users/avinash/Desktop/titanDeploy/backend/node_modules/jest-circus/build/runner.js:95:13)\n    at processTicksAndRejections (node:internal/process/task_queues:95:5)\n    at runTestInternal (/Users/avinash/Desktop/titanDeploy/backend/node_modules/jest-runner/build/index.js:275:16)\n    at runTest (/Users/avinash/Desktop/titanDeploy/backend/node_modules/jest-runner/build/index.js:343:7)"],"fullName":"Database Connection should handle multiple connection attempts","invocations":1,"location":null,"numPassingAsserts":0,"retryReasons":[],"startAt":1762502558319,"status":"failed","title":"should handle multiple connection attempts"},{"ancestorTitles":["Database Connection"],"duration":20003,"failing":false,"failureDetails":[{"message":"thrown: \"Exceeded timeout of 20000 ms for a test.\nAdd a timeout value to this test to increase the timeout, if this is a long-running test. See https://jestjs.io/docs/api#testname-fn-timeout.\""}],"failureMessages":["Error: thrown: \"Exceeded timeout of 20000 ms for a test.\nAdd a timeout value to this test to increase the timeout, if this is a long-running test. See https://jestjs.io/docs/api#testname-fn-timeout.\"\n    at test (/Users/avinash/Desktop/titanDeploy/backend/tests/database.test.js:44:3)\n    at _dispatchDescribe (/Users/avinash/Desktop/titanDeploy/backend/node_modules/jest-circus/build/jestAdapterInit.js:604:26)\n    at describe (/Users/avinash/Desktop/titanDeploy/backend/node_modules/jest-circus/build/jestAdapterInit.js:572:44)\n    at Object.describe (/Users/avinash/Desktop/titanDeploy/backend/tests/database.test.js:17:1)\n    at Runtime._execModule (/Users/avinash/Desktop/titanDeploy/backend/node_modules/jest-runtime/build/index.js:1268:24)\n    at Runtime._loadModule (/Users/avinash/Desktop/titanDeploy/backend/node_modules/jest-runtime/build/index.js:944:12)\n    at Runtime.requireModule (/Users/avinash/Desktop/titanDeploy/backend/node_modules/jest-runtime/build/index.js:832:12)\n    at jestAdapter (/Users/avinash/Desktop/titanDeploy/backend/node_modules/jest-circus/build/runner.js:95:13)\n    at processTicksAndRejections (node:internal/process/task_queues:95:5)\n    at runTestInternal (/Users/avinash/Desktop/titanDeploy/backend/node_modules/jest-runner/build/index.js:275:16)\n    at runTest (/Users/avinash/Desktop/titanDeploy/backend/node_modules/jest-runner/build/index.js:343:7)"],"fullName":"Database Connection should reconnect after connection loss","invocations":1,"location":null,"numPassingAsserts":1,"retryReasons":[],"startAt":1762502578323,"status":"failed","title":"should reconnect after connection loss"}],"coverage":{},"endTime":1762502657921,"message":"  ● Database Connection › should handle connection errors\n\n    expect(received).rejects.toThrow()\n\n    Received promise resolved instead of rejected\n    Resolved to value: {\"$initialConnection\": Promise {}, \"_closeCalled\": undefined, \"_connectionOptions\": {\"driverInfo\": [Object], \"useNewUrlParser\": true, \"useUnifiedTopology\": true}, \"_connectionString\": \"mongodb://127.0.0.1:49776/\", \"_events\": {\"disconnected\": [Function anonymous], \"error\": [Function anonymous]}, \"_eventsCount\": 2, \"_hasOpened\": true, \"_lastHeartbeatAt\": null, \"_listening\": false, \"_queue\": [], \"_readyState\": 1, \"base\": {\"Aggregate\": [Function Aggregate], \"CastError\": [Function CastError], \"Date\": [Function SchemaDate], \"Decimal128\": [Function SchemaDecimal128], \"Document\": [Function Document], \"Error\": [Function MongooseError], \"Mixed\": [Function SchemaMixed], \"Model\": [Function Model], \"Mongoose\": [Function Mongoose], \"MongooseError\": [Function MongooseError], \"Number\": [Function SchemaNumber], \"ObjectId\": [Function SchemaObjectId], \"Query\": [Function Query], \"STATES\": [Object], \"Schema\": [Function Schema], \"SchemaType\": [Function SchemaType], \"SchemaTypeOptions\": [Function SchemaTypeOptions], \"SchemaTypes\": [Object], \"Types\": [Object], \"VirtualType\": [Function VirtualType], \"__driver\": [Object], \"_pluralize\": [Function pluralize], \"cast\": [Function cast], \"connect\": [Function connect], \"connections\": [Array], \"createConnection\": [Function createConnection], \"default\": [Circular], \"deleteModel\": [Function deleteModel], \"disconnect\": [Function disconnect], \"events\": [EventEmitter], \"get\": [Function getsetOptions], \"isObjectIdOrHexString\": [Function isObjectIdOrHexString], \"isValidObjectId\": [Function isValidObjectId], \"model\": [Function model], \"modelNames\": [Function modelNames], \"models\": [Object], \"mongo\": [Object], \"mongoose\": [Circular], \"mquery\": [Function Query], \"nextConnectionId\": 1, \"now\": [Function now], \"options\": [Object], \"overwriteMiddlewareResult\": [Function overwriteResult], \"plugin\": [Function plugin], \"plugins\": [Array], \"pluralize\": [Function pluralize], \"sanitizeFilter\": [Function sanitizeFilter], \"set\": [Function getsetOptions], \"setDriver\": [Function setDriver], \"skipMiddlewareFunction\": [Function skipWrappedFunction], \"startSession\": [Function startSession], \"syncIndexes\": [Function syncIndexes], \"trusted\": [Function trusted], \"version\": \"8.19.3\"}, \"client\": {\"_events\": [Object], \"_eventsCount\": 3, \"_maxListeners\": 0, \"connectionLock\": undefined, \"driverInfoList\": [Array], \"mongoLogger\": undefined, \"options\": [Object], \"s\": [Object], \"topology\": [Topology], Symbol(shapeMode): false, Symbol(kCapture): false}, \"collections\": {}, \"config\": {}, \"db\": {\"client\": [MongoClient], \"s\": [Object]}, \"host\": \"127.0.0.1\", \"id\": 0, \"models\": {}, \"name\": \"test\", \"options\": null, \"otherDbs\": [], \"plugins\": [], \"port\": 49776, \"relatedDbs\": {}, \"replica\": false, \"states\": {\"0\": \"disconnected\", \"1\": \"connected\", \"2\": \"connecting\", \"3\": \"disconnecting\", \"99\": \"uninitialized\", \"connected\": 1, \"connecting\": 2, \"disconnected\": 0, \"disconnecting\": 3, \"uninitialized\": 99}, Symbol(mongoose:defaultConnection): true}\n\n    \u001b[0m \u001b[90m 25 |\u001b[39m     \u001b[90m// Invalid URI to trigger error\u001b[39m\n     \u001b[90m 26 |\u001b[39m     process\u001b[33m.\u001b[39menv\u001b[33m.\u001b[39m\u001b[33mMONGODB_URI\u001b[39m \u001b[33m=\u001b[39m \u001b[32m'mongodb://invalid-uri:27017/test'\u001b[39m\u001b[33m;\u001b[39m\n    \u001b[31m\u001b[1m>\u001b[22m\u001b[39m\u001b[90m 27 |\u001b[39m     \u001b[36mawait\u001b[39m expect(connectDB())\u001b[33m.\u001b[39mrejects\u001b[33m.\u001b[39mtoThrow()\u001b[33m;\u001b[39m\n     \u001b[90m    |\u001b[39m           \u001b[31m\u001b[1m^\u001b[22m\u001b[39m\n     \u001b[90m 28 |\u001b[39m   })\u001b[33m;\u001b[39m\n     \u001b[90m 29 |\u001b[39m\n     \u001b[90m 30 |\u001b[39m   test(\u001b[32m'should close database connection'\u001b[39m\u001b[33m,\u001b[39m \u001b[36masync\u001b[39m () \u001b[33m=>\u001b[39m {\u001b[0m\n\n      at expect (node_modules/expect/build/index.js:2116:15)\n      at Object.expect (tests/database.test.js:27:11)\n\n  ● Database Connection › should handle multiple connection attempts\n\n    thrown: \"Exceeded timeout of 20000 ms for a test.\n    Add a timeout value to this test to increase the timeout, if this is a long-running test. See https://jestjs.io/docs/api#testname-fn-timeout.\"\n\n    \u001b[0m \u001b[90m 34 |\u001b[39m   })\u001b[33m;\u001b[39m\n     \u001b[90m 35 |\u001b[39m\n    \u001b[31m\u001b[1m>\u001b[22m\u001b[39m\u001b[90m 36 |\u001b[39m   test(\u001b[32m'should handle multiple connection attempts'\u001b[39m\u001b[33m,\u001b[39m \u001b[36masync\u001b[39m () \u001b[33m=>\u001b[39m {\n     \u001b[90m    |\u001b[39m   \u001b[31m\u001b[1m^\u001b[22m\u001b[39m\n     \u001b[90m 37 |\u001b[39m     \u001b[36mconst\u001b[39m connection1 \u001b[33m=\u001b[39m \u001b[36mawait\u001b[39m connectDB()\u001b[33m;\u001b[39m\n     \u001b[90m 38 |\u001b[39m     \u001b[36mconst\u001b[39m connection2 \u001b[33m=\u001b[39m \u001b[36mawait\u001b[39m connectDB()\u001b[33m;\u001b[39m\n     \u001b[90m 39 |\u001b[39m     expect(connection1)\u001b[33m.\u001b[39mtoBeDefined()\u001b[33m;\u001b[39m\u001b[0m\n\n      at test (tests/database.test.js:36:3)\n      at Object.describe (tests/database.test.js:17:1)\n\n  ● Database Connection › should reconnect after connection loss\n\n    thrown: \"Exceeded timeout of 20000 ms for a test.\n    Add a timeout value to this test to increase the timeout, if this is a long-running test. See https://jestjs.io/docs/api#testname-fn-timeout.\"\n\n    \u001b[0m \u001b[90m 42 |\u001b[39m   })\u001b[33m;\u001b[39m\n     \u001b[90m 43 |\u001b[39m\n    \u001b[31m\u001b[1m>\u001b[22m\u001b[39m\u001b[90m 44 |\u001b[39m   test(\u001b[32m'should reconnect after connection loss'\u001b[39m\u001b[33m,\u001b[39m \u001b[36masync\u001b[39m () \u001b[33m=>\u001b[39m {\n     \u001b[90m    |\u001b[39m   \u001b[31m\u001b[1m^\u001b[22m\u001b[39m\n     \u001b[90m 45 |\u001b[39m     \u001b[36mawait\u001b[39m connectDB()\u001b[33m;\u001b[39m\n     \u001b[90m 46 |\u001b[39m     \u001b[36mawait\u001b[39m mongoose\u001b[33m.\u001b[39mdisconnect()\u001b[33m;\u001b[39m\n     \u001b[90m 47 |\u001b[39m     expect(mongoose\u001b[33m.\u001b[39mconnection\u001b[33m.\u001b[39mreadyState)\u001b[33m.\u001b[39mtoBe(\u001b[35m0\u001b[39m)\u001b[33m;\u001b[39m\u001b[0m\n\n      at test (tests/database.test.js:44:3)\n      at Object.describe (tests/database.test.js:17:1)\n\n\n  ● Test suite failed to run\n\n    thrown: \"Exceeded timeout of 20000 ms for a hook.\n    Add a timeout value to this test to increase the timeout, if this is a long-running test. See https://jestjs.io/docs/api#testname-fn-timeout.\"\n\n    \u001b[0m \u001b[90m 13 |\u001b[39m })\u001b[33m;\u001b[39m\n     \u001b[90m 14 |\u001b[39m\n    \u001b[31m\u001b[1m>\u001b[22m\u001b[39m\u001b[90m 15 |\u001b[39m afterAll(\u001b[36masync\u001b[39m () \u001b[33m=>\u001b[39m {\n     \u001b[90m    |\u001b[39m \u001b[31m\u001b[1m^\u001b[22m\u001b[39m\n     \u001b[90m 16 |\u001b[39m   \u001b[36mawait\u001b[39m closeDatabase()\u001b[33m;\u001b[39m\n     \u001b[90m 17 |\u001b[39m })\u001b[33m;\u001b[39m\n     \u001b[90m 18 |\u001b[39m\u001b[0m\n\n      at Object.afterAll (tests/jest.setup.js:15:1)\n","name":"/Users/avinash/Desktop/titanDeploy/backend/tests/database.test.js","startTime":1762502657921,"status":"failed","summary":""},{"assertionResults":[{"ancestorTitles":["User Controller - Enhanced Tests","User Registration"],"duration":917,"failing":false,"failureDetails":[],"failureMessages":[],"fullName":"User Controller - Enhanced Tests User Registration should register new user with valid data","invocations":1,"location":null,"numPassingAsserts":3,"retryReasons":[],"startAt":1762502619612,"status":"passed","title":"should register new user with valid data"},{"ancestorTitles":["User Controller - Enhanced Tests","User Registration"],"duration":573,"failing":false,"failureDetails":[],"failureMessages":[],"fullName":"User Controller - Enhanced Tests User Registration should fail with duplicate email","invocations":1,"location":null,"numPassingAsserts":1,"retryReasons":[],"startAt":1762502620529,"status":"passed","title":"should fail with duplicate email"},{"ancestorTitles":["User Controller - Enhanced Tests","User Registration"],"duration":568,"failing":false,"failureDetails":[],"failureMessages":[],"fullName":"User Controller - Enhanced Tests User Registration should fail with invalid email format","invocations":1,"location":null,"numPassingAsserts":1,"retryReasons":[],"startAt":1762502621102,"status":"passed","title":"should fail with invalid email format"},{"ancestorTitles":["User Controller - Enhanced Tests","User Registration"],"duration":566,"failing":false,"failureDetails":[],"failureMessages":[],"fullName":"User Controller - Enhanced Tests User Registration should fail with short password","invocations":1,"location":null,"numPassingAsserts":1,"retryReasons":[],"startAt":1762502621670,"status":"passed","title":"should fail with short password"},{"ancestorTitles":["User Controller - Enhanced Tests","User Login"],"duration":844,"failing":false,"failureDetails":[],"failureMessages":[],"fullName":"User Controller - Enhanced Tests User Login should login with valid credentials","invocations":1,"location":null,"numPassingAsserts":2,"retryReasons":[],"startAt":1762502622236,"status":"passed","title":"should login with valid credentials"},{"ancestorTitles":["User Controller - Enhanced Tests","User Login"],"duration":568,"failing":false,"failureDetails":[],"failureMessages":[],"fullName":"User Controller - Enhanced Tests User Login should fail with invalid email","invocations":1,"location":null,"numPassingAsserts":1,"retryReasons":[],"startAt":1762502623080,"status":"passed","title":"should fail with invalid email"},{"ancestorTitles":["User Controller - Enhanced Tests","User Login"],"duration":844,"failing":false,"failureDetails":[],"failureMessages":[],"fullName":"User Controller - Enhanced Tests User Login should fail with wrong password","invocations":1,"location":null,"numPassingAsserts":1,"retryReasons":[],"startAt":1762502623648,"status":"passed","title":"should fail with wrong password"},{"ancestorTitles":["User Controller - Enhanced Tests","User Profile"],"duration":570,"failing":false,"failureDetails":[],"failureMessages":[],"fullName":"User Controller - Enhanced Tests User Profile should get own profile","invocations":1,"location":null,"numPassingAsserts":2,"retryReasons":[],"startAt":1762502624492,"status":"passed","title":"should get own profile"},{"ancestorTitles":["User Controller - Enhanced Tests","User Profile"],"duration":576,"failing":false,"failureDetails":[],"failureMessages":[],"fullName":"User Controller - Enhanced Tests User Profile should update own profile","invocations":1,"location":null,"numPassingAsserts":2,"retryReasons":[],"startAt":1762502625062,"status":"passed","title":"should update own profile"},{"ancestorTitles":["User Controller - Enhanced Tests","User Profile"],"duration":849,"failing":false,"failureDetails":[],"failureMessages":[],"fullName":"User Controller - Enhanced Tests User Profile should not update email to existing one","invocations":1,"location":null,"numPassingAsserts":1,"retryReasons":[],"startAt":1762502625638,"status":"passed","title":"should not update email to existing one"},{"ancestorTitles":["User Controller - Enhanced Tests","Password Management"],"duration":1416,"failing":false,"failureDetails":[],"failureMessages":[],"fullName":"User Controller - Enhanced Tests Password Management should update password with valid old password","invocations":1,"location":null,"numPassingAsserts":2,"retryReasons":[],"startAt":1762502626487,"status":"passed","title":"should update password with valid old password"},{"ancestorTitles":["User Controller - Enhanced Tests","Password Management"],"duration":860,"failing":false,"failureDetails":[],"failureMessages":[],"fullName":"User Controller - Enhanced Tests Password Management should fail password update with wrong old password","invocations":1,"location":null,"numPassingAsserts":1,"retryReasons":[],"startAt":1762502627903,"status":"passed","title":"should fail password update with wrong old password"},{"ancestorTitles":["User Controller - Enhanced Tests","Admin User Management"],"duration":600,"failing":false,"failureDetails":[],"failureMessages":[],"fullName":"User Controller - Enhanced Tests Admin User Management admin should get all users","invocations":1,"location":null,"numPassingAsserts":3,"retryReasons":[],"startAt":1762502628763,"status":"passed","title":"admin should get all users"},{"ancestorTitles":["User Controller - Enhanced Tests","Admin User Management"],"duration":574,"failing":false,"failureDetails":[],"failureMessages":[],"fullName":"User Controller - Enhanced Tests Admin User Management admin should get user by id","invocations":1,"location":null,"numPassingAsserts":2,"retryReasons":[],"startAt":1762502629363,"status":"passed","title":"admin should get user by id"},{"ancestorTitles":["User Controller - Enhanced Tests","Admin User Management"],"duration":575,"failing":false,"failureDetails":[],"failureMessages":[],"fullName":"User Controller - Enhanced Tests Admin User Management admin should update user role","invocations":1,"location":null,"numPassingAsserts":2,"retryReasons":[],"startAt":1762502629937,"status":"passed","title":"admin should update user role"},{"ancestorTitles":["User Controller - Enhanced Tests","Admin User Management"],"duration":572,"failing":false,"failureDetails":[],"failureMessages":[],"fullName":"User Controller - Enhanced Tests Admin User Management admin should delete user","invocations":1,"location":null,"numPassingAsserts":2,"retryReasons":[],"startAt":1762502630512,"status":"passed","title":"admin should delete user"},{"ancestorTitles":["User Controller - Enhanced Tests","Admin User Management"],"duration":568,"failing":false,"failureDetails":[],"failureMessages":[],"fullName":"User Controller - Enhanced Tests Admin User Management user should not access admin endpoints","invocations":1,"location":null,"numPassingAsserts":1,"retryReasons":[],"startAt":1762502631084,"status":"passed","title":"user should not access admin endpoints"}],"endTime":1762502631695,"message":"","name":"/Users/avinash/Desktop/titanDeploy/backend/tests/user.enhanced.test.js","startTime":1762502618460,"status":"passed","summary":""},{"assertionResults":[{"ancestorTitles":["Room Controller - Enhanced Tests","Create Room"],"duration":650,"failing":false,"failureDetails":[],"failureMessages":[],"fullName":"Room Controller - Enhanced Tests Create Room admin should create room with valid data","invocations":1,"location":null,"numPassingAsserts":3,"retryReasons":[],"startAt":1762502632545,"status":"passed","title":"admin should create room with valid data"},{"ancestorTitles":["Room Controller - Enhanced Tests","Create Room"],"duration":571,"failing":false,"failureDetails":[],"failureMessages":[],"fullName":"Room Controller - Enhanced Tests Create Room user should not create room","invocations":1,"location":null,"numPassingAsserts":1,"retryReasons":[],"startAt":1762502633195,"status":"passed","title":"user should not create room"},{"ancestorTitles":["Room Controller - Enhanced Tests","Create Room"],"duration":575,"failing":false,"failureDetails":[],"failureMessages":[],"fullName":"Room Controller - Enhanced Tests Create Room should fail with invalid data","invocations":1,"location":null,"numPassingAsserts":1,"retryReasons":[],"startAt":1762502633766,"status":"passed","title":"should fail with invalid data"},{"ancestorTitles":["Room Controller - Enhanced Tests","Create Room"],"duration":571,"failing":false,"failureDetails":[],"failureMessages":[],"fullName":"Room Controller - Enhanced Tests Create Room should fail with duplicate room name","invocations":1,"location":null,"numPassingAsserts":1,"retryReasons":[],"startAt":1762502634341,"status":"passed","title":"should fail with duplicate room name"},{"ancestorTitles":["Room Controller - Enhanced Tests","Update Room"],"duration":580,"failing":false,"failureDetails":[],"failureMessages":[],"fullName":"Room Controller - Enhanced Tests Update Room admin should update room","invocations":1,"location":null,"numPassingAsserts":2,"retryReasons":[],"startAt":1762502634912,"status":"passed","title":"admin should update room"},{"ancestorTitles":["Room Controller - Enhanced Tests","Update Room"],"duration":567,"failing":false,"failureDetails":[],"failureMessages":[],"fullName":"Room Controller - Enhanced Tests Update Room user should not update room","invocations":1,"location":null,"numPassingAsserts":1,"retryReasons":[],"startAt":1762502635492,"status":"passed","title":"user should not update room"},{"ancestorTitles":["Room Controller - Enhanced Tests","Update Room"],"duration":570,"failing":false,"failureDetails":[],"failureMessages":[],"fullName":"Room Controller - Enhanced Tests Update Room should fail with non-existent room id","invocations":1,"location":null,"numPassingAsserts":1,"retryReasons":[],"startAt":1762502636059,"status":"passed","title":"should fail with non-existent room id"},{"ancestorTitles":["Room Controller - Enhanced Tests","Update Room"],"duration":569,"failing":false,"failureDetails":[],"failureMessages":[],"fullName":"Room Controller - Enhanced Tests Update Room should fail with invalid data","invocations":1,"location":null,"numPassingAsserts":1,"retryReasons":[],"startAt":1762502636629,"status":"passed","title":"should fail with invalid data"},{"ancestorTitles":["Room Controller - Enhanced Tests","Delete Room"],"duration":575,"failing":false,"failureDetails":[],"failureMessages":[],"fullName":"Room Controller - Enhanced Tests Delete Room admin should delete room","invocations":1,"location":null,"numPassingAsserts":3,"retryReasons":[],"startAt":1762502637198,"status":"passed","title":"admin should delete room"},{"ancestorTitles":["Room Controller - Enhanced Tests","Delete Room"],"duration":568,"failing":false,"failureDetails":[],"failureMessages":[],"fullName":"Room Controller - Enhanced Tests Delete Room user should not delete room","invocations":1,"location":null,"numPassingAsserts":1,"retryReasons":[],"startAt":1762502637773,"status":"passed","title":"user should not delete room"},{"ancestorTitles":["Room Controller - Enhanced Tests","Delete Room"],"duration":616,"failing":false,"failureDetails":[],"failureMessages":[],"fullName":"Room Controller - Enhanced Tests Delete Room should fail with non-existent room id","invocations":1,"location":null,"numPassingAsserts":1,"retryReasons":[],"startAt":1762502638341,"status":"passed","title":"should fail with non-existent room id"},{"ancestorTitles":["Room Controller - Enhanced Tests","Get Rooms"],"duration":598,"failing":false,"failureDetails":[],"failureMessages":[],"fullName":"Room Controller - Enhanced Tests Get Rooms should get all rooms","invocations":1,"location":null,"numPassingAsserts":3,"retryReasons":[],"startAt":1762502638957,"status":"passed","title":"should get all rooms"},{"ancestorTitles":["Room Controller - Enhanced Tests","Get Rooms"],"duration":571,"failing":false,"failureDetails":[],"failureMessages":[],"fullName":"Room Controller - Enhanced Tests Get Rooms should get room by id","invocations":1,"location":null,"numPassingAsserts":2,"retryReasons":[],"startAt":1762502639555,"status":"passed","title":"should get room by id"},{"ancestorTitles":["Room Controller - Enhanced Tests","Get Rooms"],"duration":574,"failing":false,"failureDetails":[],"failureMessages":[],"fullName":"Room Controller - Enhanced Tests Get Rooms should filter rooms by capacity","invocations":1,"location":null,"numPassingAsserts":4,"retryReasons":[],"startAt":1762502640126,"status":"passed","title":"should filter rooms by capacity"},{"ancestorTitles":["Room Controller - Enhanced Tests","Get Rooms"],"duration":573,"failing":false,"failureDetails":[],"failureMessages":[],"fullName":"Room Controller - Enhanced Tests Get Rooms should filter rooms by price range","invocations":1,"location":null,"numPassingAsserts":3,"retryReasons":[],"startAt":1762502640700,"status":"passed","title":"should filter rooms by price range"},{"ancestorTitles":["Room Controller - Enhanced Tests","Get Rooms"],"duration":587,"failing":false,"failureDetails":[],"failureMessages":[],"fullName":"Room Controller - Enhanced Tests Get Rooms should filter rooms by facilities","invocations":1,"location":null,"numPassingAsserts":3,"retryReasons":[],"startAt":1762502641273,"status":"passed","title":"should filter rooms by facilities"}],"endTime":1762502641894,"message":"","name":"/Users/avinash/Desktop/titanDeploy/backend/tests/room.enhanced.test.js","startTime":1762502631709,"status":"passed","summary":""},{"assertionResults":[{"ancestorTitles":["Reservation Controller - Enhanced Tests","Create Reservation"],"duration":648,"failing":false,"failureDetails":[],"failureMessages":[],"fullName":"Reservation Controller - Enhanced Tests Create Reservation should create reservation with valid data","invocations":1,"location":null,"numPassingAsserts":2,"retryReasons":[],"startAt":1762502642707,"status":"passed","title":"should create reservation with valid data"},{"ancestorTitles":["Reservation Controller - Enhanced Tests","Create Reservation"],"duration":575,"failing":false,"failureDetails":[],"failureMessages":[],"fullName":"Reservation Controller - Enhanced Tests Create Reservation should fail with invalid room id","invocations":1,"location":null,"numPassingAsserts":1,"retryReasons":[],"startAt":1762502643356,"status":"passed","title":"should fail with invalid room id"},{"ancestorTitles":["Reservation Controller - Enhanced Tests","Create Reservation"],"duration":577,"failing":false,"failureDetails":[],"failureMessages":[],"fullName":"Reservation Controller - Enhanced Tests Create Reservation should fail with overlapping reservation","invocations":1,"location":null,"numPassingAsserts":1,"retryReasons":[],"startAt":1762502643931,"status":"passed","title":"should fail with overlapping reservation"},{"ancestorTitles":["Reservation Controller - Enhanced Tests","Create Reservation"],"duration":571,"failing":false,"failureDetails":[],"failureMessages":[],"fullName":"Reservation Controller - Enhanced Tests Create Reservation should fail with invalid date format","invocations":1,"location":null,"numPassingAsserts":1,"retryReasons":[],"startAt":1762502644508,"status":"passed","title":"should fail with invalid date format"},{"ancestorTitles":["Reservation Controller - Enhanced Tests","Update Reservation"],"duration":582,"failing":false,"failureDetails":[],"failureMessages":[],"fullName":"Reservation Controller - Enhanced Tests Update Reservation should cancel own reservation (user)","invocations":1,"location":null,"numPassingAsserts":2,"retryReasons":[],"startAt":1762502645079,"status":"passed","title":"should cancel own reservation (user)"},{"ancestorTitles":["Reservation Controller - Enhanced Tests","Update Reservation"],"duration":596,"failing":false,"failureDetails":[],"failureMessages":[],"fullName":"Reservation Controller - Enhanced Tests Update Reservation admin should cancel another user's reservation","invocations":1,"location":null,"numPassingAsserts":2,"retryReasons":[],"startAt":1762502645661,"status":"passed","title":"admin should cancel another user's reservation"},{"ancestorTitles":["Reservation Controller - Enhanced Tests","Delete Reservation"],"duration":577,"failing":false,"failureDetails":[],"failureMessages":[],"fullName":"Reservation Controller - Enhanced Tests Delete Reservation should cancel own reservation (via user cancel route)","invocations":1,"location":null,"numPassingAsserts":2,"retryReasons":[],"startAt":1762502646257,"status":"passed","title":"should cancel own reservation (via user cancel route)"},{"ancestorTitles":["Reservation Controller - Enhanced Tests","Delete Reservation"],"duration":578,"failing":false,"failureDetails":[],"failureMessages":[],"fullName":"Reservation Controller - Enhanced Tests Delete Reservation admin should cancel any reservation (admin route)","invocations":1,"location":null,"numPassingAsserts":1,"retryReasons":[],"startAt":1762502646835,"status":"passed","title":"admin should cancel any reservation (admin route)"},{"ancestorTitles":["Reservation Controller - Enhanced Tests","Delete Reservation"],"duration":573,"failing":false,"failureDetails":[],"failureMessages":[],"fullName":"Reservation Controller - Enhanced Tests Delete Reservation should fail with non-existent reservation id","invocations":1,"location":null,"numPassingAsserts":1,"retryReasons":[],"startAt":1762502647413,"status":"passed","title":"should fail with non-existent reservation id"},{"ancestorTitles":["Reservation Controller - Enhanced Tests","Get Reservations"],"duration":577,"failing":false,"failureDetails":[],"failureMessages":[],"fullName":"Reservation Controller - Enhanced Tests Get Reservations user should get own reservations","invocations":1,"location":null,"numPassingAsserts":3,"retryReasons":[],"startAt":1762502647987,"status":"passed","title":"user should get own reservations"},{"ancestorTitles":["Reservation Controller - Enhanced Tests","Get Reservations"],"duration":587,"failing":false,"failureDetails":[],"failureMessages":[],"fullName":"Reservation Controller - Enhanced Tests Get Reservations admin should get all reservations","invocations":1,"location":null,"numPassingAsserts":2,"retryReasons":[],"startAt":1762502648564,"status":"passed","title":"admin should get all reservations"},{"ancestorTitles":["Reservation Controller - Enhanced Tests","Get Reservations"],"duration":575,"failing":false,"failureDetails":[],"failureMessages":[],"fullName":"Reservation Controller - Enhanced Tests Get Reservations should get reservation by id","invocations":1,"location":null,"numPassingAsserts":2,"retryReasons":[],"startAt":1762502649151,"status":"passed","title":"should get reservation by id"}],"endTime":1762502649765,"message":"","name":"/Users/avinash/Desktop/titanDeploy/backend/tests/reservation.enhanced.test.js","startTime":1762502641907,"status":"passed","summary":""},{"assertionResults":[{"ancestorTitles":["Admin Script (enhanced) using test harness"],"duration":300,"failing":false,"failureDetails":[],"failureMessages":[],"fullName":"Admin Script (enhanced) using test harness should create admin user","invocations":1,"location":null,"numPassingAsserts":3,"retryReasons":[],"startAt":1762502650443,"status":"passed","title":"should create admin user"},{"ancestorTitles":["Admin Script (enhanced) using test harness"],"duration":571,"failing":false,"failureDetails":[],"failureMessages":[],"fullName":"Admin Script (enhanced) using test harness should not create admin with existing email","invocations":1,"location":null,"numPassingAsserts":1,"retryReasons":[],"startAt":1762502650744,"status":"passed","title":"should not create admin with existing email"},{"ancestorTitles":["Admin Script (enhanced) using test harness"],"duration":5,"failing":false,"failureDetails":[],"failureMessages":[],"fullName":"Admin Script (enhanced) using test harness should not create admin with invalid email","invocations":1,"location":null,"numPassingAsserts":1,"retryReasons":[],"startAt":1762502651315,"status":"passed","title":"should not create admin with invalid email"},{"ancestorTitles":["Admin Script (enhanced) using test harness"],"duration":3,"failing":false,"failureDetails":[],"failureMessages":[],"fullName":"Admin Script (enhanced) using test harness should not create admin with short password","invocations":1,"location":null,"numPassingAsserts":1,"retryReasons":[],"startAt":1762502651320,"status":"passed","title":"should not create admin with short password"},{"ancestorTitles":["Admin Script (enhanced) using test harness"],"duration":564,"failing":false,"failureDetails":[],"failureMessages":[],"fullName":"Admin Script (enhanced) using test harness should create multiple admin users","invocations":1,"location":null,"numPassingAsserts":3,"retryReasons":[],"startAt":1762502651323,"status":"passed","title":"should create multiple admin users"},{"ancestorTitles":["Admin Script (enhanced) using test harness"],"duration":279,"failing":false,"failureDetails":[],"failureMessages":[],"fullName":"Admin Script (enhanced) using test harness should hash admin password","invocations":1,"location":null,"numPassingAsserts":1,"retryReasons":[],"startAt":1762502651887,"status":"passed","title":"should hash admin password"}],"endTime":1762502652201,"message":"","name":"/Users/avinash/Desktop/titanDeploy/backend/tests/admin.enhanced.test.js","startTime":1762502649777,"status":"passed","summary":""},{"assertionResults":[{"ancestorTitles":["Admin Management","User Management - Admin"],"duration":19,"failing":false,"failureDetails":[],"failureMessages":[],"fullName":"Admin Management User Management - Admin should get all users as admin","invocations":1,"location":null,"numPassingAsserts":3,"retryReasons":[],"startAt":1762502653299,"status":"passed","title":"should get all users as admin"},{"ancestorTitles":["Admin Management","User Management - Admin"],"duration":7,"failing":false,"failureDetails":[],"failureMessages":[],"fullName":"Admin Management User Management - Admin should not allow user to access admin routes","invocations":1,"location":null,"numPassingAsserts":2,"retryReasons":[],"startAt":1762502653319,"status":"passed","title":"should not allow user to access admin routes"},{"ancestorTitles":["Admin Management","User Management - Admin"],"duration":16,"failing":false,"failureDetails":[],"failureMessages":[],"fullName":"Admin Management User Management - Admin should update user role as admin","invocations":1,"location":null,"numPassingAsserts":2,"retryReasons":[],"startAt":1762502653326,"status":"passed","title":"should update user role as admin"},{"ancestorTitles":["Admin Management","Room Management - Admin"],"duration":21,"failing":false,"failureDetails":[],"failureMessages":[],"fullName":"Admin Management Room Management - Admin should create room as admin","invocations":1,"location":null,"numPassingAsserts":2,"retryReasons":[],"startAt":1762502653342,"status":"passed","title":"should create room as admin"},{"ancestorTitles":["Admin Management","Room Management - Admin"],"duration":286,"failing":false,"failureDetails":[],"failureMessages":[],"fullName":"Admin Management Room Management - Admin should not allow user to create room","invocations":1,"location":null,"numPassingAsserts":1,"retryReasons":[],"startAt":1762502653363,"status":"passed","title":"should not allow user to create room"}],"endTime":1762502653681,"message":"","name":"/Users/avinash/Desktop/titanDeploy/backend/tests/admin.test.js","startTime":1762502652204,"status":"passed","summary":""},{"assertionResults":[{"ancestorTitles":["Room Management","POST /api/rooms"],"duration":34,"failing":false,"failureDetails":[],"failureMessages":[],"fullName":"Room Management POST /api/rooms should create room as admin","invocations":1,"location":null,"numPassingAsserts":4,"retryReasons":[],"startAt":1762502654747,"status":"passed","title":"should create room as admin"},{"ancestorTitles":["Room Management","POST /api/rooms"],"duration":10,"failing":false,"failureDetails":[],"failureMessages":[],"fullName":"Room Management POST /api/rooms should not create room as normal user","invocations":1,"location":null,"numPassingAsserts":1,"retryReasons":[],"startAt":1762502654782,"status":"passed","title":"should not create room as normal user"},{"ancestorTitles":["Room Management","GET /api/rooms"],"duration":19,"failing":false,"failureDetails":[],"failureMessages":[],"fullName":"Room Management GET /api/rooms should get all rooms without authentication","invocations":1,"location":null,"numPassingAsserts":4,"retryReasons":[],"startAt":1762502654792,"status":"passed","title":"should get all rooms without authentication"},{"ancestorTitles":["Room Management","GET /api/rooms"],"duration":18,"failing":false,"failureDetails":[],"failureMessages":[],"fullName":"Room Management GET /api/rooms should filter rooms by capacity","invocations":1,"location":null,"numPassingAsserts":3,"retryReasons":[],"startAt":1762502654812,"status":"passed","title":"should filter rooms by capacity"}],"endTime":1762502654858,"message":"","name":"/Users/avinash/Desktop/titanDeploy/backend/tests/room.test.js","startTime":1762502653689,"status":"passed","summary":""},{"assertionResults":[{"ancestorTitles":["Simple User Tests"],"duration":318,"failing":false,"failureDetails":[],"failureMessages":[],"fullName":"Simple User Tests User registration validation","invocations":1,"location":null,"numPassingAsserts":1,"retryReasons":[],"startAt":1762502655308,"status":"passed","title":"User registration validation"},{"ancestorTitles":["Simple User Tests"],"duration":285,"failing":false,"failureDetails":[],"failureMessages":[],"fullName":"Simple User Tests User login validation","invocations":1,"location":null,"numPassingAsserts":1,"retryReasons":[],"startAt":1762502655626,"status":"passed","title":"User login validation"}],"endTime":1762502655939,"message":"","name":"/Users/avinash/Desktop/titanDeploy/backend/tests/user.test.js","startTime":1762502654864,"status":"passed","summary":""},{"assertionResults":[{"ancestorTitles":["Reservation System","POST /api/reservations"],"duration":42,"failing":false,"failureDetails":[],"failureMessages":[],"fullName":"Reservation System POST /api/reservations should create reservation with valid data","invocations":1,"location":null,"numPassingAsserts":3,"retryReasons":[],"startAt":1762502656730,"status":"passed","title":"should create reservation with valid data"},{"ancestorTitles":["Reservation System","POST /api/reservations"],"duration":17,"failing":false,"failureDetails":[],"failureMessages":[],"fullName":"Reservation System POST /api/reservations should prevent double booking","invocations":1,"location":null,"numPassingAsserts":2,"retryReasons":[],"startAt":1762502656772,"status":"passed","title":"should prevent double booking"},{"ancestorTitles":["Reservation System","POST /api/reservations"],"duration":12,"failing":false,"failureDetails":[],"failureMessages":[],"fullName":"Reservation System POST /api/reservations should validate room capacity","invocations":1,"location":null,"numPassingAsserts":2,"retryReasons":[],"startAt":1762502656789,"status":"passed","title":"should validate room capacity"},{"ancestorTitles":["Reservation System","GET /api/reservations/my-reservations"],"duration":17,"failing":false,"failureDetails":[],"failureMessages":[],"fullName":"Reservation System GET /api/reservations/my-reservations should get user reservations","invocations":1,"location":null,"numPassingAsserts":3,"retryReasons":[],"startAt":1762502656801,"status":"passed","title":"should get user reservations"}],"endTime":1762502656834,"message":"","name":"/Users/avinash/Desktop/titanDeploy/backend/tests/reservation.test.js","startTime":1762502655943,"status":"passed","summary":""},{"assertionResults":[{"ancestorTitles":["Error Handling"],"duration":13,"failing":false,"failureDetails":[],"failureMessages":[],"fullName":"Error Handling should return 404 for unknown routes","invocations":1,"location":null,"numPassingAsserts":2,"retryReasons":[],"startAt":1762502657282,"status":"passed","title":"should return 404 for unknown routes"},{"ancestorTitles":["Error Handling"],"duration":15,"failing":false,"failureDetails":[],"failureMessages":[],"fullName":"Error Handling should handle invalid JSON","invocations":1,"location":null,"numPassingAsserts":1,"retryReasons":[],"startAt":1762502657295,"status":"passed","title":"should handle invalid JSON"},{"ancestorTitles":["Error Handling"],"duration":6,"failing":false,"failureDetails":[],"failureMessages":[],"fullName":"Error Handling should handle validation errors","invocations":1,"location":null,"numPassingAsserts":2,"retryReasons":[],"startAt":1762502657310,"status":"passed","title":"should handle validation errors"}],"endTime":1762502657328,"message":"","name":"/Users/avinash/Desktop/titanDeploy/backend/tests/error.test.js","startTime":1762502656842,"status":"passed","summary":""},{"assertionResults":[{"ancestorTitles":["Basic Server Tests"],"duration":16,"failing":false,"failureDetails":[],"failureMessages":[],"fullName":"Basic Server Tests Health check endpoint without database","invocations":1,"location":null,"numPassingAsserts":1,"retryReasons":[],"startAt":1762502657801,"status":"passed","title":"Health check endpoint without database"},{"ancestorTitles":["Basic Server Tests"],"duration":9,"failing":false,"failureDetails":[],"failureMessages":[],"fullName":"Basic Server Tests 404 handler for unknown routes","invocations":1,"location":null,"numPassingAsserts":2,"retryReasons":[],"startAt":1762502657818,"status":"passed","title":"404 handler for unknown routes"}],"endTime":1762502657841,"message":"","name":"/Users/avinash/Desktop/titanDeploy/backend/tests/app.test.js","startTime":1762502657332,"status":"passed","summary":""}],"wasInterrupted":false}
