{"/Users/avinash/Desktop/titanDeploy/backend/app.js": {"path":"/Users/avinash/Desktop/titanDeploy/backend/app.js","statementMap":{"0":{"start":{"line":1,"column":16},"end":{"line":1,"column":34}},"1":{"start":{"line":2,"column":13},"end":{"line":2,"column":28}},"2":{"start":{"line":3,"column":15},"end":{"line":3,"column":32}},"3":{"start":{"line":4,"column":18},"end":{"line":4,"column":47}},"4":{"start":{"line":7,"column":19},"end":{"line":7,"column":49}},"5":{"start":{"line":8,"column":19},"end":{"line":8,"column":49}},"6":{"start":{"line":9,"column":26},"end":{"line":9,"column":63}},"7":{"start":{"line":11,"column":12},"end":{"line":11,"column":21}},"8":{"start":{"line":14,"column":0},"end":{"line":14,"column":18}},"9":{"start":{"line":17,"column":0},"end":{"line":20,"column":4}},"10":{"start":{"line":23,"column":16},"end":{"line":26,"column":2}},"11":{"start":{"line":27,"column":0},"end":{"line":27,"column":17}},"12":{"start":{"line":30,"column":0},"end":{"line":30,"column":41}},"13":{"start":{"line":31,"column":0},"end":{"line":31,"column":48}},"14":{"start":{"line":34,"column":0},"end":{"line":42,"column":3}},"15":{"start":{"line":35,"column":2},"end":{"line":40,"column":3}},"16":{"start":{"line":36,"column":4},"end":{"line":39,"column":7}},"17":{"start":{"line":41,"column":2},"end":{"line":41,"column":12}},"18":{"start":{"line":44,"column":0},"end":{"line":44,"column":34}},"19":{"start":{"line":45,"column":0},"end":{"line":45,"column":34}},"20":{"start":{"line":46,"column":0},"end":{"line":46,"column":48}},"21":{"start":{"line":50,"column":0},"end":{"line":56,"column":3}},"22":{"start":{"line":51,"column":2},"end":{"line":55,"column":5}},"23":{"start":{"line":59,"column":0},"end":{"line":71,"column":3}},"24":{"start":{"line":60,"column":2},"end":{"line":70,"column":5}},"25":{"start":{"line":75,"column":0},"end":{"line":81,"column":3}},"26":{"start":{"line":76,"column":2},"end":{"line":76,"column":27}},"27":{"start":{"line":77,"column":2},"end":{"line":80,"column":5}},"28":{"start":{"line":84,"column":0},"end":{"line":89,"column":3}},"29":{"start":{"line":85,"column":2},"end":{"line":88,"column":5}},"30":{"start":{"line":91,"column":0},"end":{"line":91,"column":21}}},"fnMap":{"0":{"name":"(anonymous_0)","decl":{"start":{"line":34,"column":8},"end":{"line":34,"column":9}},"loc":{"start":{"line":34,"column":33},"end":{"line":42,"column":1}},"line":34},"1":{"name":"(anonymous_1)","decl":{"start":{"line":50,"column":19},"end":{"line":50,"column":20}},"loc":{"start":{"line":50,"column":33},"end":{"line":56,"column":1}},"line":50},"2":{"name":"(anonymous_2)","decl":{"start":{"line":59,"column":13},"end":{"line":59,"column":14}},"loc":{"start":{"line":59,"column":27},"end":{"line":71,"column":1}},"line":59},"3":{"name":"(anonymous_3)","decl":{"start":{"line":75,"column":8},"end":{"line":75,"column":9}},"loc":{"start":{"line":75,"column":33},"end":{"line":81,"column":1}},"line":75},"4":{"name":"(anonymous_4)","decl":{"start":{"line":84,"column":14},"end":{"line":84,"column":15}},"loc":{"start":{"line":84,"column":28},"end":{"line":89,"column":1}},"line":84}},"branchMap":{"0":{"loc":{"start":{"line":18,"column":10},"end":{"line":18,"column":59}},"type":"binary-expr","locations":[{"start":{"line":18,"column":10},"end":{"line":18,"column":32}},{"start":{"line":18,"column":36},"end":{"line":18,"column":59}}],"line":18},"1":{"loc":{"start":{"line":35,"column":2},"end":{"line":40,"column":3}},"type":"if","locations":[{"start":{"line":35,"column":2},"end":{"line":40,"column":3}},{"start":{},"end":{}}],"line":35},"2":{"loc":{"start":{"line":35,"column":6},"end":{"line":35,"column":71}},"type":"binary-expr","locations":[{"start":{"line":35,"column":6},"end":{"line":35,"column":32}},{"start":{"line":35,"column":36},"end":{"line":35,"column":54}},{"start":{"line":35,"column":58},"end":{"line":35,"column":71}}],"line":35}},"s":{"0":9,"1":9,"2":9,"3":9,"4":9,"5":9,"6":9,"7":9,"8":9,"9":9,"10":9,"11":9,"12":9,"13":9,"14":9,"15":1,"16":1,"17":0,"18":9,"19":9,"20":9,"21":9,"22":1,"23":9,"24":0,"25":9,"26":0,"27":0,"28":9,"29":10,"30":9},"f":{"0":1,"1":1,"2":0,"3":0,"4":10},"b":{"0":[9,0],"1":[1,0],"2":[1,1,1]},"_coverageSchema":"1a1c01bbd47fc00a2c39e90264f33305004495a9","hash":"f4d5fad5966772bc49fff3be6a65d344e1c2f93e"}
,"/Users/avinash/Desktop/titanDeploy/backend/server.js": {"path":"/Users/avinash/Desktop/titanDeploy/backend/server.js","statementMap":{"0":{"start":{"line":1,"column":0},"end":{"line":1,"column":27}},"1":{"start":{"line":3,"column":12},"end":{"line":3,"column":28}},"2":{"start":{"line":4,"column":18},"end":{"line":4,"column":46}},"3":{"start":{"line":7,"column":0},"end":{"line":7,"column":12}},"4":{"start":{"line":9,"column":13},"end":{"line":9,"column":37}},"5":{"start":{"line":11,"column":0},"end":{"line":15,"column":3}},"6":{"start":{"line":12,"column":2},"end":{"line":12,"column":51}},"7":{"start":{"line":13,"column":2},"end":{"line":13,"column":74}},"8":{"start":{"line":14,"column":2},"end":{"line":14,"column":73}}},"fnMap":{"0":{"name":"(anonymous_0)","decl":{"start":{"line":11,"column":17},"end":{"line":11,"column":18}},"loc":{"start":{"line":11,"column":23},"end":{"line":15,"column":1}},"line":11}},"branchMap":{"0":{"loc":{"start":{"line":9,"column":13},"end":{"line":9,"column":37}},"type":"binary-expr","locations":[{"start":{"line":9,"column":13},"end":{"line":9,"column":29}},{"start":{"line":9,"column":33},"end":{"line":9,"column":37}}],"line":9},"1":{"loc":{"start":{"line":13,"column":33},"end":{"line":13,"column":70}},"type":"binary-expr","locations":[{"start":{"line":13,"column":33},"end":{"line":13,"column":53}},{"start":{"line":13,"column":57},"end":{"line":13,"column":70}}],"line":13}},"s":{"0":1,"1":1,"2":1,"3":1,"4":1,"5":1,"6":1,"7":1,"8":1},"f":{"0":1},"b":{"0":[1,0],"1":[1,0]},"_coverageSchema":"1a1c01bbd47fc00a2c39e90264f33305004495a9","hash":"25ffd9754a7630bd6692bc4cd27fa71f735ec2ac"}
,"/Users/avinash/Desktop/titanDeploy/backend/config/config.js": {"path":"/Users/avinash/Desktop/titanDeploy/backend/config/config.js","statementMap":{"0":{"start":{"line":1,"column":0},"end":{"line":1,"column":27}},"1":{"start":{"line":3,"column":15},"end":{"line":31,"column":1}},"2":{"start":{"line":34,"column":24},"end":{"line":34,"column":60}},"3":{"start":{"line":35,"column":0},"end":{"line":41,"column":3}},"4":{"start":{"line":36,"column":2},"end":{"line":40,"column":3}},"5":{"start":{"line":37,"column":4},"end":{"line":37,"column":88}},"6":{"start":{"line":38,"column":4},"end":{"line":38,"column":61}},"7":{"start":{"line":39,"column":4},"end":{"line":39,"column":71}},"8":{"start":{"line":44,"column":0},"end":{"line":49,"column":1}},"9":{"start":{"line":45,"column":2},"end":{"line":45,"column":42}},"10":{"start":{"line":46,"column":2},"end":{"line":46,"column":51}},"11":{"start":{"line":47,"column":2},"end":{"line":47,"column":41}},"12":{"start":{"line":51,"column":0},"end":{"line":51,"column":24}}},"fnMap":{"0":{"name":"(anonymous_0)","decl":{"start":{"line":35,"column":24},"end":{"line":35,"column":25}},"loc":{"start":{"line":35,"column":34},"end":{"line":41,"column":1}},"line":35}},"branchMap":{"0":{"loc":{"start":{"line":5,"column":11},"end":{"line":5,"column":48}},"type":"binary-expr","locations":[{"start":{"line":5,"column":11},"end":{"line":5,"column":31}},{"start":{"line":5,"column":35},"end":{"line":5,"column":48}}],"line":5},"1":{"loc":{"start":{"line":6,"column":8},"end":{"line":6,"column":32}},"type":"binary-expr","locations":[{"start":{"line":6,"column":8},"end":{"line":6,"column":24}},{"start":{"line":6,"column":28},"end":{"line":6,"column":32}}],"line":6},"2":{"loc":{"start":{"line":10,"column":9},"end":{"line":10,"column":80}},"type":"binary-expr","locations":[{"start":{"line":10,"column":9},"end":{"line":10,"column":32}},{"start":{"line":10,"column":36},"end":{"line":10,"column":80}}],"line":10},"3":{"loc":{"start":{"line":15,"column":12},"end":{"line":15,"column":80}},"type":"binary-expr","locations":[{"start":{"line":15,"column":12},"end":{"line":15,"column":34}},{"start":{"line":15,"column":38},"end":{"line":15,"column":80}}],"line":15},"4":{"loc":{"start":{"line":16,"column":12},"end":{"line":16,"column":42}},"type":"binary-expr","locations":[{"start":{"line":16,"column":12},"end":{"line":16,"column":34}},{"start":{"line":16,"column":38},"end":{"line":16,"column":42}}],"line":16},"5":{"loc":{"start":{"line":17,"column":19},"end":{"line":17,"column":99}},"type":"binary-expr","locations":[{"start":{"line":17,"column":19},"end":{"line":17,"column":49}},{"start":{"line":17,"column":53},"end":{"line":17,"column":99}}],"line":17},"6":{"loc":{"start":{"line":18,"column":19},"end":{"line":18,"column":58}},"type":"binary-expr","locations":[{"start":{"line":18,"column":19},"end":{"line":18,"column":49}},{"start":{"line":18,"column":53},"end":{"line":18,"column":58}}],"line":18},"7":{"loc":{"start":{"line":23,"column":9},"end":{"line":23,"column":58}},"type":"binary-expr","locations":[{"start":{"line":23,"column":9},"end":{"line":23,"column":31}},{"start":{"line":23,"column":35},"end":{"line":23,"column":58}}],"line":23},"8":{"loc":{"start":{"line":36,"column":2},"end":{"line":40,"column":3}},"type":"if","locations":[{"start":{"line":36,"column":2},"end":{"line":40,"column":3}},{"start":{},"end":{}}],"line":36},"9":{"loc":{"start":{"line":36,"column":6},"end":{"line":36,"column":73}},"type":"binary-expr","locations":[{"start":{"line":36,"column":6},"end":{"line":36,"column":26}},{"start":{"line":36,"column":30},"end":{"line":36,"column":73}}],"line":36},"10":{"loc":{"start":{"line":44,"column":0},"end":{"line":49,"column":1}},"type":"if","locations":[{"start":{"line":44,"column":0},"end":{"line":49,"column":1}},{"start":{},"end":{}}],"line":44}},"s":{"0":9,"1":9,"2":9,"3":9,"4":18,"5":0,"6":0,"7":0,"8":9,"9":0,"10":0,"11":0,"12":9},"f":{"0":18},"b":{"0":[9,0],"1":[9,0],"2":[9,0],"3":[9,0],"4":[9,0],"5":[9,0],"6":[9,0],"7":[9,0],"8":[0,18],"9":[18,18],"10":[0,9]},"_coverageSchema":"1a1c01bbd47fc00a2c39e90264f33305004495a9","hash":"7afe24ee8c79b37b259e28bcc5d89ee845c4e89b"}
,"/Users/avinash/Desktop/titanDeploy/backend/config/database.js": {"path":"/Users/avinash/Desktop/titanDeploy/backend/config/database.js","statementMap":{"0":{"start":{"line":1,"column":17},"end":{"line":1,"column":36}},"1":{"start":{"line":4,"column":0},"end":{"line":4,"column":27}},"2":{"start":{"line":6,"column":18},"end":{"line":28,"column":1}},"3":{"start":{"line":7,"column":2},"end":{"line":27,"column":3}},"4":{"start":{"line":9,"column":4},"end":{"line":11,"column":5}},"5":{"start":{"line":10,"column":6},"end":{"line":10,"column":33}},"6":{"start":{"line":12,"column":17},"end":{"line":18,"column":5}},"7":{"start":{"line":20,"column":4},"end":{"line":20,"column":66}},"8":{"start":{"line":21,"column":4},"end":{"line":21,"column":56}},"9":{"start":{"line":22,"column":4},"end":{"line":22,"column":16}},"10":{"start":{"line":24,"column":4},"end":{"line":24,"column":65}},"11":{"start":{"line":26,"column":4},"end":{"line":26,"column":16}},"12":{"start":{"line":30,"column":16},"end":{"line":37,"column":1}},"13":{"start":{"line":31,"column":2},"end":{"line":36,"column":3}},"14":{"start":{"line":32,"column":4},"end":{"line":32,"column":32}},"15":{"start":{"line":34,"column":4},"end":{"line":34,"column":63}},"16":{"start":{"line":35,"column":4},"end":{"line":35,"column":16}},"17":{"start":{"line":40,"column":0},"end":{"line":42,"column":3}},"18":{"start":{"line":41,"column":2},"end":{"line":41,"column":41}},"19":{"start":{"line":44,"column":0},"end":{"line":46,"column":3}},"20":{"start":{"line":45,"column":2},"end":{"line":45,"column":52}},"21":{"start":{"line":48,"column":0},"end":{"line":51,"column":2}}},"fnMap":{"0":{"name":"(anonymous_0)","decl":{"start":{"line":6,"column":18},"end":{"line":6,"column":19}},"loc":{"start":{"line":6,"column":30},"end":{"line":28,"column":1}},"line":6},"1":{"name":"(anonymous_1)","decl":{"start":{"line":30,"column":16},"end":{"line":30,"column":17}},"loc":{"start":{"line":30,"column":28},"end":{"line":37,"column":1}},"line":30},"2":{"name":"(anonymous_2)","decl":{"start":{"line":40,"column":39},"end":{"line":40,"column":40}},"loc":{"start":{"line":40,"column":45},"end":{"line":42,"column":1}},"line":40},"3":{"name":"(anonymous_3)","decl":{"start":{"line":44,"column":32},"end":{"line":44,"column":33}},"loc":{"start":{"line":44,"column":41},"end":{"line":46,"column":1}},"line":44}},"branchMap":{"0":{"loc":{"start":{"line":9,"column":4},"end":{"line":11,"column":5}},"type":"if","locations":[{"start":{"line":9,"column":4},"end":{"line":11,"column":5}},{"start":{},"end":{}}],"line":9}},"s":{"0":1,"1":1,"2":1,"3":8,"4":8,"5":4,"6":4,"7":3,"8":3,"9":3,"10":1,"11":1,"12":1,"13":1,"14":1,"15":0,"16":0,"17":1,"18":5,"19":1,"20":1,"21":1},"f":{"0":8,"1":1,"2":5,"3":1},"b":{"0":[4,4]},"_coverageSchema":"1a1c01bbd47fc00a2c39e90264f33305004495a9","hash":"d37b1f3c0fd71684520687fe5dcff9454868219c"}
,"/Users/avinash/Desktop/titanDeploy/backend/controllers/reservationController.js": {"path":"/Users/avinash/Desktop/titanDeploy/backend/controllers/reservationController.js","statementMap":{"0":{"start":{"line":1,"column":20},"end":{"line":1,"column":52}},"1":{"start":{"line":2,"column":13},"end":{"line":2,"column":38}},"2":{"start":{"line":8,"column":4},"end":{"line":8,"column":35}},"3":{"start":{"line":11,"column":26},"end":{"line":97,"column":1}},"4":{"start":{"line":12,"column":2},"end":{"line":96,"column":3}},"5":{"start":{"line":14,"column":29},"end":{"line":14,"column":75}},"6":{"start":{"line":15,"column":4},"end":{"line":20,"column":5}},"7":{"start":{"line":16,"column":6},"end":{"line":19,"column":9}},"8":{"start":{"line":22,"column":90},"end":{"line":22,"column":95}},"9":{"start":{"line":25,"column":17},"end":{"line":25,"column":44}},"10":{"start":{"line":26,"column":4},"end":{"line":31,"column":5}},"11":{"start":{"line":27,"column":6},"end":{"line":30,"column":9}},"12":{"start":{"line":34,"column":4},"end":{"line":39,"column":5}},"13":{"start":{"line":35,"column":6},"end":{"line":38,"column":9}},"14":{"start":{"line":42,"column":24},"end":{"line":42,"column":87}},"15":{"start":{"line":43,"column":4},"end":{"line":48,"column":5}},"16":{"start":{"line":44,"column":6},"end":{"line":47,"column":9}},"17":{"start":{"line":51,"column":23},"end":{"line":51,"column":62}},"18":{"start":{"line":52,"column":28},"end":{"line":52,"column":52}},"19":{"start":{"line":53,"column":4},"end":{"line":58,"column":5}},"20":{"start":{"line":54,"column":6},"end":{"line":57,"column":9}},"21":{"start":{"line":61,"column":4},"end":{"line":66,"column":5}},"22":{"start":{"line":62,"column":6},"end":{"line":65,"column":9}},"23":{"start":{"line":69,"column":24},"end":{"line":77,"column":6}},"24":{"start":{"line":80,"column":4},"end":{"line":80,"column":88}},"25":{"start":{"line":81,"column":4},"end":{"line":81,"column":53}},"26":{"start":{"line":83,"column":4},"end":{"line":89,"column":7}},"27":{"start":{"line":91,"column":4},"end":{"line":91,"column":54}},"28":{"start":{"line":92,"column":4},"end":{"line":95,"column":7}},"29":{"start":{"line":100,"column":28},"end":{"line":165,"column":1}},"30":{"start":{"line":101,"column":2},"end":{"line":164,"column":3}},"31":{"start":{"line":103,"column":29},"end":{"line":103,"column":75}},"32":{"start":{"line":104,"column":4},"end":{"line":109,"column":5}},"33":{"start":{"line":105,"column":6},"end":{"line":108,"column":9}},"34":{"start":{"line":111,"column":65},"end":{"line":111,"column":70}},"35":{"start":{"line":114,"column":19},"end":{"line":114,"column":40}},"36":{"start":{"line":116,"column":4},"end":{"line":118,"column":5}},"37":{"start":{"line":117,"column":6},"end":{"line":117,"column":29}},"38":{"start":{"line":120,"column":4},"end":{"line":124,"column":5}},"39":{"start":{"line":121,"column":6},"end":{"line":121,"column":28}},"40":{"start":{"line":122,"column":6},"end":{"line":122,"column":55}},"41":{"start":{"line":122,"column":16},"end":{"line":122,"column":55}},"42":{"start":{"line":123,"column":6},"end":{"line":123,"column":51}},"43":{"start":{"line":123,"column":14},"end":{"line":123,"column":51}},"44":{"start":{"line":127,"column":17},"end":{"line":127,"column":35}},"45":{"start":{"line":130,"column":17},"end":{"line":130,"column":19}},"46":{"start":{"line":131,"column":4},"end":{"line":131,"column":49}},"47":{"start":{"line":134,"column":25},"end":{"line":138,"column":19}},"48":{"start":{"line":141,"column":18},"end":{"line":141,"column":58}},"49":{"start":{"line":142,"column":23},"end":{"line":142,"column":47}},"50":{"start":{"line":144,"column":4},"end":{"line":157,"column":7}},"51":{"start":{"line":159,"column":4},"end":{"line":159,"column":57}},"52":{"start":{"line":160,"column":4},"end":{"line":163,"column":7}},"53":{"start":{"line":168,"column":27},"end":{"line":202,"column":1}},"54":{"start":{"line":169,"column":2},"end":{"line":201,"column":3}},"55":{"start":{"line":170,"column":24},"end":{"line":172,"column":37}},"56":{"start":{"line":174,"column":4},"end":{"line":179,"column":5}},"57":{"start":{"line":175,"column":6},"end":{"line":178,"column":9}},"58":{"start":{"line":182,"column":4},"end":{"line":187,"column":5}},"59":{"start":{"line":183,"column":6},"end":{"line":186,"column":9}},"60":{"start":{"line":189,"column":4},"end":{"line":194,"column":7}},"61":{"start":{"line":196,"column":4},"end":{"line":196,"column":57}},"62":{"start":{"line":197,"column":4},"end":{"line":200,"column":7}},"63":{"start":{"line":205,"column":26},"end":{"line":251,"column":1}},"64":{"start":{"line":206,"column":2},"end":{"line":250,"column":3}},"65":{"start":{"line":207,"column":24},"end":{"line":208,"column":23}},"66":{"start":{"line":210,"column":4},"end":{"line":215,"column":5}},"67":{"start":{"line":211,"column":6},"end":{"line":214,"column":9}},"68":{"start":{"line":218,"column":4},"end":{"line":223,"column":5}},"69":{"start":{"line":219,"column":6},"end":{"line":222,"column":9}},"70":{"start":{"line":226,"column":4},"end":{"line":231,"column":5}},"71":{"start":{"line":227,"column":6},"end":{"line":230,"column":9}},"72":{"start":{"line":234,"column":4},"end":{"line":234,"column":37}},"73":{"start":{"line":235,"column":4},"end":{"line":235,"column":29}},"74":{"start":{"line":237,"column":4},"end":{"line":243,"column":7}},"75":{"start":{"line":245,"column":4},"end":{"line":245,"column":54}},"76":{"start":{"line":246,"column":4},"end":{"line":249,"column":7}},"77":{"start":{"line":254,"column":26},"end":{"line":306,"column":1}},"78":{"start":{"line":255,"column":2},"end":{"line":305,"column":3}},"79":{"start":{"line":256,"column":29},"end":{"line":256,"column":75}},"80":{"start":{"line":257,"column":4},"end":{"line":262,"column":5}},"81":{"start":{"line":258,"column":6},"end":{"line":261,"column":9}},"82":{"start":{"line":264,"column":69},"end":{"line":264,"column":74}},"83":{"start":{"line":267,"column":17},"end":{"line":267,"column":44}},"84":{"start":{"line":268,"column":4},"end":{"line":273,"column":5}},"85":{"start":{"line":269,"column":6},"end":{"line":272,"column":9}},"86":{"start":{"line":276,"column":24},"end":{"line":281,"column":5}},"87":{"start":{"line":283,"column":4},"end":{"line":298,"column":7}},"88":{"start":{"line":300,"column":4},"end":{"line":300,"column":54}},"89":{"start":{"line":301,"column":4},"end":{"line":304,"column":7}},"90":{"start":{"line":309,"column":32},"end":{"line":343,"column":1}},"91":{"start":{"line":310,"column":2},"end":{"line":342,"column":3}},"92":{"start":{"line":311,"column":18},"end":{"line":311,"column":48}},"93":{"start":{"line":314,"column":4},"end":{"line":327,"column":5}},"94":{"start":{"line":316,"column":6},"end":{"line":323,"column":20}},"95":{"start":{"line":326,"column":6},"end":{"line":326,"column":78}},"96":{"start":{"line":329,"column":4},"end":{"line":335,"column":7}},"97":{"start":{"line":337,"column":4},"end":{"line":337,"column":61}},"98":{"start":{"line":338,"column":4},"end":{"line":341,"column":7}},"99":{"start":{"line":348,"column":27},"end":{"line":413,"column":1}},"100":{"start":{"line":349,"column":2},"end":{"line":412,"column":3}},"101":{"start":{"line":350,"column":29},"end":{"line":350,"column":75}},"102":{"start":{"line":351,"column":4},"end":{"line":356,"column":5}},"103":{"start":{"line":352,"column":6},"end":{"line":355,"column":9}},"104":{"start":{"line":358,"column":65},"end":{"line":358,"column":70}},"105":{"start":{"line":361,"column":19},"end":{"line":361,"column":21}},"106":{"start":{"line":363,"column":4},"end":{"line":365,"column":5}},"107":{"start":{"line":364,"column":6},"end":{"line":364,"column":29}},"108":{"start":{"line":367,"column":4},"end":{"line":371,"column":5}},"109":{"start":{"line":368,"column":6},"end":{"line":368,"column":28}},"110":{"start":{"line":369,"column":6},"end":{"line":369,"column":55}},"111":{"start":{"line":369,"column":16},"end":{"line":369,"column":55}},"112":{"start":{"line":370,"column":6},"end":{"line":370,"column":51}},"113":{"start":{"line":370,"column":14},"end":{"line":370,"column":51}},"114":{"start":{"line":374,"column":17},"end":{"line":374,"column":35}},"115":{"start":{"line":377,"column":17},"end":{"line":377,"column":19}},"116":{"start":{"line":378,"column":4},"end":{"line":378,"column":49}},"117":{"start":{"line":381,"column":25},"end":{"line":386,"column":19}},"118":{"start":{"line":389,"column":18},"end":{"line":389,"column":58}},"119":{"start":{"line":390,"column":23},"end":{"line":390,"column":47}},"120":{"start":{"line":392,"column":4},"end":{"line":405,"column":7}},"121":{"start":{"line":407,"column":4},"end":{"line":407,"column":56}},"122":{"start":{"line":408,"column":4},"end":{"line":411,"column":7}},"123":{"start":{"line":416,"column":32},"end":{"line":456,"column":1}},"124":{"start":{"line":417,"column":2},"end":{"line":455,"column":3}},"125":{"start":{"line":418,"column":23},"end":{"line":418,"column":31}},"126":{"start":{"line":420,"column":4},"end":{"line":425,"column":5}},"127":{"start":{"line":421,"column":6},"end":{"line":424,"column":9}},"128":{"start":{"line":427,"column":24},"end":{"line":433,"column":35}},"129":{"start":{"line":435,"column":4},"end":{"line":440,"column":5}},"130":{"start":{"line":436,"column":6},"end":{"line":439,"column":9}},"131":{"start":{"line":442,"column":4},"end":{"line":448,"column":7}},"132":{"start":{"line":450,"column":4},"end":{"line":450,"column":61}},"133":{"start":{"line":451,"column":4},"end":{"line":454,"column":7}},"134":{"start":{"line":459,"column":31},"end":{"line":490,"column":1}},"135":{"start":{"line":460,"column":2},"end":{"line":489,"column":3}},"136":{"start":{"line":461,"column":24},"end":{"line":463,"column":37}},"137":{"start":{"line":465,"column":4},"end":{"line":470,"column":5}},"138":{"start":{"line":466,"column":6},"end":{"line":469,"column":9}},"139":{"start":{"line":473,"column":4},"end":{"line":473,"column":37}},"140":{"start":{"line":474,"column":4},"end":{"line":474,"column":29}},"141":{"start":{"line":476,"column":4},"end":{"line":482,"column":7}},"142":{"start":{"line":484,"column":4},"end":{"line":484,"column":60}},"143":{"start":{"line":485,"column":4},"end":{"line":488,"column":7}},"144":{"start":{"line":493,"column":28},"end":{"line":544,"column":1}},"145":{"start":{"line":494,"column":2},"end":{"line":543,"column":3}},"146":{"start":{"line":495,"column":30},"end":{"line":495,"column":64}},"147":{"start":{"line":496,"column":34},"end":{"line":496,"column":91}},"148":{"start":{"line":497,"column":32},"end":{"line":497,"column":87}},"149":{"start":{"line":498,"column":34},"end":{"line":498,"column":91}},"150":{"start":{"line":499,"column":34},"end":{"line":499,"column":91}},"151":{"start":{"line":502,"column":18},"end":{"line":502,"column":28}},"152":{"start":{"line":503,"column":4},"end":{"line":503,"column":31}},"153":{"start":{"line":504,"column":21},"end":{"line":504,"column":36}},"154":{"start":{"line":505,"column":4},"end":{"line":505,"column":45}},"155":{"start":{"line":507,"column":31},"end":{"line":510,"column":6}},"156":{"start":{"line":513,"column":22},"end":{"line":513,"column":37}},"157":{"start":{"line":514,"column":4},"end":{"line":514,"column":64}},"158":{"start":{"line":515,"column":20},"end":{"line":515,"column":39}},"159":{"start":{"line":516,"column":4},"end":{"line":516,"column":43}},"160":{"start":{"line":518,"column":31},"end":{"line":520,"column":6}},"161":{"start":{"line":522,"column":4},"end":{"line":536,"column":7}},"162":{"start":{"line":538,"column":4},"end":{"line":538,"column":57}},"163":{"start":{"line":539,"column":4},"end":{"line":542,"column":7}},"164":{"start":{"line":547,"column":30},"end":{"line":584,"column":1}},"165":{"start":{"line":548,"column":2},"end":{"line":583,"column":3}},"166":{"start":{"line":549,"column":23},"end":{"line":549,"column":33}},"167":{"start":{"line":550,"column":33},"end":{"line":550,"column":42}},"168":{"start":{"line":553,"column":19},"end":{"line":553,"column":35}},"169":{"start":{"line":555,"column":4},"end":{"line":557,"column":5}},"170":{"start":{"line":556,"column":6},"end":{"line":556,"column":29}},"171":{"start":{"line":559,"column":4},"end":{"line":563,"column":5}},"172":{"start":{"line":560,"column":6},"end":{"line":560,"column":28}},"173":{"start":{"line":561,"column":6},"end":{"line":561,"column":55}},"174":{"start":{"line":561,"column":16},"end":{"line":561,"column":55}},"175":{"start":{"line":562,"column":6},"end":{"line":562,"column":51}},"176":{"start":{"line":562,"column":14},"end":{"line":562,"column":51}},"177":{"start":{"line":565,"column":25},"end":{"line":568,"column":29}},"178":{"start":{"line":570,"column":4},"end":{"line":576,"column":7}},"179":{"start":{"line":578,"column":4},"end":{"line":578,"column":60}},"180":{"start":{"line":579,"column":4},"end":{"line":582,"column":7}},"181":{"start":{"line":586,"column":0},"end":{"line":599,"column":2}}},"fnMap":{"0":{"name":"(anonymous_0)","decl":{"start":{"line":11,"column":26},"end":{"line":11,"column":27}},"loc":{"start":{"line":11,"column":46},"end":{"line":97,"column":1}},"line":11},"1":{"name":"(anonymous_1)","decl":{"start":{"line":100,"column":28},"end":{"line":100,"column":29}},"loc":{"start":{"line":100,"column":48},"end":{"line":165,"column":1}},"line":100},"2":{"name":"(anonymous_2)","decl":{"start":{"line":168,"column":27},"end":{"line":168,"column":28}},"loc":{"start":{"line":168,"column":47},"end":{"line":202,"column":1}},"line":168},"3":{"name":"(anonymous_3)","decl":{"start":{"line":205,"column":26},"end":{"line":205,"column":27}},"loc":{"start":{"line":205,"column":46},"end":{"line":251,"column":1}},"line":205},"4":{"name":"(anonymous_4)","decl":{"start":{"line":254,"column":26},"end":{"line":254,"column":27}},"loc":{"start":{"line":254,"column":46},"end":{"line":306,"column":1}},"line":254},"5":{"name":"(anonymous_5)","decl":{"start":{"line":309,"column":32},"end":{"line":309,"column":33}},"loc":{"start":{"line":309,"column":52},"end":{"line":343,"column":1}},"line":309},"6":{"name":"(anonymous_6)","decl":{"start":{"line":348,"column":27},"end":{"line":348,"column":28}},"loc":{"start":{"line":348,"column":47},"end":{"line":413,"column":1}},"line":348},"7":{"name":"(anonymous_7)","decl":{"start":{"line":416,"column":32},"end":{"line":416,"column":33}},"loc":{"start":{"line":416,"column":52},"end":{"line":456,"column":1}},"line":416},"8":{"name":"(anonymous_8)","decl":{"start":{"line":459,"column":31},"end":{"line":459,"column":32}},"loc":{"start":{"line":459,"column":51},"end":{"line":490,"column":1}},"line":459},"9":{"name":"(anonymous_9)","decl":{"start":{"line":493,"column":28},"end":{"line":493,"column":29}},"loc":{"start":{"line":493,"column":48},"end":{"line":544,"column":1}},"line":493},"10":{"name":"(anonymous_10)","decl":{"start":{"line":547,"column":30},"end":{"line":547,"column":31}},"loc":{"start":{"line":547,"column":50},"end":{"line":584,"column":1}},"line":547}},"branchMap":{"0":{"loc":{"start":{"line":15,"column":4},"end":{"line":20,"column":5}},"type":"if","locations":[{"start":{"line":15,"column":4},"end":{"line":20,"column":5}},{"start":{},"end":{}}],"line":15},"1":{"loc":{"start":{"line":26,"column":4},"end":{"line":31,"column":5}},"type":"if","locations":[{"start":{"line":26,"column":4},"end":{"line":31,"column":5}},{"start":{},"end":{}}],"line":26},"2":{"loc":{"start":{"line":26,"column":8},"end":{"line":26,"column":31}},"type":"binary-expr","locations":[{"start":{"line":26,"column":8},"end":{"line":26,"column":13}},{"start":{"line":26,"column":17},"end":{"line":26,"column":31}}],"line":26},"3":{"loc":{"start":{"line":34,"column":4},"end":{"line":39,"column":5}},"type":"if","locations":[{"start":{"line":34,"column":4},"end":{"line":39,"column":5}},{"start":{},"end":{}}],"line":34},"4":{"loc":{"start":{"line":43,"column":4},"end":{"line":48,"column":5}},"type":"if","locations":[{"start":{"line":43,"column":4},"end":{"line":48,"column":5}},{"start":{},"end":{}}],"line":43},"5":{"loc":{"start":{"line":53,"column":4},"end":{"line":58,"column":5}},"type":"if","locations":[{"start":{"line":53,"column":4},"end":{"line":58,"column":5}},{"start":{},"end":{}}],"line":53},"6":{"loc":{"start":{"line":61,"column":4},"end":{"line":66,"column":5}},"type":"if","locations":[{"start":{"line":61,"column":4},"end":{"line":66,"column":5}},{"start":{},"end":{}}],"line":61},"7":{"loc":{"start":{"line":104,"column":4},"end":{"line":109,"column":5}},"type":"if","locations":[{"start":{"line":104,"column":4},"end":{"line":109,"column":5}},{"start":{},"end":{}}],"line":104},"8":{"loc":{"start":{"line":116,"column":4},"end":{"line":118,"column":5}},"type":"if","locations":[{"start":{"line":116,"column":4},"end":{"line":118,"column":5}},{"start":{},"end":{}}],"line":116},"9":{"loc":{"start":{"line":120,"column":4},"end":{"line":124,"column":5}},"type":"if","locations":[{"start":{"line":120,"column":4},"end":{"line":124,"column":5}},{"start":{},"end":{}}],"line":120},"10":{"loc":{"start":{"line":120,"column":8},"end":{"line":120,"column":18}},"type":"binary-expr","locations":[{"start":{"line":120,"column":8},"end":{"line":120,"column":12}},{"start":{"line":120,"column":16},"end":{"line":120,"column":18}}],"line":120},"11":{"loc":{"start":{"line":122,"column":6},"end":{"line":122,"column":55}},"type":"if","locations":[{"start":{"line":122,"column":6},"end":{"line":122,"column":55}},{"start":{},"end":{}}],"line":122},"12":{"loc":{"start":{"line":123,"column":6},"end":{"line":123,"column":51}},"type":"if","locations":[{"start":{"line":123,"column":6},"end":{"line":123,"column":51}},{"start":{},"end":{}}],"line":123},"13":{"loc":{"start":{"line":131,"column":19},"end":{"line":131,"column":48}},"type":"cond-expr","locations":[{"start":{"line":131,"column":42},"end":{"line":131,"column":44}},{"start":{"line":131,"column":47},"end":{"line":131,"column":48}}],"line":131},"14":{"loc":{"start":{"line":174,"column":4},"end":{"line":179,"column":5}},"type":"if","locations":[{"start":{"line":174,"column":4},"end":{"line":179,"column":5}},{"start":{},"end":{}}],"line":174},"15":{"loc":{"start":{"line":182,"column":4},"end":{"line":187,"column":5}},"type":"if","locations":[{"start":{"line":182,"column":4},"end":{"line":187,"column":5}},{"start":{},"end":{}}],"line":182},"16":{"loc":{"start":{"line":182,"column":8},"end":{"line":182,"column":84}},"type":"binary-expr","locations":[{"start":{"line":182,"column":8},"end":{"line":182,"column":33}},{"start":{"line":182,"column":37},"end":{"line":182,"column":84}}],"line":182},"17":{"loc":{"start":{"line":210,"column":4},"end":{"line":215,"column":5}},"type":"if","locations":[{"start":{"line":210,"column":4},"end":{"line":215,"column":5}},{"start":{},"end":{}}],"line":210},"18":{"loc":{"start":{"line":218,"column":4},"end":{"line":223,"column":5}},"type":"if","locations":[{"start":{"line":218,"column":4},"end":{"line":223,"column":5}},{"start":{},"end":{}}],"line":218},"19":{"loc":{"start":{"line":218,"column":8},"end":{"line":218,"column":80}},"type":"binary-expr","locations":[{"start":{"line":218,"column":8},"end":{"line":218,"column":33}},{"start":{"line":218,"column":37},"end":{"line":218,"column":80}}],"line":218},"20":{"loc":{"start":{"line":226,"column":4},"end":{"line":231,"column":5}},"type":"if","locations":[{"start":{"line":226,"column":4},"end":{"line":231,"column":5}},{"start":{},"end":{}}],"line":226},"21":{"loc":{"start":{"line":226,"column":8},"end":{"line":226,"column":66}},"type":"binary-expr","locations":[{"start":{"line":226,"column":8},"end":{"line":226,"column":33}},{"start":{"line":226,"column":37},"end":{"line":226,"column":66}}],"line":226},"22":{"loc":{"start":{"line":257,"column":4},"end":{"line":262,"column":5}},"type":"if","locations":[{"start":{"line":257,"column":4},"end":{"line":262,"column":5}},{"start":{},"end":{}}],"line":257},"23":{"loc":{"start":{"line":268,"column":4},"end":{"line":273,"column":5}},"type":"if","locations":[{"start":{"line":268,"column":4},"end":{"line":273,"column":5}},{"start":{},"end":{}}],"line":268},"24":{"loc":{"start":{"line":268,"column":8},"end":{"line":268,"column":31}},"type":"binary-expr","locations":[{"start":{"line":268,"column":8},"end":{"line":268,"column":13}},{"start":{"line":268,"column":17},"end":{"line":268,"column":31}}],"line":268},"25":{"loc":{"start":{"line":311,"column":18},"end":{"line":311,"column":48}},"type":"binary-expr","locations":[{"start":{"line":311,"column":18},"end":{"line":311,"column":43}},{"start":{"line":311,"column":47},"end":{"line":311,"column":48}}],"line":311},"26":{"loc":{"start":{"line":314,"column":4},"end":{"line":327,"column":5}},"type":"if","locations":[{"start":{"line":314,"column":4},"end":{"line":327,"column":5}},{"start":{"line":324,"column":11},"end":{"line":327,"column":5}}],"line":314},"27":{"loc":{"start":{"line":351,"column":4},"end":{"line":356,"column":5}},"type":"if","locations":[{"start":{"line":351,"column":4},"end":{"line":356,"column":5}},{"start":{},"end":{}}],"line":351},"28":{"loc":{"start":{"line":363,"column":4},"end":{"line":365,"column":5}},"type":"if","locations":[{"start":{"line":363,"column":4},"end":{"line":365,"column":5}},{"start":{},"end":{}}],"line":363},"29":{"loc":{"start":{"line":367,"column":4},"end":{"line":371,"column":5}},"type":"if","locations":[{"start":{"line":367,"column":4},"end":{"line":371,"column":5}},{"start":{},"end":{}}],"line":367},"30":{"loc":{"start":{"line":367,"column":8},"end":{"line":367,"column":18}},"type":"binary-expr","locations":[{"start":{"line":367,"column":8},"end":{"line":367,"column":12}},{"start":{"line":367,"column":16},"end":{"line":367,"column":18}}],"line":367},"31":{"loc":{"start":{"line":369,"column":6},"end":{"line":369,"column":55}},"type":"if","locations":[{"start":{"line":369,"column":6},"end":{"line":369,"column":55}},{"start":{},"end":{}}],"line":369},"32":{"loc":{"start":{"line":370,"column":6},"end":{"line":370,"column":51}},"type":"if","locations":[{"start":{"line":370,"column":6},"end":{"line":370,"column":51}},{"start":{},"end":{}}],"line":370},"33":{"loc":{"start":{"line":378,"column":19},"end":{"line":378,"column":48}},"type":"cond-expr","locations":[{"start":{"line":378,"column":42},"end":{"line":378,"column":44}},{"start":{"line":378,"column":47},"end":{"line":378,"column":48}}],"line":378},"34":{"loc":{"start":{"line":420,"column":4},"end":{"line":425,"column":5}},"type":"if","locations":[{"start":{"line":420,"column":4},"end":{"line":425,"column":5}},{"start":{},"end":{}}],"line":420},"35":{"loc":{"start":{"line":435,"column":4},"end":{"line":440,"column":5}},"type":"if","locations":[{"start":{"line":435,"column":4},"end":{"line":440,"column":5}},{"start":{},"end":{}}],"line":435},"36":{"loc":{"start":{"line":465,"column":4},"end":{"line":470,"column":5}},"type":"if","locations":[{"start":{"line":465,"column":4},"end":{"line":470,"column":5}},{"start":{},"end":{}}],"line":465},"37":{"loc":{"start":{"line":555,"column":4},"end":{"line":557,"column":5}},"type":"if","locations":[{"start":{"line":555,"column":4},"end":{"line":557,"column":5}},{"start":{},"end":{}}],"line":555},"38":{"loc":{"start":{"line":559,"column":4},"end":{"line":563,"column":5}},"type":"if","locations":[{"start":{"line":559,"column":4},"end":{"line":563,"column":5}},{"start":{},"end":{}}],"line":559},"39":{"loc":{"start":{"line":559,"column":8},"end":{"line":559,"column":18}},"type":"binary-expr","locations":[{"start":{"line":559,"column":8},"end":{"line":559,"column":12}},{"start":{"line":559,"column":16},"end":{"line":559,"column":18}}],"line":559},"40":{"loc":{"start":{"line":561,"column":6},"end":{"line":561,"column":55}},"type":"if","locations":[{"start":{"line":561,"column":6},"end":{"line":561,"column":55}},{"start":{},"end":{}}],"line":561},"41":{"loc":{"start":{"line":562,"column":6},"end":{"line":562,"column":51}},"type":"if","locations":[{"start":{"line":562,"column":6},"end":{"line":562,"column":51}},{"start":{},"end":{}}],"line":562}},"s":{"0":9,"1":9,"2":9,"3":9,"4":11,"5":11,"6":11,"7":1,"8":10,"9":10,"10":10,"11":1,"12":9,"13":2,"14":7,"15":7,"16":2,"17":5,"18":5,"19":5,"20":1,"21":4,"22":1,"23":3,"24":2,"25":2,"26":2,"27":1,"28":1,"29":9,"30":3,"31":3,"32":3,"33":0,"34":3,"35":3,"36":3,"37":0,"38":3,"39":0,"40":0,"41":0,"42":0,"43":0,"44":3,"45":3,"46":3,"47":3,"48":2,"49":2,"50":2,"51":1,"52":1,"53":9,"54":4,"55":4,"56":3,"57":1,"58":2,"59":1,"60":1,"61":1,"62":1,"63":9,"64":7,"65":7,"66":7,"67":2,"68":5,"69":1,"70":4,"71":1,"72":3,"73":3,"74":3,"75":0,"76":0,"77":9,"78":1,"79":1,"80":1,"81":0,"82":1,"83":1,"84":1,"85":0,"86":1,"87":1,"88":0,"89":0,"90":9,"91":2,"92":2,"93":2,"94":0,"95":2,"96":1,"97":1,"98":1,"99":9,"100":3,"101":3,"102":3,"103":1,"104":2,"105":2,"106":2,"107":1,"108":2,"109":1,"110":1,"111":1,"112":1,"113":0,"114":2,"115":2,"116":2,"117":2,"118":2,"119":2,"120":2,"121":0,"122":0,"123":9,"124":3,"125":3,"126":3,"127":1,"128":2,"129":2,"130":1,"131":1,"132":0,"133":0,"134":9,"135":2,"136":2,"137":2,"138":0,"139":2,"140":2,"141":2,"142":0,"143":0,"144":9,"145":1,"146":1,"147":1,"148":1,"149":1,"150":1,"151":1,"152":1,"153":1,"154":1,"155":1,"156":1,"157":1,"158":1,"159":1,"160":1,"161":1,"162":0,"163":0,"164":9,"165":3,"166":3,"167":3,"168":3,"169":3,"170":1,"171":3,"172":1,"173":1,"174":1,"175":1,"176":0,"177":3,"178":2,"179":1,"180":1,"181":9},"f":{"0":11,"1":3,"2":4,"3":7,"4":1,"5":2,"6":3,"7":3,"8":2,"9":1,"10":3},"b":{"0":[1,10],"1":[1,9],"2":[10,9],"3":[2,7],"4":[2,5],"5":[1,4],"6":[1,3],"7":[0,3],"8":[0,3],"9":[0,3],"10":[3,3],"11":[0,0],"12":[0,0],"13":[0,3],"14":[1,2],"15":[1,1],"16":[2,2],"17":[2,5],"18":[1,4],"19":[5,4],"20":[1,3],"21":[4,3],"22":[0,1],"23":[0,1],"24":[1,1],"25":[2,2],"26":[0,2],"27":[1,2],"28":[1,1],"29":[1,1],"30":[2,1],"31":[1,0],"32":[0,1],"33":[1,1],"34":[1,2],"35":[1,1],"36":[0,2],"37":[1,2],"38":[1,2],"39":[3,2],"40":[1,0],"41":[0,1]},"_coverageSchema":"1a1c01bbd47fc00a2c39e90264f33305004495a9","hash":"1f9ddb0cfa23ce914115e80aa4c676f8f3110914"}
,"/Users/avinash/Desktop/titanDeploy/backend/controllers/roomController.js": {"path":"/Users/avinash/Desktop/titanDeploy/backend/controllers/roomController.js","statementMap":{"0":{"start":{"line":1,"column":13},"end":{"line":1,"column":38}},"1":{"start":{"line":6,"column":4},"end":{"line":6,"column":35}},"2":{"start":{"line":9,"column":19},"end":{"line":56,"column":1}},"3":{"start":{"line":10,"column":2},"end":{"line":55,"column":3}},"4":{"start":{"line":12,"column":29},"end":{"line":12,"column":68}},"5":{"start":{"line":13,"column":4},"end":{"line":18,"column":5}},"6":{"start":{"line":14,"column":6},"end":{"line":17,"column":9}},"7":{"start":{"line":21,"column":25},"end":{"line":24,"column":6}},"8":{"start":{"line":26,"column":4},"end":{"line":31,"column":5}},"9":{"start":{"line":27,"column":6},"end":{"line":30,"column":9}},"10":{"start":{"line":34,"column":17},"end":{"line":37,"column":6}},"11":{"start":{"line":40,"column":4},"end":{"line":40,"column":51}},"12":{"start":{"line":42,"column":4},"end":{"line":48,"column":7}},"13":{"start":{"line":50,"column":4},"end":{"line":50,"column":47}},"14":{"start":{"line":51,"column":4},"end":{"line":54,"column":7}},"15":{"start":{"line":59,"column":20},"end":{"line":159,"column":1}},"16":{"start":{"line":60,"column":2},"end":{"line":158,"column":3}},"17":{"start":{"line":62,"column":29},"end":{"line":62,"column":68}},"18":{"start":{"line":63,"column":4},"end":{"line":68,"column":5}},"19":{"start":{"line":64,"column":6},"end":{"line":67,"column":9}},"20":{"start":{"line":82,"column":8},"end":{"line":82,"column":13}},"21":{"start":{"line":85,"column":19},"end":{"line":85,"column":37}},"22":{"start":{"line":88,"column":4},"end":{"line":93,"column":5}},"23":{"start":{"line":89,"column":6},"end":{"line":92,"column":8}},"24":{"start":{"line":96,"column":4},"end":{"line":100,"column":5}},"25":{"start":{"line":97,"column":6},"end":{"line":97,"column":27}},"26":{"start":{"line":98,"column":6},"end":{"line":98,"column":58}},"27":{"start":{"line":98,"column":23},"end":{"line":98,"column":58}},"28":{"start":{"line":99,"column":6},"end":{"line":99,"column":58}},"29":{"start":{"line":99,"column":23},"end":{"line":99,"column":58}},"30":{"start":{"line":103,"column":4},"end":{"line":107,"column":5}},"31":{"start":{"line":104,"column":6},"end":{"line":104,"column":31}},"32":{"start":{"line":105,"column":6},"end":{"line":105,"column":56}},"33":{"start":{"line":105,"column":20},"end":{"line":105,"column":56}},"34":{"start":{"line":106,"column":6},"end":{"line":106,"column":56}},"35":{"start":{"line":106,"column":20},"end":{"line":106,"column":56}},"36":{"start":{"line":110,"column":4},"end":{"line":112,"column":5}},"37":{"start":{"line":111,"column":6},"end":{"line":111,"column":72}},"38":{"start":{"line":115,"column":4},"end":{"line":118,"column":5}},"39":{"start":{"line":116,"column":29},"end":{"line":116,"column":68}},"40":{"start":{"line":116,"column":59},"end":{"line":116,"column":67}},"41":{"start":{"line":117,"column":6},"end":{"line":117,"column":49}},"42":{"start":{"line":121,"column":17},"end":{"line":121,"column":35}},"43":{"start":{"line":124,"column":17},"end":{"line":124,"column":19}},"44":{"start":{"line":125,"column":4},"end":{"line":125,"column":49}},"45":{"start":{"line":128,"column":18},"end":{"line":132,"column":19}},"46":{"start":{"line":135,"column":18},"end":{"line":135,"column":51}},"47":{"start":{"line":136,"column":23},"end":{"line":136,"column":47}},"48":{"start":{"line":138,"column":4},"end":{"line":151,"column":7}},"49":{"start":{"line":153,"column":4},"end":{"line":153,"column":49}},"50":{"start":{"line":154,"column":4},"end":{"line":157,"column":7}},"51":{"start":{"line":162,"column":20},"end":{"line":187,"column":1}},"52":{"start":{"line":163,"column":2},"end":{"line":186,"column":3}},"53":{"start":{"line":164,"column":17},"end":{"line":165,"column":42}},"54":{"start":{"line":167,"column":4},"end":{"line":172,"column":5}},"55":{"start":{"line":168,"column":6},"end":{"line":171,"column":9}},"56":{"start":{"line":174,"column":4},"end":{"line":179,"column":7}},"57":{"start":{"line":181,"column":4},"end":{"line":181,"column":50}},"58":{"start":{"line":182,"column":4},"end":{"line":185,"column":7}},"59":{"start":{"line":190,"column":19},"end":{"line":247,"column":1}},"60":{"start":{"line":191,"column":2},"end":{"line":246,"column":3}},"61":{"start":{"line":193,"column":29},"end":{"line":193,"column":68}},"62":{"start":{"line":194,"column":4},"end":{"line":199,"column":5}},"63":{"start":{"line":195,"column":6},"end":{"line":198,"column":9}},"64":{"start":{"line":202,"column":17},"end":{"line":202,"column":51}},"65":{"start":{"line":203,"column":4},"end":{"line":208,"column":5}},"66":{"start":{"line":204,"column":6},"end":{"line":207,"column":9}},"67":{"start":{"line":211,"column":4},"end":{"line":224,"column":5}},"68":{"start":{"line":212,"column":27},"end":{"line":216,"column":8}},"69":{"start":{"line":218,"column":6},"end":{"line":223,"column":7}},"70":{"start":{"line":219,"column":8},"end":{"line":222,"column":11}},"71":{"start":{"line":227,"column":24},"end":{"line":231,"column":41}},"72":{"start":{"line":233,"column":4},"end":{"line":239,"column":7}},"73":{"start":{"line":241,"column":4},"end":{"line":241,"column":47}},"74":{"start":{"line":242,"column":4},"end":{"line":245,"column":7}},"75":{"start":{"line":250,"column":19},"end":{"line":276,"column":1}},"76":{"start":{"line":251,"column":2},"end":{"line":275,"column":3}},"77":{"start":{"line":252,"column":17},"end":{"line":252,"column":51}},"78":{"start":{"line":254,"column":4},"end":{"line":259,"column":5}},"79":{"start":{"line":255,"column":6},"end":{"line":258,"column":9}},"80":{"start":{"line":262,"column":4},"end":{"line":262,"column":26}},"81":{"start":{"line":263,"column":4},"end":{"line":263,"column":22}},"82":{"start":{"line":265,"column":4},"end":{"line":268,"column":7}},"83":{"start":{"line":270,"column":4},"end":{"line":270,"column":47}},"84":{"start":{"line":271,"column":4},"end":{"line":274,"column":7}},"85":{"start":{"line":279,"column":27},"end":{"line":310,"column":1}},"86":{"start":{"line":280,"column":2},"end":{"line":309,"column":3}},"87":{"start":{"line":281,"column":25},"end":{"line":281,"column":35}},"88":{"start":{"line":283,"column":24},"end":{"line":283,"column":37}},"89":{"start":{"line":284,"column":24},"end":{"line":284,"column":37}},"90":{"start":{"line":286,"column":4},"end":{"line":291,"column":5}},"91":{"start":{"line":287,"column":6},"end":{"line":290,"column":9}},"92":{"start":{"line":293,"column":18},"end":{"line":294,"column":42}},"93":{"start":{"line":296,"column":4},"end":{"line":302,"column":7}},"94":{"start":{"line":304,"column":4},"end":{"line":304,"column":57}},"95":{"start":{"line":305,"column":4},"end":{"line":308,"column":7}},"96":{"start":{"line":312,"column":0},"end":{"line":319,"column":2}}},"fnMap":{"0":{"name":"(anonymous_0)","decl":{"start":{"line":9,"column":19},"end":{"line":9,"column":20}},"loc":{"start":{"line":9,"column":39},"end":{"line":56,"column":1}},"line":9},"1":{"name":"(anonymous_1)","decl":{"start":{"line":59,"column":20},"end":{"line":59,"column":21}},"loc":{"start":{"line":59,"column":40},"end":{"line":159,"column":1}},"line":59},"2":{"name":"(anonymous_2)","decl":{"start":{"line":116,"column":54},"end":{"line":116,"column":55}},"loc":{"start":{"line":116,"column":59},"end":{"line":116,"column":67}},"line":116},"3":{"name":"(anonymous_3)","decl":{"start":{"line":162,"column":20},"end":{"line":162,"column":21}},"loc":{"start":{"line":162,"column":40},"end":{"line":187,"column":1}},"line":162},"4":{"name":"(anonymous_4)","decl":{"start":{"line":190,"column":19},"end":{"line":190,"column":20}},"loc":{"start":{"line":190,"column":39},"end":{"line":247,"column":1}},"line":190},"5":{"name":"(anonymous_5)","decl":{"start":{"line":250,"column":19},"end":{"line":250,"column":20}},"loc":{"start":{"line":250,"column":39},"end":{"line":276,"column":1}},"line":250},"6":{"name":"(anonymous_6)","decl":{"start":{"line":279,"column":27},"end":{"line":279,"column":28}},"loc":{"start":{"line":279,"column":47},"end":{"line":310,"column":1}},"line":279}},"branchMap":{"0":{"loc":{"start":{"line":13,"column":4},"end":{"line":18,"column":5}},"type":"if","locations":[{"start":{"line":13,"column":4},"end":{"line":18,"column":5}},{"start":{},"end":{}}],"line":13},"1":{"loc":{"start":{"line":26,"column":4},"end":{"line":31,"column":5}},"type":"if","locations":[{"start":{"line":26,"column":4},"end":{"line":31,"column":5}},{"start":{},"end":{}}],"line":26},"2":{"loc":{"start":{"line":63,"column":4},"end":{"line":68,"column":5}},"type":"if","locations":[{"start":{"line":63,"column":4},"end":{"line":68,"column":5}},{"start":{},"end":{}}],"line":63},"3":{"loc":{"start":{"line":88,"column":4},"end":{"line":93,"column":5}},"type":"if","locations":[{"start":{"line":88,"column":4},"end":{"line":93,"column":5}},{"start":{},"end":{}}],"line":88},"4":{"loc":{"start":{"line":96,"column":4},"end":{"line":100,"column":5}},"type":"if","locations":[{"start":{"line":96,"column":4},"end":{"line":100,"column":5}},{"start":{},"end":{}}],"line":96},"5":{"loc":{"start":{"line":96,"column":8},"end":{"line":96,"column":34}},"type":"binary-expr","locations":[{"start":{"line":96,"column":8},"end":{"line":96,"column":19}},{"start":{"line":96,"column":23},"end":{"line":96,"column":34}}],"line":96},"6":{"loc":{"start":{"line":98,"column":6},"end":{"line":98,"column":58}},"type":"if","locations":[{"start":{"line":98,"column":6},"end":{"line":98,"column":58}},{"start":{},"end":{}}],"line":98},"7":{"loc":{"start":{"line":99,"column":6},"end":{"line":99,"column":58}},"type":"if","locations":[{"start":{"line":99,"column":6},"end":{"line":99,"column":58}},{"start":{},"end":{}}],"line":99},"8":{"loc":{"start":{"line":103,"column":4},"end":{"line":107,"column":5}},"type":"if","locations":[{"start":{"line":103,"column":4},"end":{"line":107,"column":5}},{"start":{},"end":{}}],"line":103},"9":{"loc":{"start":{"line":103,"column":8},"end":{"line":103,"column":28}},"type":"binary-expr","locations":[{"start":{"line":103,"column":8},"end":{"line":103,"column":16}},{"start":{"line":103,"column":20},"end":{"line":103,"column":28}}],"line":103},"10":{"loc":{"start":{"line":105,"column":6},"end":{"line":105,"column":56}},"type":"if","locations":[{"start":{"line":105,"column":6},"end":{"line":105,"column":56}},{"start":{},"end":{}}],"line":105},"11":{"loc":{"start":{"line":106,"column":6},"end":{"line":106,"column":56}},"type":"if","locations":[{"start":{"line":106,"column":6},"end":{"line":106,"column":56}},{"start":{},"end":{}}],"line":106},"12":{"loc":{"start":{"line":110,"column":4},"end":{"line":112,"column":5}},"type":"if","locations":[{"start":{"line":110,"column":4},"end":{"line":112,"column":5}},{"start":{},"end":{}}],"line":110},"13":{"loc":{"start":{"line":115,"column":4},"end":{"line":118,"column":5}},"type":"if","locations":[{"start":{"line":115,"column":4},"end":{"line":118,"column":5}},{"start":{},"end":{}}],"line":115},"14":{"loc":{"start":{"line":125,"column":19},"end":{"line":125,"column":48}},"type":"cond-expr","locations":[{"start":{"line":125,"column":42},"end":{"line":125,"column":44}},{"start":{"line":125,"column":47},"end":{"line":125,"column":48}}],"line":125},"15":{"loc":{"start":{"line":167,"column":4},"end":{"line":172,"column":5}},"type":"if","locations":[{"start":{"line":167,"column":4},"end":{"line":172,"column":5}},{"start":{},"end":{}}],"line":167},"16":{"loc":{"start":{"line":194,"column":4},"end":{"line":199,"column":5}},"type":"if","locations":[{"start":{"line":194,"column":4},"end":{"line":199,"column":5}},{"start":{},"end":{}}],"line":194},"17":{"loc":{"start":{"line":203,"column":4},"end":{"line":208,"column":5}},"type":"if","locations":[{"start":{"line":203,"column":4},"end":{"line":208,"column":5}},{"start":{},"end":{}}],"line":203},"18":{"loc":{"start":{"line":211,"column":4},"end":{"line":224,"column":5}},"type":"if","locations":[{"start":{"line":211,"column":4},"end":{"line":224,"column":5}},{"start":{},"end":{}}],"line":211},"19":{"loc":{"start":{"line":211,"column":8},"end":{"line":211,"column":46}},"type":"binary-expr","locations":[{"start":{"line":211,"column":8},"end":{"line":211,"column":18}},{"start":{"line":211,"column":22},"end":{"line":211,"column":46}}],"line":211},"20":{"loc":{"start":{"line":214,"column":29},"end":{"line":214,"column":79}},"type":"binary-expr","locations":[{"start":{"line":214,"column":29},"end":{"line":214,"column":53}},{"start":{"line":214,"column":57},"end":{"line":214,"column":79}}],"line":214},"21":{"loc":{"start":{"line":218,"column":6},"end":{"line":223,"column":7}},"type":"if","locations":[{"start":{"line":218,"column":6},"end":{"line":223,"column":7}},{"start":{},"end":{}}],"line":218},"22":{"loc":{"start":{"line":254,"column":4},"end":{"line":259,"column":5}},"type":"if","locations":[{"start":{"line":254,"column":4},"end":{"line":259,"column":5}},{"start":{},"end":{}}],"line":254},"23":{"loc":{"start":{"line":286,"column":4},"end":{"line":291,"column":5}},"type":"if","locations":[{"start":{"line":286,"column":4},"end":{"line":291,"column":5}},{"start":{},"end":{}}],"line":286},"24":{"loc":{"start":{"line":286,"column":8},"end":{"line":286,"column":96}},"type":"binary-expr","locations":[{"start":{"line":286,"column":8},"end":{"line":286,"column":26}},{"start":{"line":286,"column":30},"end":{"line":286,"column":48}},{"start":{"line":286,"column":52},"end":{"line":286,"column":67}},{"start":{"line":286,"column":71},"end":{"line":286,"column":96}}],"line":286}},"s":{"0":9,"1":9,"2":9,"3":6,"4":6,"5":6,"6":1,"7":5,"8":4,"9":1,"10":3,"11":3,"12":3,"13":1,"14":1,"15":9,"16":6,"17":6,"18":6,"19":0,"20":6,"21":6,"22":6,"23":0,"24":6,"25":2,"26":2,"27":2,"28":2,"29":1,"30":6,"31":1,"32":1,"33":0,"34":1,"35":1,"36":6,"37":0,"38":6,"39":1,"40":2,"41":1,"42":6,"43":6,"44":6,"45":6,"46":6,"47":6,"48":6,"49":0,"50":0,"51":9,"52":4,"53":4,"54":3,"55":2,"56":1,"57":1,"58":1,"59":9,"60":7,"61":7,"62":7,"63":1,"64":6,"65":5,"66":2,"67":3,"68":3,"69":3,"70":2,"71":1,"72":1,"73":1,"74":1,"75":9,"76":4,"77":4,"78":3,"79":2,"80":1,"81":1,"82":1,"83":1,"84":1,"85":9,"86":3,"87":3,"88":3,"89":3,"90":3,"91":1,"92":2,"93":1,"94":1,"95":1,"96":9},"f":{"0":6,"1":6,"2":2,"3":4,"4":7,"5":4,"6":3},"b":{"0":[1,5],"1":[1,3],"2":[0,6],"3":[0,6],"4":[2,4],"5":[6,4],"6":[2,0],"7":[1,1],"8":[1,5],"9":[6,6],"10":[0,1],"11":[1,0],"12":[0,6],"13":[1,5],"14":[0,6],"15":[2,1],"16":[1,6],"17":[2,3],"18":[3,0],"19":[3,3],"20":[3,1],"21":[2,1],"22":[2,1],"23":[1,2],"24":[3,3,3,3]},"_coverageSchema":"1a1c01bbd47fc00a2c39e90264f33305004495a9","hash":"3614659fe4c4c33d521e1fe835b66d02748bc4db"}
,"/Users/avinash/Desktop/titanDeploy/backend/controllers/userController.js": {"path":"/Users/avinash/Desktop/titanDeploy/backend/controllers/userController.js","statementMap":{"0":{"start":{"line":1,"column":13},"end":{"line":1,"column":38}},"1":{"start":{"line":9,"column":4},"end":{"line":9,"column":35}},"2":{"start":{"line":10,"column":48},"end":{"line":10,"column":71}},"3":{"start":{"line":11,"column":15},"end":{"line":11,"column":32}},"4":{"start":{"line":14,"column":17},"end":{"line":57,"column":1}},"5":{"start":{"line":15,"column":2},"end":{"line":56,"column":3}},"6":{"start":{"line":17,"column":29},"end":{"line":17,"column":66}},"7":{"start":{"line":18,"column":4},"end":{"line":23,"column":5}},"8":{"start":{"line":19,"column":6},"end":{"line":22,"column":9}},"9":{"start":{"line":26,"column":25},"end":{"line":26,"column":67}},"10":{"start":{"line":27,"column":4},"end":{"line":32,"column":5}},"11":{"start":{"line":28,"column":6},"end":{"line":31,"column":9}},"12":{"start":{"line":35,"column":17},"end":{"line":35,"column":41}},"13":{"start":{"line":38,"column":18},"end":{"line":38,"column":66}},"14":{"start":{"line":39,"column":25},"end":{"line":39,"column":63}},"15":{"start":{"line":41,"column":4},"end":{"line":49,"column":7}},"16":{"start":{"line":51,"column":4},"end":{"line":51,"column":48}},"17":{"start":{"line":52,"column":4},"end":{"line":55,"column":7}},"18":{"start":{"line":60,"column":14},"end":{"line":113,"column":1}},"19":{"start":{"line":61,"column":2},"end":{"line":112,"column":3}},"20":{"start":{"line":63,"column":29},"end":{"line":63,"column":63}},"21":{"start":{"line":64,"column":4},"end":{"line":69,"column":5}},"22":{"start":{"line":65,"column":6},"end":{"line":68,"column":9}},"23":{"start":{"line":72,"column":17},"end":{"line":72,"column":79}},"24":{"start":{"line":74,"column":4},"end":{"line":79,"column":5}},"25":{"start":{"line":75,"column":6},"end":{"line":78,"column":9}},"26":{"start":{"line":81,"column":4},"end":{"line":86,"column":5}},"27":{"start":{"line":82,"column":6},"end":{"line":85,"column":9}},"28":{"start":{"line":89,"column":18},"end":{"line":89,"column":66}},"29":{"start":{"line":90,"column":25},"end":{"line":90,"column":63}},"30":{"start":{"line":92,"column":4},"end":{"line":105,"column":7}},"31":{"start":{"line":107,"column":4},"end":{"line":107,"column":41}},"32":{"start":{"line":108,"column":4},"end":{"line":111,"column":7}},"33":{"start":{"line":116,"column":19},"end":{"line":133,"column":1}},"34":{"start":{"line":117,"column":2},"end":{"line":132,"column":3}},"35":{"start":{"line":118,"column":17},"end":{"line":118,"column":49}},"36":{"start":{"line":120,"column":4},"end":{"line":125,"column":7}},"37":{"start":{"line":127,"column":4},"end":{"line":127,"column":47}},"38":{"start":{"line":128,"column":4},"end":{"line":131,"column":7}},"39":{"start":{"line":136,"column":22},"end":{"line":177,"column":1}},"40":{"start":{"line":137,"column":2},"end":{"line":176,"column":3}},"41":{"start":{"line":138,"column":29},"end":{"line":138,"column":68}},"42":{"start":{"line":139,"column":4},"end":{"line":144,"column":5}},"43":{"start":{"line":140,"column":6},"end":{"line":143,"column":9}},"44":{"start":{"line":147,"column":4},"end":{"line":155,"column":5}},"45":{"start":{"line":148,"column":27},"end":{"line":148,"column":69}},"46":{"start":{"line":149,"column":6},"end":{"line":154,"column":7}},"47":{"start":{"line":150,"column":8},"end":{"line":153,"column":11}},"48":{"start":{"line":157,"column":17},"end":{"line":161,"column":5}},"49":{"start":{"line":163,"column":4},"end":{"line":169,"column":7}},"50":{"start":{"line":171,"column":4},"end":{"line":171,"column":50}},"51":{"start":{"line":172,"column":4},"end":{"line":175,"column":7}},"52":{"start":{"line":180,"column":23},"end":{"line":216,"column":1}},"53":{"start":{"line":181,"column":2},"end":{"line":215,"column":3}},"54":{"start":{"line":182,"column":29},"end":{"line":182,"column":72}},"55":{"start":{"line":183,"column":4},"end":{"line":188,"column":5}},"56":{"start":{"line":184,"column":6},"end":{"line":187,"column":9}},"57":{"start":{"line":190,"column":17},"end":{"line":190,"column":69}},"58":{"start":{"line":193,"column":35},"end":{"line":193,"column":84}},"59":{"start":{"line":194,"column":4},"end":{"line":199,"column":5}},"60":{"start":{"line":195,"column":6},"end":{"line":198,"column":9}},"61":{"start":{"line":202,"column":4},"end":{"line":202,"column":38}},"62":{"start":{"line":203,"column":4},"end":{"line":203,"column":22}},"63":{"start":{"line":205,"column":4},"end":{"line":208,"column":7}},"64":{"start":{"line":210,"column":4},"end":{"line":210,"column":51}},"65":{"start":{"line":211,"column":4},"end":{"line":214,"column":7}},"66":{"start":{"line":219,"column":23},"end":{"line":262,"column":1}},"67":{"start":{"line":220,"column":2},"end":{"line":261,"column":3}},"68":{"start":{"line":221,"column":29},"end":{"line":221,"column":72}},"69":{"start":{"line":222,"column":4},"end":{"line":227,"column":5}},"70":{"start":{"line":223,"column":6},"end":{"line":226,"column":9}},"71":{"start":{"line":229,"column":17},"end":{"line":229,"column":59}},"72":{"start":{"line":230,"column":4},"end":{"line":236,"column":5}},"73":{"start":{"line":232,"column":6},"end":{"line":235,"column":9}},"74":{"start":{"line":239,"column":23},"end":{"line":239,"column":61}},"75":{"start":{"line":240,"column":4},"end":{"line":240,"column":41}},"76":{"start":{"line":241,"column":4},"end":{"line":241,"column":60}},"77":{"start":{"line":243,"column":4},"end":{"line":243,"column":22}},"78":{"start":{"line":246,"column":4},"end":{"line":246,"column":73}},"79":{"start":{"line":248,"column":4},"end":{"line":254,"column":7}},"80":{"start":{"line":256,"column":4},"end":{"line":256,"column":51}},"81":{"start":{"line":257,"column":4},"end":{"line":260,"column":7}},"82":{"start":{"line":265,"column":22},"end":{"line":304,"column":1}},"83":{"start":{"line":266,"column":2},"end":{"line":303,"column":3}},"84":{"start":{"line":267,"column":29},"end":{"line":267,"column":71}},"85":{"start":{"line":268,"column":4},"end":{"line":273,"column":5}},"86":{"start":{"line":269,"column":6},"end":{"line":272,"column":9}},"87":{"start":{"line":275,"column":17},"end":{"line":278,"column":6}},"88":{"start":{"line":280,"column":4},"end":{"line":285,"column":5}},"89":{"start":{"line":281,"column":6},"end":{"line":284,"column":9}},"90":{"start":{"line":288,"column":4},"end":{"line":288,"column":35}},"91":{"start":{"line":289,"column":4},"end":{"line":289,"column":40}},"92":{"start":{"line":290,"column":4},"end":{"line":290,"column":42}},"93":{"start":{"line":291,"column":4},"end":{"line":291,"column":22}},"94":{"start":{"line":293,"column":4},"end":{"line":296,"column":7}},"95":{"start":{"line":298,"column":4},"end":{"line":298,"column":50}},"96":{"start":{"line":299,"column":4},"end":{"line":302,"column":7}},"97":{"start":{"line":309,"column":20},"end":{"line":355,"column":1}},"98":{"start":{"line":310,"column":2},"end":{"line":354,"column":3}},"99":{"start":{"line":311,"column":61},"end":{"line":311,"column":70}},"100":{"start":{"line":314,"column":19},"end":{"line":314,"column":21}},"101":{"start":{"line":315,"column":4},"end":{"line":320,"column":5}},"102":{"start":{"line":316,"column":6},"end":{"line":319,"column":8}},"103":{"start":{"line":322,"column":4},"end":{"line":324,"column":5}},"104":{"start":{"line":323,"column":6},"end":{"line":323,"column":25}},"105":{"start":{"line":326,"column":18},"end":{"line":330,"column":31}},"106":{"start":{"line":332,"column":18},"end":{"line":332,"column":51}},"107":{"start":{"line":334,"column":4},"end":{"line":347,"column":7}},"108":{"start":{"line":349,"column":4},"end":{"line":349,"column":49}},"109":{"start":{"line":350,"column":4},"end":{"line":353,"column":7}},"110":{"start":{"line":358,"column":20},"end":{"line":383,"column":1}},"111":{"start":{"line":359,"column":2},"end":{"line":382,"column":3}},"112":{"start":{"line":360,"column":17},"end":{"line":361,"column":68}},"113":{"start":{"line":363,"column":4},"end":{"line":368,"column":5}},"114":{"start":{"line":364,"column":6},"end":{"line":367,"column":9}},"115":{"start":{"line":370,"column":4},"end":{"line":375,"column":7}},"116":{"start":{"line":377,"column":4},"end":{"line":377,"column":50}},"117":{"start":{"line":378,"column":4},"end":{"line":381,"column":7}},"118":{"start":{"line":386,"column":23},"end":{"line":432,"column":1}},"119":{"start":{"line":387,"column":2},"end":{"line":431,"column":3}},"120":{"start":{"line":388,"column":21},"end":{"line":388,"column":29}},"121":{"start":{"line":390,"column":4},"end":{"line":395,"column":5}},"122":{"start":{"line":391,"column":6},"end":{"line":394,"column":9}},"123":{"start":{"line":398,"column":4},"end":{"line":403,"column":5}},"124":{"start":{"line":399,"column":6},"end":{"line":402,"column":9}},"125":{"start":{"line":405,"column":17},"end":{"line":409,"column":67}},"126":{"start":{"line":411,"column":4},"end":{"line":416,"column":5}},"127":{"start":{"line":412,"column":6},"end":{"line":415,"column":9}},"128":{"start":{"line":418,"column":4},"end":{"line":424,"column":7}},"129":{"start":{"line":426,"column":4},"end":{"line":426,"column":52}},"130":{"start":{"line":427,"column":4},"end":{"line":430,"column":7}},"131":{"start":{"line":435,"column":19},"end":{"line":465,"column":1}},"132":{"start":{"line":436,"column":2},"end":{"line":464,"column":3}},"133":{"start":{"line":438,"column":4},"end":{"line":443,"column":5}},"134":{"start":{"line":439,"column":6},"end":{"line":442,"column":9}},"135":{"start":{"line":445,"column":17},"end":{"line":445,"column":60}},"136":{"start":{"line":447,"column":4},"end":{"line":452,"column":5}},"137":{"start":{"line":448,"column":6},"end":{"line":451,"column":9}},"138":{"start":{"line":454,"column":4},"end":{"line":457,"column":7}},"139":{"start":{"line":459,"column":4},"end":{"line":459,"column":47}},"140":{"start":{"line":460,"column":4},"end":{"line":463,"column":7}},"141":{"start":{"line":468,"column":25},"end":{"line":510,"column":1}},"142":{"start":{"line":469,"column":2},"end":{"line":509,"column":3}},"143":{"start":{"line":471,"column":4},"end":{"line":476,"column":5}},"144":{"start":{"line":472,"column":6},"end":{"line":475,"column":9}},"145":{"start":{"line":478,"column":17},"end":{"line":478,"column":51}},"146":{"start":{"line":480,"column":4},"end":{"line":485,"column":5}},"147":{"start":{"line":481,"column":6},"end":{"line":484,"column":9}},"148":{"start":{"line":487,"column":4},"end":{"line":487,"column":35}},"149":{"start":{"line":488,"column":4},"end":{"line":488,"column":22}},"150":{"start":{"line":490,"column":4},"end":{"line":502,"column":7}},"151":{"start":{"line":504,"column":4},"end":{"line":504,"column":54}},"152":{"start":{"line":505,"column":4},"end":{"line":508,"column":7}},"153":{"start":{"line":513,"column":21},"end":{"line":548,"column":1}},"154":{"start":{"line":514,"column":2},"end":{"line":547,"column":3}},"155":{"start":{"line":515,"column":23},"end":{"line":515,"column":50}},"156":{"start":{"line":516,"column":24},"end":{"line":516,"column":69}},"157":{"start":{"line":517,"column":23},"end":{"line":517,"column":83}},"158":{"start":{"line":518,"column":25},"end":{"line":518,"column":84}},"159":{"start":{"line":521,"column":25},"end":{"line":521,"column":35}},"160":{"start":{"line":522,"column":4},"end":{"line":522,"column":53}},"161":{"start":{"line":524,"column":24},"end":{"line":526,"column":6}},"162":{"start":{"line":528,"column":4},"end":{"line":540,"column":7}},"163":{"start":{"line":542,"column":4},"end":{"line":542,"column":50}},"164":{"start":{"line":543,"column":4},"end":{"line":546,"column":7}},"165":{"start":{"line":550,"column":0},"end":{"line":565,"column":2}}},"fnMap":{"0":{"name":"(anonymous_0)","decl":{"start":{"line":14,"column":17},"end":{"line":14,"column":18}},"loc":{"start":{"line":14,"column":37},"end":{"line":57,"column":1}},"line":14},"1":{"name":"(anonymous_1)","decl":{"start":{"line":60,"column":14},"end":{"line":60,"column":15}},"loc":{"start":{"line":60,"column":34},"end":{"line":113,"column":1}},"line":60},"2":{"name":"(anonymous_2)","decl":{"start":{"line":116,"column":19},"end":{"line":116,"column":20}},"loc":{"start":{"line":116,"column":39},"end":{"line":133,"column":1}},"line":116},"3":{"name":"(anonymous_3)","decl":{"start":{"line":136,"column":22},"end":{"line":136,"column":23}},"loc":{"start":{"line":136,"column":42},"end":{"line":177,"column":1}},"line":136},"4":{"name":"(anonymous_4)","decl":{"start":{"line":180,"column":23},"end":{"line":180,"column":24}},"loc":{"start":{"line":180,"column":43},"end":{"line":216,"column":1}},"line":180},"5":{"name":"(anonymous_5)","decl":{"start":{"line":219,"column":23},"end":{"line":219,"column":24}},"loc":{"start":{"line":219,"column":43},"end":{"line":262,"column":1}},"line":219},"6":{"name":"(anonymous_6)","decl":{"start":{"line":265,"column":22},"end":{"line":265,"column":23}},"loc":{"start":{"line":265,"column":42},"end":{"line":304,"column":1}},"line":265},"7":{"name":"(anonymous_7)","decl":{"start":{"line":309,"column":20},"end":{"line":309,"column":21}},"loc":{"start":{"line":309,"column":40},"end":{"line":355,"column":1}},"line":309},"8":{"name":"(anonymous_8)","decl":{"start":{"line":358,"column":20},"end":{"line":358,"column":21}},"loc":{"start":{"line":358,"column":40},"end":{"line":383,"column":1}},"line":358},"9":{"name":"(anonymous_9)","decl":{"start":{"line":386,"column":23},"end":{"line":386,"column":24}},"loc":{"start":{"line":386,"column":43},"end":{"line":432,"column":1}},"line":386},"10":{"name":"(anonymous_10)","decl":{"start":{"line":435,"column":19},"end":{"line":435,"column":20}},"loc":{"start":{"line":435,"column":39},"end":{"line":465,"column":1}},"line":435},"11":{"name":"(anonymous_11)","decl":{"start":{"line":468,"column":25},"end":{"line":468,"column":26}},"loc":{"start":{"line":468,"column":45},"end":{"line":510,"column":1}},"line":468},"12":{"name":"(anonymous_12)","decl":{"start":{"line":513,"column":21},"end":{"line":513,"column":22}},"loc":{"start":{"line":513,"column":41},"end":{"line":548,"column":1}},"line":513}},"branchMap":{"0":{"loc":{"start":{"line":18,"column":4},"end":{"line":23,"column":5}},"type":"if","locations":[{"start":{"line":18,"column":4},"end":{"line":23,"column":5}},{"start":{},"end":{}}],"line":18},"1":{"loc":{"start":{"line":27,"column":4},"end":{"line":32,"column":5}},"type":"if","locations":[{"start":{"line":27,"column":4},"end":{"line":32,"column":5}},{"start":{},"end":{}}],"line":27},"2":{"loc":{"start":{"line":64,"column":4},"end":{"line":69,"column":5}},"type":"if","locations":[{"start":{"line":64,"column":4},"end":{"line":69,"column":5}},{"start":{},"end":{}}],"line":64},"3":{"loc":{"start":{"line":74,"column":4},"end":{"line":79,"column":5}},"type":"if","locations":[{"start":{"line":74,"column":4},"end":{"line":79,"column":5}},{"start":{},"end":{}}],"line":74},"4":{"loc":{"start":{"line":74,"column":8},"end":{"line":74,"column":62}},"type":"binary-expr","locations":[{"start":{"line":74,"column":8},"end":{"line":74,"column":13}},{"start":{"line":74,"column":17},"end":{"line":74,"column":62}}],"line":74},"5":{"loc":{"start":{"line":81,"column":4},"end":{"line":86,"column":5}},"type":"if","locations":[{"start":{"line":81,"column":4},"end":{"line":86,"column":5}},{"start":{},"end":{}}],"line":81},"6":{"loc":{"start":{"line":139,"column":4},"end":{"line":144,"column":5}},"type":"if","locations":[{"start":{"line":139,"column":4},"end":{"line":144,"column":5}},{"start":{},"end":{}}],"line":139},"7":{"loc":{"start":{"line":147,"column":4},"end":{"line":155,"column":5}},"type":"if","locations":[{"start":{"line":147,"column":4},"end":{"line":155,"column":5}},{"start":{},"end":{}}],"line":147},"8":{"loc":{"start":{"line":147,"column":8},"end":{"line":147,"column":53}},"type":"binary-expr","locations":[{"start":{"line":147,"column":8},"end":{"line":147,"column":19}},{"start":{"line":147,"column":23},"end":{"line":147,"column":53}}],"line":147},"9":{"loc":{"start":{"line":149,"column":6},"end":{"line":154,"column":7}},"type":"if","locations":[{"start":{"line":149,"column":6},"end":{"line":154,"column":7}},{"start":{},"end":{}}],"line":149},"10":{"loc":{"start":{"line":183,"column":4},"end":{"line":188,"column":5}},"type":"if","locations":[{"start":{"line":183,"column":4},"end":{"line":188,"column":5}},{"start":{},"end":{}}],"line":183},"11":{"loc":{"start":{"line":194,"column":4},"end":{"line":199,"column":5}},"type":"if","locations":[{"start":{"line":194,"column":4},"end":{"line":199,"column":5}},{"start":{},"end":{}}],"line":194},"12":{"loc":{"start":{"line":222,"column":4},"end":{"line":227,"column":5}},"type":"if","locations":[{"start":{"line":222,"column":4},"end":{"line":227,"column":5}},{"start":{},"end":{}}],"line":222},"13":{"loc":{"start":{"line":230,"column":4},"end":{"line":236,"column":5}},"type":"if","locations":[{"start":{"line":230,"column":4},"end":{"line":236,"column":5}},{"start":{},"end":{}}],"line":230},"14":{"loc":{"start":{"line":268,"column":4},"end":{"line":273,"column":5}},"type":"if","locations":[{"start":{"line":268,"column":4},"end":{"line":273,"column":5}},{"start":{},"end":{}}],"line":268},"15":{"loc":{"start":{"line":280,"column":4},"end":{"line":285,"column":5}},"type":"if","locations":[{"start":{"line":280,"column":4},"end":{"line":285,"column":5}},{"start":{},"end":{}}],"line":280},"16":{"loc":{"start":{"line":311,"column":12},"end":{"line":311,"column":20}},"type":"default-arg","locations":[{"start":{"line":311,"column":19},"end":{"line":311,"column":20}}],"line":311},"17":{"loc":{"start":{"line":311,"column":22},"end":{"line":311,"column":32}},"type":"default-arg","locations":[{"start":{"line":311,"column":30},"end":{"line":311,"column":32}}],"line":311},"18":{"loc":{"start":{"line":311,"column":34},"end":{"line":311,"column":45}},"type":"default-arg","locations":[{"start":{"line":311,"column":43},"end":{"line":311,"column":45}}],"line":311},"19":{"loc":{"start":{"line":311,"column":47},"end":{"line":311,"column":56}},"type":"default-arg","locations":[{"start":{"line":311,"column":54},"end":{"line":311,"column":56}}],"line":311},"20":{"loc":{"start":{"line":315,"column":4},"end":{"line":320,"column":5}},"type":"if","locations":[{"start":{"line":315,"column":4},"end":{"line":320,"column":5}},{"start":{},"end":{}}],"line":315},"21":{"loc":{"start":{"line":322,"column":4},"end":{"line":324,"column":5}},"type":"if","locations":[{"start":{"line":322,"column":4},"end":{"line":324,"column":5}},{"start":{},"end":{}}],"line":322},"22":{"loc":{"start":{"line":363,"column":4},"end":{"line":368,"column":5}},"type":"if","locations":[{"start":{"line":363,"column":4},"end":{"line":368,"column":5}},{"start":{},"end":{}}],"line":363},"23":{"loc":{"start":{"line":390,"column":4},"end":{"line":395,"column":5}},"type":"if","locations":[{"start":{"line":390,"column":4},"end":{"line":395,"column":5}},{"start":{},"end":{}}],"line":390},"24":{"loc":{"start":{"line":398,"column":4},"end":{"line":403,"column":5}},"type":"if","locations":[{"start":{"line":398,"column":4},"end":{"line":403,"column":5}},{"start":{},"end":{}}],"line":398},"25":{"loc":{"start":{"line":411,"column":4},"end":{"line":416,"column":5}},"type":"if","locations":[{"start":{"line":411,"column":4},"end":{"line":416,"column":5}},{"start":{},"end":{}}],"line":411},"26":{"loc":{"start":{"line":438,"column":4},"end":{"line":443,"column":5}},"type":"if","locations":[{"start":{"line":438,"column":4},"end":{"line":443,"column":5}},{"start":{},"end":{}}],"line":438},"27":{"loc":{"start":{"line":447,"column":4},"end":{"line":452,"column":5}},"type":"if","locations":[{"start":{"line":447,"column":4},"end":{"line":452,"column":5}},{"start":{},"end":{}}],"line":447},"28":{"loc":{"start":{"line":471,"column":4},"end":{"line":476,"column":5}},"type":"if","locations":[{"start":{"line":471,"column":4},"end":{"line":476,"column":5}},{"start":{},"end":{}}],"line":471},"29":{"loc":{"start":{"line":480,"column":4},"end":{"line":485,"column":5}},"type":"if","locations":[{"start":{"line":480,"column":4},"end":{"line":485,"column":5}},{"start":{},"end":{}}],"line":480},"30":{"loc":{"start":{"line":492,"column":23},"end":{"line":492,"column":66}},"type":"cond-expr","locations":[{"start":{"line":492,"column":39},"end":{"line":492,"column":50}},{"start":{"line":492,"column":53},"end":{"line":492,"column":66}}],"line":492}},"s":{"0":9,"1":9,"2":9,"3":9,"4":9,"5":8,"6":8,"7":8,"8":4,"9":4,"10":3,"11":1,"12":2,"13":2,"14":2,"15":2,"16":1,"17":1,"18":9,"19":7,"20":7,"21":7,"22":0,"23":7,"24":6,"25":2,"26":4,"27":1,"28":3,"29":3,"30":3,"31":1,"32":1,"33":9,"34":1,"35":1,"36":1,"37":0,"38":0,"39":9,"40":4,"41":4,"42":4,"43":1,"44":3,"45":1,"46":1,"47":1,"48":2,"49":2,"50":0,"51":0,"52":9,"53":3,"54":3,"55":3,"56":1,"57":2,"58":2,"59":2,"60":1,"61":1,"62":1,"63":1,"64":0,"65":0,"66":9,"67":2,"68":2,"69":2,"70":1,"71":1,"72":0,"73":0,"74":0,"75":0,"76":0,"77":0,"78":0,"79":0,"80":1,"81":1,"82":9,"83":4,"84":4,"85":4,"86":2,"87":2,"88":1,"89":1,"90":0,"91":0,"92":0,"93":0,"94":0,"95":1,"96":1,"97":9,"98":3,"99":3,"100":3,"101":3,"102":1,"103":3,"104":1,"105":3,"106":3,"107":3,"108":0,"109":0,"110":9,"111":1,"112":1,"113":1,"114":0,"115":1,"116":0,"117":0,"118":9,"119":6,"120":6,"121":6,"122":1,"123":5,"124":1,"125":4,"126":3,"127":1,"128":2,"129":1,"130":1,"131":9,"132":4,"133":4,"134":1,"135":3,"136":2,"137":1,"138":1,"139":1,"140":1,"141":9,"142":0,"143":0,"144":0,"145":0,"146":0,"147":0,"148":0,"149":0,"150":0,"151":0,"152":0,"153":9,"154":0,"155":0,"156":0,"157":0,"158":0,"159":0,"160":0,"161":0,"162":0,"163":0,"164":0,"165":9},"f":{"0":8,"1":7,"2":1,"3":4,"4":3,"5":2,"6":4,"7":3,"8":1,"9":6,"10":4,"11":0,"12":0},"b":{"0":[4,4],"1":[1,2],"2":[0,7],"3":[2,4],"4":[6,5],"5":[1,3],"6":[1,3],"7":[1,2],"8":[3,1],"9":[1,0],"10":[1,2],"11":[1,1],"12":[1,1],"13":[0,0],"14":[2,2],"15":[1,0],"16":[2],"17":[2],"18":[2],"19":[2],"20":[1,2],"21":[1,2],"22":[0,1],"23":[1,5],"24":[1,4],"25":[1,2],"26":[1,3],"27":[1,1],"28":[0,0],"29":[0,0],"30":[0,0]},"_coverageSchema":"1a1c01bbd47fc00a2c39e90264f33305004495a9","hash":"53f5bf4ccb6997e76de29f27c00675cec8fd05e9"}
,"/Users/avinash/Desktop/titanDeploy/backend/middlewares/authMiddleware.js": {"path":"/Users/avinash/Desktop/titanDeploy/backend/middlewares/authMiddleware.js","statementMap":{"0":{"start":{"line":1,"column":44},"end":{"line":1,"column":67}},"1":{"start":{"line":2,"column":13},"end":{"line":2,"column":38}},"2":{"start":{"line":4,"column":13},"end":{"line":54,"column":1}},"3":{"start":{"line":5,"column":2},"end":{"line":53,"column":3}},"4":{"start":{"line":6,"column":18},"end":{"line":6,"column":41}},"5":{"start":{"line":8,"column":4},"end":{"line":13,"column":5}},"6":{"start":{"line":9,"column":6},"end":{"line":12,"column":9}},"7":{"start":{"line":15,"column":4},"end":{"line":17,"column":5}},"8":{"start":{"line":16,"column":6},"end":{"line":16,"column":97}},"9":{"start":{"line":19,"column":20},"end":{"line":19,"column":38}},"10":{"start":{"line":20,"column":4},"end":{"line":22,"column":5}},"11":{"start":{"line":21,"column":6},"end":{"line":21,"column":53}},"12":{"start":{"line":25,"column":19},"end":{"line":25,"column":63}},"13":{"start":{"line":26,"column":17},"end":{"line":26,"column":64}},"14":{"start":{"line":28,"column":4},"end":{"line":30,"column":5}},"15":{"start":{"line":29,"column":6},"end":{"line":29,"column":105}},"16":{"start":{"line":32,"column":4},"end":{"line":37,"column":5}},"17":{"start":{"line":33,"column":6},"end":{"line":36,"column":9}},"18":{"start":{"line":39,"column":4},"end":{"line":44,"column":5}},"19":{"start":{"line":40,"column":6},"end":{"line":43,"column":9}},"20":{"start":{"line":46,"column":4},"end":{"line":46,"column":20}},"21":{"start":{"line":47,"column":4},"end":{"line":47,"column":11}},"22":{"start":{"line":49,"column":4},"end":{"line":52,"column":7}},"23":{"start":{"line":56,"column":18},"end":{"line":66,"column":1}},"24":{"start":{"line":57,"column":2},"end":{"line":65,"column":4}},"25":{"start":{"line":58,"column":4},"end":{"line":63,"column":5}},"26":{"start":{"line":59,"column":6},"end":{"line":62,"column":9}},"27":{"start":{"line":64,"column":4},"end":{"line":64,"column":11}},"28":{"start":{"line":68,"column":0},"end":{"line":71,"column":2}}},"fnMap":{"0":{"name":"(anonymous_0)","decl":{"start":{"line":4,"column":13},"end":{"line":4,"column":14}},"loc":{"start":{"line":4,"column":39},"end":{"line":54,"column":1}},"line":4},"1":{"name":"(anonymous_1)","decl":{"start":{"line":56,"column":18},"end":{"line":56,"column":19}},"loc":{"start":{"line":56,"column":32},"end":{"line":66,"column":1}},"line":56},"2":{"name":"(anonymous_2)","decl":{"start":{"line":57,"column":9},"end":{"line":57,"column":10}},"loc":{"start":{"line":57,"column":29},"end":{"line":65,"column":3}},"line":57}},"branchMap":{"0":{"loc":{"start":{"line":8,"column":4},"end":{"line":13,"column":5}},"type":"if","locations":[{"start":{"line":8,"column":4},"end":{"line":13,"column":5}},{"start":{},"end":{}}],"line":8},"1":{"loc":{"start":{"line":15,"column":4},"end":{"line":17,"column":5}},"type":"if","locations":[{"start":{"line":15,"column":4},"end":{"line":17,"column":5}},{"start":{},"end":{}}],"line":15},"2":{"loc":{"start":{"line":16,"column":57},"end":{"line":16,"column":95}},"type":"binary-expr","locations":[{"start":{"line":16,"column":57},"end":{"line":16,"column":62}},{"start":{"line":16,"column":66},"end":{"line":16,"column":95}}],"line":16},"3":{"loc":{"start":{"line":20,"column":4},"end":{"line":22,"column":5}},"type":"if","locations":[{"start":{"line":20,"column":4},"end":{"line":22,"column":5}},{"start":{},"end":{}}],"line":20},"4":{"loc":{"start":{"line":25,"column":19},"end":{"line":25,"column":63}},"type":"cond-expr","locations":[{"start":{"line":25,"column":34},"end":{"line":25,"column":50}},{"start":{"line":25,"column":53},"end":{"line":25,"column":63}}],"line":25},"5":{"loc":{"start":{"line":28,"column":4},"end":{"line":30,"column":5}},"type":"if","locations":[{"start":{"line":28,"column":4},"end":{"line":30,"column":5}},{"start":{},"end":{}}],"line":28},"6":{"loc":{"start":{"line":29,"column":64},"end":{"line":29,"column":103}},"type":"binary-expr","locations":[{"start":{"line":29,"column":64},"end":{"line":29,"column":68}},{"start":{"line":29,"column":72},"end":{"line":29,"column
[...]
,"/Users/avinash/Desktop/titanDeploy/backend/scripts/admin.js": {"path":"/Users/avinash/Desktop/titanDeploy/backend/scripts/admin.js","statementMap":{"0":{"start":{"line":1,"column":0},"end":{"line":1,"column":27}},"1":{"start":{"line":2,"column":17},"end":{"line":2,"column":36}},"2":{"start":{"line":3,"column":13},"end":{"line":3,"column":38}},"3":{"start":{"line":4,"column":18},"end":{"line":4,"column":47}},"4":{"start":{"line":6,"column":24},"end":{"line":36,"column":1}},"5":{"start":{"line":7,"column":2},"end":{"line":35,"column":3}},"6":{"start":{"line":8,"column":4},"end":{"line":8,"column":22}},"7":{"start":{"line":10,"column":22},"end":{"line":15,"column":5}},"8":{"start":{"line":18,"column":26},"end":{"line":18,"column":72}},"9":{"start":{"line":19,"column":4},"end":{"line":22,"column":5}},"10":{"start":{"line":20,"column":6},"end":{"line":20,"column":49}},"11":{"start":{"line":21,"column":6},"end":{"line":21,"column":22}},"12":{"start":{"line":25,"column":17},"end":{"line":25,"column":45}},"13":{"start":{"line":26,"column":4},"end":{"line":26,"column":54}},"14":{"start":{"line":27,"column":4},"end":{"line":27,"column":43}},"15":{"start":{"line":28,"column":4},"end":{"line":28,"column":41}},"16":{"start":{"line":29,"column":4},"end":{"line":29,"column":41}},"17":{"start":{"line":31,"column":4},"end":{"line":31,"column":20}},"18":{"start":{"line":33,"column":4},"end":{"line":33,"column":57}},"19":{"start":{"line":34,"column":4},"end":{"line":34,"column":20}},"20":{"start":{"line":38,"column":0},"end":{"line":38,"column":18}}},"fnMap":{"0":{"name":"(anonymous_0)","decl":{"start":{"line":6,"column":24},"end":{"line":6,"column":25}},"loc":{"start":{"line":6,"column":36},"end":{"line":36,"column":1}},"line":6}},"branchMap":{"0":{"loc":{"start":{"line":19,"column":4},"end":{"line":22,"column":5}},"type":"if","locations":[{"start":{"line":19,"column":4},"end":{"line":22,"column":5}},{"start":{},"end":{}}],"line":19}},"s":{"0":0,"1":0,"2":0,"3":0,"4":0,"5":0,"6":0,"7":0,"8":0,"9":0,"10":0,"11":0,"12":0,"13":0,"14":0,"15":0,"16":0,"17":0,"18":0,"19":0,"20":0},"f":{"0":0},"b":{"0":[0,0]}}
,"/Users/avinash/Desktop/titanDeploy/backend/scripts/fix-indices.js": {"path":"/Users/avinash/Desktop/titanDeploy/backend/scripts/fix-indices.js","statementMap":{"0":{"start":{"line":1,"column":17},"end":{"line":1,"column":36}},"1":{"start":{"line":2,"column":13},"end":{"line":2,"column":38}},"2":{"start":{"line":4,"column":31},"end":{"line":32,"column":1}},"3":{"start":{"line":5,"column":2},"end":{"line":31,"column":3}},"4":{"start":{"line":7,"column":20},"end":{"line":7,"column":54}},"5":{"start":{"line":8,"column":4},"end":{"line":8,"column":45}},"6":{"start":{"line":11,"column":25},"end":{"line":12,"column":70}},"7":{"start":{"line":12,"column":28},"end":{"line":12,"column":69}},"8":{"start":{"line":15,"column":4},"end":{"line":26,"column":5}},"9":{"start":{"line":16,"column":6},"end":{"line":16,"column":65}},"10":{"start":{"line":18,"column":6},"end":{"line":22,"column":7}},"11":{"start":{"line":18,"column":19},"end":{"line":18,"column":20}},"12":{"start":{"line":19,"column":28},"end":{"line":19,"column":43}},"13":{"start":{"line":20,"column":8},"end":{"line":20,"column":50}},"14":{"start":{"line":21,"column":8},"end":{"line":21,"column":51}},"15":{"start":{"line":23,"column":6},"end":{"line":23,"column":60}},"16":{"start":{"line":25,"column":6},"end":{"line":25,"column":48}},"17":{"start":{"line":28,"column":4},"end":{"line":28,"column":62}},"18":{"start":{"line":30,"column":4},"end":{"line":30,"column":32}},"19":{"start":{"line":35,"column":0},"end":{"line":41,"column":5}},"20":{"start":{"line":37,"column":14},"end":{"line":37,"column":38}},"21":{"start":{"line":39,"column":4},"end":{"line":39,"column":46}},"22":{"start":{"line":40,"column":4},"end":{"line":40,"column":20}}},"fnMap":{"0":{"name":"(anonymous_0)","decl":{"start":{"line":4,"column":31},"end":{"line":4,"column":32}},"loc":{"start":{"line":4,"column":43},"end":{"line":32,"column":1}},"line":4},"1":{"name":"(anonymous_1)","decl":{"start":{"line":12,"column":14},"end":{"line":12,"column":15}},"loc":{"start":{"line":12,"column":28},"end":{"line":12,"column":69}},"line":12},"2":{"name":"(anonymous_2)","decl":{"start":{"line":37,"column":8},"end":{"line":37,"column":9}},"loc":{"start":{"line":37,"column":14},"end":{"line":37,"column":38}},"line":37},"3":{"name":"(anonymous_3)","decl":{"start":{"line":38,"column":9},"end":{"line":38,"column":10}},"loc":{"start":{"line":38,"column":18},"end":{"line":41,"column":3}},"line":38}},"branchMap":{"0":{"loc":{"start":{"line":15,"column":4},"end":{"line":26,"column":5}},"type":"if","locations":[{"start":{"line":15,"column":4},"end":{"line":26,"column":5}},{"start":{"line":24,"column":11},"end":{"line":26,"column":5}}],"line":15}},"s":{"0":0,"1":0,"2":0,"3":0,"4":0,"5":0,"6":0,"7":0,"8":0,"9":0,"10":0,"11":0,"12":0,"13":0,"14":0,"15":0,"16":0,"17":0,"18":0,"19":0,"20":0,"21":0,"22":0},"f":{"0":0,"1":0,"2":0,"3":0},"b":{"0":[0,0]}}
,"/Users/avinash/Desktop/titanDeploy/backend/tests/test-utils/db-setup.js": {"path":"/Users/avinash/Desktop/titanDeploy/backend/tests/test-utils/db-setup.js","statementMap":{"0":{"start":{"line":1,"column":17},"end":{"line":1,"column":36}},"1":{"start":{"line":2,"column":30},"end":{"line":2,"column":62}},"2":{"start":{"line":6,"column":16},"end":{"line":20,"column":1}},"3":{"start":{"line":8,"column":2},"end":{"line":10,"column":3}},"4":{"start":{"line":9,"column":4},"end":{"line":9,"column":38}},"5":{"start":{"line":13,"column":2},"end":{"line":13,"column":49}},"6":{"start":{"line":14,"column":14},"end":{"line":14,"column":34}},"7":{"start":{"line":16,"column":2},"end":{"line":19,"column":5}},"8":{"start":{"line":22,"column":22},"end":{"line":29,"column":1}},"9":{"start":{"line":23,"column":2},"end":{"line":25,"column":3}},"10":{"start":{"line":24,"column":4},"end":{"line":24,"column":38}},"11":{"start":{"line":26,"column":2},"end":{"line":28,"column":3}},"12":{"start":{"line":27,"column":4},"end":{"line":27,"column":29}},"13":{"start":{"line":31,"column":22},"end":{"line":39,"column":1}},"14":{"start":{"line":32,"column":2},"end":{"line":38,"column":3}},"15":{"start":{"line":33,"column":24},"end":{"line":33,"column":55}},"16":{"start":{"line":34,"column":4},"end":{"line":37,"column":5}},"17":{"start":{"line":35,"column":25},"end":{"line":35,"column":41}},"18":{"start":{"line":36,"column":6},"end":{"line":36,"column":36}},"19":{"start":{"line":41,"column":0},"end":{"line":45,"column":2}}},"fnMap":{"0":{"name":"(anonymous_0)","decl":{"start":{"line":6,"column":16},"end":{"line":6,"column":17}},"loc":{"start":{"line":6,"column":28},"end":{"line":20,"column":1}},"line":6},"1":{"name":"(anonymous_1)","decl":{"start":{"line":22,"column":22},"end":{"line":22,"column":23}},"loc":{"start":{"line":22,"column":34},"end":{"line":29,"column":1}},"line":22},"2":{"name":"(anonymous_2)","decl":{"start":{"line":31,"column":22},"end":{"line":31,"column":23}},"loc":{"start":{"line":31,"column":34},"end":{"line":39,"column":1}},"line":31}},"branchMap":{"0":{"loc":{"start":{"line":8,"column":2},"end":{"line":10,"column":3}},"type":"if","locations":[{"start":{"line":8,"column":2},"end":{"line":10,"column":3}},{"start":{},"end":{}}],"line":8},"1":{"loc":{"start":{"line":23,"column":2},"end":{"line":25,"column":3}},"type":"if","locations":[{"start":{"line":23,"column":2},"end":{"line":25,"column":3}},{"start":{},"end":{}}],"line":23},"2":{"loc":{"start":{"line":26,"column":2},"end":{"line":28,"column":3}},"type":"if","locations":[{"start":{"line":26,"column":2},"end":{"line":28,"column":3}},{"start":{},"end":{}}],"line":26},"3":{"loc":{"start":{"line":32,"column":2},"end":{"line":38,"column":3}},"type":"if","locations":[{"start":{"line":32,"column":2},"end":{"line":38,"column":3}},{"start":{},"end":{}}],"line":32}},"s":{"0":12,"1":12,"2":12,"3":12,"4":0,"5":12,"6":12,"7":12,"8":12,"9":12,"10":12,"11":12,"12":12,"13":12,"14":12,"15":12,"16":12,"17":28,"18":28,"19":12},"f":{"0":12,"1":12,"2":12},"b":{"0":[0,12],"1":[12,0],"2":[12,0],"3":[12,0]},"_coverageSchema":"1a1c01bbd47fc00a2c39e90264f33305004495a9","hash":"334af2e227fd862bfaf173dd25686283ec78f9aa"}
,"/Users/avinash/Desktop/titanDeploy/backend/tests/test-utils/test-data.js": {"path":"/Users/avinash/Desktop/titanDeploy/backend/tests/test-utils/test-data.js","statementMap":{"0":{"start":{"line":1,"column":13},"end":{"line":1,"column":41}},"1":{"start":{"line":2,"column":13},"end":{"line":2,"column":41}},"2":{"start":{"line":3,"column":26},"end":{"line":3,"column":52}},"3":{"start":{"line":13,"column":2},"end":{"line":19,"column":5}},"4":{"start":{"line":22,"column":2},"end":{"line":28,"column":5}},"5":{"start":{"line":31,"column":2},"end":{"line":41,"column":3}},"6":{"start":{"line":45,"column":2},"end":{"line":48,"column":5}},"7":{"start":{"line":50,"column":2},"end":{"line":53,"column":5}},"8":{"start":{"line":55,"column":2},"end":{"line":61,"column":4}},"9":{"start":{"line":64,"column":0},"end":{"line":66,"column":2}}},"fnMap":{"0":{"name":"setupTestData","decl":{"start":{"line":11,"column":15},"end":{"line":11,"column":28}},"loc":{"start":{"line":11,"column":31},"end":{"line":62,"column":1}},"line":11}},"branchMap":{},"s":{"0":3,"1":3,"2":3,"3":117,"4":117,"5":117,"6":117,"7":117,"8":117,"9":3},"f":{"0":117},"b":{},"_coverageSchema":"1a1c01bbd47fc00a2c39e90264f33305004495a9","hash":"806552972e6a09af19d43b84a9577bd62efafc46"}
,"/Users/avinash/Desktop/titanDeploy/backend/tests/test-utils/test-setup.js": {"path":"/Users/avinash/Desktop/titanDeploy/backend/tests/test-utils/test-setup.js","statementMap":{"0":{"start":{"line":1,"column":17},"end":{"line":1,"column":36}},"1":{"start":{"line":2,"column":30},"end":{"line":2,"column":62}},"2":{"start":{"line":8,"column":2},"end":{"line":26,"column":3}},"3":{"start":{"line":10,"column":4},"end":{"line":12,"column":5}},"4":{"start":{"line":11,"column":6},"end":{"line":11,"column":34}},"5":{"start":{"line":15,"column":4},"end":{"line":15,"column":51}},"6":{"start":{"line":16,"column":16},"end":{"line":16,"column":36}},"7":{"start":{"line":18,"column":4},"end":{"line":21,"column":7}},"8":{"start":{"line":24,"column":4},"end":{"line":24,"column":60}},"9":{"start":{"line":25,"column":4},"end":{"line":25,"column":16}},"10":{"start":{"line":30,"column":2},"end":{"line":38,"column":3}},"11":{"start":{"line":31,"column":4},"end":{"line":31,"column":32}},"12":{"start":{"line":32,"column":4},"end":{"line":34,"column":5}},"13":{"start":{"line":33,"column":6},"end":{"line":33,"column":31}},"14":{"start":{"line":36,"column":4},"end":{"line":36,"column":62}},"15":{"start":{"line":37,"column":4},"end":{"line":37,"column":16}},"16":{"start":{"line":42,"column":2},"end":{"line":51,"column":3}},"17":{"start":{"line":43,"column":24},"end":{"line":43,"column":68}},"18":{"start":{"line":44,"column":4},"end":{"line":47,"column":5}},"19":{"start":{"line":45,"column":25},"end":{"line":45,"column":72}},"20":{"start":{"line":46,"column":6},"end":{"line":46,"column":38}},"21":{"start":{"line":49,"column":4},"end":{"line":49,"column":58}},"22":{"start":{"line":50,"column":4},"end":{"line":50,"column":16}},"23":{"start":{"line":55,"column":0},"end":{"line":57,"column":3}},"24":{"start":{"line":56,"column":2},"end":{"line":56,"column":22}},"25":{"start":{"line":60,"column":0},"end":{"line":62,"column":3}},"26":{"start":{"line":61,"column":2},"end":{"line":61,"column":22}},"27":{"start":{"line":65,"column":0},"end":{"line":67,"column":3}},"28":{"start":{"line":66,"column":2},"end":{"line":66,"column":25}},"29":{"start":{"line":69,"column":0},"end":{"line":73,"column":2}}},"fnMap":{"0":{"name":"setupTestDB","decl":{"start":{"line":7,"column":15},"end":{"line":7,"column":26}},"loc":{"start":{"line":7,"column":29},"end":{"line":27,"column":1}},"line":7},"1":{"name":"teardownTestDB","decl":{"start":{"line":29,"column":15},"end":{"line":29,"column":29}},"loc":{"start":{"line":29,"column":32},"end":{"line":39,"column":1}},"line":29},"2":{"name":"clearTestDB","decl":{"start":{"line":41,"column":15},"end":{"line":41,"column":26}},"loc":{"start":{"line":41,"column":29},"end":{"line":52,"column":1}},"line":41},"3":{"name":"(anonymous_3)","decl":{"start":{"line":55,"column":10},"end":{"line":55,"column":11}},"loc":{"start":{"line":55,"column":22},"end":{"line":57,"column":1}},"line":55},"4":{"name":"(anonymous_4)","decl":{"start":{"line":60,"column":10},"end":{"line":60,"column":11}},"loc":{"start":{"line":60,"column":22},"end":{"line":62,"column":1}},"line":60},"5":{"name":"(anonymous_5)","decl":{"start":{"line":65,"column":9},"end":{"line":65,"column":10}},"loc":{"start":{"line":65,"column":21},"end":{"line":67,"column":1}},"line":65}},"branchMap":{"0":{"loc":{"start":{"line":10,"column":4},"end":{"line":12,"column":5}},"type":"if","locations":[{"start":{"line":10,"column":4},"end":{"line":12,"column":5}},{"start":{},"end":{}}],"line":10},"1":{"loc":{"start":{"line":32,"column":4},"end":{"line":34,"column":5}},"type":"if","locations":[{"start":{"line":32,"column":4},"end":{"line":34,"column":5}},{"start":{},"end":{}}],"line":32}},"s":{"0":4,"1":4,"2":4,"3":4,"4":4,"5":4,"6":4,"7":4,"8":0,"9":0,"10":4,"11":4,"12":4,"13":4,"14":0,"15":0,"16":123,"17":123,"18":123,"19":357,"20":357,"21":0,"22":0,"23":4,"24":4,"25":4,"26":123,"27":4,"28":4,"29":4},"f":{"0":4,"1":4,"2":123,"3":4,"4":123,"5":4},"b":{"0":[4,0],"1":[4,0]},"_coverageSchema":"1a1c01bbd47fc00a2c39e90264f33305004495a9","hash":"c8c94c30fc0c6356fe82a3a116024920befcea31"}
,"/Users/avinash/Desktop/titanDeploy/backend/utils/jwt.js": {"path":"/Users/avinash/Desktop/titanDeploy/backend/utils/jwt.js","statementMap":{"0":{"start":{"line":1,"column":12},"end":{"line":1,"column":35}},"1":{"start":{"line":2,"column":15},"end":{"line":2,"column":42}},"2":{"start":{"line":4,"column":22},"end":{"line":13,"column":1}},"3":{"start":{"line":6,"column":22},"end":{"line":6,"column":36}},"4":{"start":{"line":7,"column":2},"end":{"line":9,"column":3}},"5":{"start":{"line":8,"column":4},"end":{"line":8,"column":47}},"6":{"start":{"line":10,"column":2},"end":{"line":12,"column":5}},"7":{"start":{"line":15,"column":29},"end":{"line":23,"column":1}},"8":{"start":{"line":16,"column":22},"end":{"line":16,"column":36}},"9":{"start":{"line":17,"column":2},"end":{"line":19,"column":3}},"10":{"start":{"line":18,"column":4},"end":{"line":18,"column":47}},"11":{"start":{"line":20,"column":2},"end":{"line":22,"column":5}},"12":{"start":{"line":25,"column":20},"end":{"line":27,"column":1}},"13":{"start":{"line":26,"column":2},"end":{"line":26,"column":46}},"14":{"start":{"line":29,"column":27},"end":{"line":31,"column":1}},"15":{"start":{"line":30,"column":2},"end":{"line":30,"column":53}},"16":{"start":{"line":33,"column":27},"end":{"line":41,"column":1}},"17":{"start":{"line":34,"column":2},"end":{"line":39,"column":3}},"18":{"start":{"line":38,"column":4},"end":{"line":38,"column":51}},"19":{"start":{"line":40,"column":2},"end":{"line":40,"column":14}},"20":{"start":{"line":43,"column":0},"end":{"line":49,"column":2}}},"fnMap":{"0":{"name":"(anonymous_0)","decl":{"start":{"line":4,"column":22},"end":{"line":4,"column":23}},"loc":{"start":{"line":4,"column":35},"end":{"line":13,"column":1}},"line":4},"1":{"name":"(anonymous_1)","decl":{"start":{"line":15,"column":29},"end":{"line":15,"column":30}},"loc":{"start":{"line":15,"column":42},"end":{"line":23,"column":1}},"line":15},"2":{"name":"(anonymous_2)","decl":{"start":{"line":25,"column":20},"end":{"line":25,"column":21}},"loc":{"start":{"line":25,"column":31},"end":{"line":27,"column":1}},"line":25},"3":{"name":"(anonymous_3)","decl":{"start":{"line":29,"column":27},"end":{"line":29,"column":28}},"loc":{"start":{"line":29,"column":38},"end":{"line":31,"column":1}},"line":29},"4":{"name":"(anonymous_4)","decl":{"start":{"line":33,"column":27},"end":{"line":33,"column":28}},"loc":{"start":{"line":33,"column":36},"end":{"line":41,"column":1}},"line":33}},"branchMap":{"0":{"loc":{"start":{"line":7,"column":2},"end":{"line":9,"column":3}},"type":"if","locations":[{"start":{"line":7,"column":2},"end":{"line":9,"column":3}},{"start":{},"end":{}}],"line":7},"1":{"loc":{"start":{"line":7,"column":6},"end":{"line":7,"column":100}},"type":"binary-expr","locations":[{"start":{"line":7,"column":6},"end":{"line":7,"column":17}},{"start":{"line":7,"column":21},"end":{"line":7,"column":35}},{"start":{"line":7,"column":39},"end":{"line":7,"column":73}},{"start":{"line":7,"column":77},"end":{"line":7,"column":100}}],"line":7},"2":{"loc":{"start":{"line":17,"column":2},"end":{"line":19,"column":3}},"type":"if","locations":[{"start":{"line":17,"column":2},"end":{"line":19,"column":3}},{"start":{},"end":{}}],"line":17},"3":{"loc":{"start":{"line":17,"column":6},"end":{"line":17,"column":100}},"type":"binary-expr","locations":[{"start":{"line":17,"column":6},"end":{"line":17,"column":17}},{"start":{"line":17,"column":21},"end":{"line":17,"column":35}},{"start":{"line":17,"column":39},"end":{"line":17,"column":73}},{"start":{"line":17,"column":77},"end":{"line":17,"column":100}}],"line":17},"4":{"loc":{"start":{"line":34,"column":2},"end":{"line":39,"column":3}},"type":"if","locations":[{"start":{"line":34,"column":2},"end":{"line":39,"column":3}},{"start":{},"end":{}}],"line":34},"5":{"loc":{"start":{"line":35,"column":4},"end":{"line":36,"column":51}},"type":"binary-expr","locations":[{"start":{"line":35,"column":4},"end":{"line":35,"column":29}},{"start":{"line":36,"column":4},"end":{"line":36,"column":51}}],"line":35}},"s":{"0":9,"1":9,"2":9,"3":246,"4":246,"5":246,"6":246,"7":9,"8":5,"9":5,"10":5,"11":5,"12":9,"13":99,"14":9,"15":0,"16":9,"17":100,"18":99,"19":1,"20":9},"f":{"0":246,"1":5,"2":99,"3":0,"4":100},"b":{"0":[246,0],"1":[246,246,246,246],"2":[5,0],"3":[5,5,5,5],"4":[99,1],"5":[100,99]},"_coverageSchema":"1a1c01bbd47fc00a2c39e90264f33305004495a9","hash":"ed8f9dfae0ae04f283c5ad043e847cccd7a6ee23"}
,"/Users/avinash/Desktop/titanDeploy/backend/utils/validations.js": {"path":"/Users/avinash/Desktop/titanDeploy/backend/utils/validations.js","statementMap":{"0":{"start":{"line":1,"column":12},"end":{"line":1,"column":26}},"1":{"start":{"line":4,"column":27},"end":{"line":9,"column":2}},"2":{"start":{"line":11,"column":24},"end":{"line":14,"column":2}},"3":{"start":{"line":16,"column":29},"end":{"line":19,"column":2}},"4":{"start":{"line":21,"column":33},"end":{"line":24,"column":2}},"5":{"start":{"line":26,"column":33},"end":{"line":28,"column":2}},"6":{"start":{"line":30,"column":32},"end":{"line":33,"column":2}},"7":{"start":{"line":36,"column":29},"end":{"line":48,"column":2}},"8":{"start":{"line":50,"column":29},"end":{"line":62,"column":2}},"9":{"start":{"line":64,"column":28},"end":{"line":76,"column":2}},"10":{"start":{"line":79,"column":36},"end":{"line":93,"column":2}},"11":{"start":{"line":95,"column":36},"end":{"line":102,"column":2}},"12":{"start":{"line":104,"column":35},"end":{"line":112,"column":2}},"13":{"start":{"line":114,"column":36},"end":{"line":119,"column":2}},"14":{"start":{"line":121,"column":0},"end":{"line":135,"column":2}}},"fnMap":{},"branchMap":{},"s":{"0":9,"1":9,"2":9,"3":9,"4":9,"5":9,"6":9,"7":9,"8":9,"9":9,"10":9,"11":9,"12":9,"13":9,"14":9},"f":{},"b":{},"_coverageSchema":"1a1c01bbd47fc00a2c39e90264f33305004495a9","hash":"963c14ee07ea3b30edf21449fa25407f90394630"}
}
