TN:
SF:app.js
FN:34,(anonymous_0)
FN:50,(anonymous_1)
FN:59,(anonymous_2)
FN:75,(anonymous_3)
FN:84,(anonymous_4)
FNF:5
FNH:3
FNDA:1,(anonymous_0)
FNDA:1,(anonymous_1)
FNDA:0,(anonymous_2)
FNDA:0,(anonymous_3)
FNDA:10,(anonymous_4)
DA:1,9
DA:2,9
DA:3,9
DA:4,9
DA:7,9
DA:8,9
DA:9,9
DA:11,9
DA:14,9
DA:17,9
DA:23,9
DA:27,9
DA:30,9
DA:31,9
DA:34,9
DA:35,1
DA:36,1
DA:41,0
DA:44,9
DA:45,9
DA:46,9
DA:50,9
DA:51,1
DA:59,9
DA:60,0
DA:75,9
DA:76,0
DA:77,0
DA:84,9
DA:85,10
DA:91,9
LF:31
LH:27
BRDA:18,0,0,9
BRDA:18,0,1,0
BRDA:35,1,0,1
BRDA:35,1,1,0
BRDA:35,2,0,1
BRDA:35,2,1,1
BRDA:35,2,2,1
BRF:7
BRH:5
end_of_record
TN:
SF:server.js
FN:11,(anonymous_0)
FNF:1
FNH:1
FNDA:1,(anonymous_0)
DA:1,1
DA:3,1
DA:4,1
DA:7,1
DA:9,1
DA:11,1
DA:12,1
DA:13,1
DA:14,1
LF:9
LH:9
BRDA:9,0,0,1
BRDA:9,0,1,0
BRDA:13,1,0,1
BRDA:13,1,1,0
BRF:4
BRH:2
end_of_record
TN:
SF:config/config.js
FN:35,(anonymous_0)
FNF:1
FNH:1
FNDA:18,(anonymous_0)
DA:1,9
DA:3,9
DA:34,9
DA:35,9
DA:36,18
DA:37,0
DA:38,0
DA:39,0
DA:44,9
DA:45,0
DA:46,0
DA:47,0
DA:51,9
LF:13
LH:7
BRDA:5,0,0,9
BRDA:5,0,1,0
BRDA:6,1,0,9
BRDA:6,1,1,0
BRDA:10,2,0,9
BRDA:10,2,1,0
BRDA:15,3,0,9
BRDA:15,3,1,0
BRDA:16,4,0,9
BRDA:16,4,1,0
BRDA:17,5,0,9
BRDA:17,5,1,0
BRDA:18,6,0,9
BRDA:18,6,1,0
BRDA:23,7,0,9
BRDA:23,7,1,0
BRDA:36,8,0,0
BRDA:36,8,1,18
BRDA:36,9,0,18
BRDA:36,9,1,18
BRDA:44,10,0,0
BRDA:44,10,1,9
BRF:22
BRH:12
end_of_record
TN:
SF:config/database.js
FN:6,(anonymous_0)
FN:30,(anonymous_1)
FN:40,(anonymous_2)
FN:44,(anonymous_3)
FNF:4
FNH:4
FNDA:8,(anonymous_0)
FNDA:1,(anonymous_1)
FNDA:5,(anonymous_2)
FNDA:1,(anonymous_3)
DA:1,1
DA:4,1
DA:6,1
DA:7,8
DA:9,8
DA:10,4
DA:12,4
DA:20,3
DA:21,3
DA:22,3
DA:24,1
DA:26,1
DA:30,1
DA:31,1
DA:32,1
DA:34,0
DA:35,0
DA:40,1
DA:41,5
DA:44,1
DA:45,1
DA:48,1
LF:22
LH:20
BRDA:9,0,0,4
BRDA:9,0,1,4
BRF:2
BRH:2
end_of_record
TN:
SF:controllers/reservationController.js
FN:11,(anonymous_0)
FN:100,(anonymous_1)
FN:168,(anonymous_2)
FN:205,(anonymous_3)
FN:254,(anonymous_4)
FN:309,(anonymous_5)
FN:348,(anonymous_6)
FN:416,(anonymous_7)
FN:459,(anonymous_8)
FN:493,(anonymous_9)
FN:547,(anonymous_10)
FNF:11
FNH:11
FNDA:11,(anonymous_0)
FNDA:3,(anonymous_1)
FNDA:4,(anonymous_2)
FNDA:7,(anonymous_3)
FNDA:1,(anonymous_4)
FNDA:2,(anonymous_5)
FNDA:3,(anonymous_6)
FNDA:3,(anonymous_7)
FNDA:2,(anonymous_8)
FNDA:1,(anonymous_9)
FNDA:3,(anonymous_10)
DA:1,9
DA:2,9
DA:8,9
DA:11,9
DA:12,11
DA:14,11
DA:15,11
DA:16,1
DA:22,10
DA:25,10
DA:26,10
DA:27,1
DA:34,9
DA:35,2
DA:42,7
DA:43,7
DA:44,2
DA:51,5
DA:52,5
DA:53,5
DA:54,1
DA:61,4
DA:62,1
DA:69,3
DA:80,2
DA:81,2
DA:83,2
DA:91,1
DA:92,1
DA:100,9
DA:101,3
DA:103,3
DA:104,3
DA:105,0
DA:111,3
DA:114,3
DA:116,3
DA:117,0
DA:120,3
DA:121,0
DA:122,0
DA:123,0
DA:127,3
DA:130,3
DA:131,3
DA:134,3
DA:141,2
DA:142,2
DA:144,2
DA:159,1
DA:160,1
DA:168,9
DA:169,4
DA:170,4
DA:174,3
DA:175,1
DA:182,2
DA:183,1
DA:189,1
DA:196,1
DA:197,1
DA:205,9
DA:206,7
DA:207,7
DA:210,7
DA:211,2
DA:218,5
DA:219,1
DA:226,4
DA:227,1
DA:234,3
DA:235,3
DA:237,3
DA:245,0
DA:246,0
DA:254,9
DA:255,1
DA:256,1
DA:257,1
DA:258,0
DA:264,1
DA:267,1
DA:268,1
DA:269,0
DA:276,1
DA:283,1
DA:300,0
DA:301,0
DA:309,9
DA:310,2
DA:311,2
DA:314,2
DA:316,0
DA:326,2
DA:329,1
DA:337,1
DA:338,1
DA:348,9
DA:349,3
DA:350,3
DA:351,3
DA:352,1
DA:358,2
DA:361,2
DA:363,2
DA:364,1
DA:367,2
DA:368,1
DA:369,1
DA:370,1
DA:374,2
DA:377,2
DA:378,2
DA:381,2
DA:389,2
DA:390,2
DA:392,2
DA:407,0
DA:408,0
DA:416,9
DA:417,3
DA:418,3
DA:420,3
DA:421,1
DA:427,2
DA:435,2
DA:436,1
DA:442,1
DA:450,0
DA:451,0
DA:459,9
DA:460,2
DA:461,2
DA:465,2
DA:466,0
DA:473,2
DA:474,2
DA:476,2
DA:484,0
DA:485,0
DA:493,9
DA:494,1
DA:495,1
DA:496,1
DA:497,1
DA:498,1
DA:499,1
DA:502,1
DA:503,1
DA:504,1
DA:505,1
DA:507,1
DA:513,1
DA:514,1
DA:515,1
DA:516,1
DA:518,1
DA:522,1
DA:538,0
DA:539,0
DA:547,9
DA:548,3
DA:549,3
DA:550,3
DA:553,3
DA:555,3
DA:556,1
DA:559,3
DA:560,1
DA:561,1
DA:562,1
DA:565,3
DA:570,2
DA:578,1
DA:579,1
DA:586,9
LF:176
LH:155
BRDA:15,0,0,1
BRDA:15,0,1,10
BRDA:26,1,0,1
BRDA:26,1,1,9
BRDA:26,2,0,10
BRDA:26,2,1,9
BRDA:34,3,0,2
BRDA:34,3,1,7
BRDA:43,4,0,2
BRDA:43,4,1,5
BRDA:53,5,0,1
BRDA:53,5,1,4
BRDA:61,6,0,1
BRDA:61,6,1,3
BRDA:104,7,0,0
BRDA:104,7,1,3
BRDA:116,8,0,0
BRDA:116,8,1,3
BRDA:120,9,0,0
BRDA:120,9,1,3
BRDA:120,10,0,3
BRDA:120,10,1,3
BRDA:122,11,0,0
BRDA:122,11,1,0
BRDA:123,12,0,0
BRDA:123,12,1,0
BRDA:131,13,0,0
BRDA:131,13,1,3
BRDA:174,14,0,1
BRDA:174,14,1,2
BRDA:182,15,0,1
BRDA:182,15,1,1
BRDA:182,16,0,2
BRDA:182,16,1,2
BRDA:210,17,0,2
BRDA:210,17,1,5
BRDA:218,18,0,1
BRDA:218,18,1,4
BRDA:218,19,0,5
BRDA:218,19,1,4
BRDA:226,20,0,1
BRDA:226,20,1,3
BRDA:226,21,0,4
BRDA:226,21,1,3
BRDA:257,22,0,0
BRDA:257,22,1,1
BRDA:268,23,0,0
BRDA:268,23,1,1
BRDA:268,24,0,1
BRDA:268,24,1,1
BRDA:311,25,0,2
BRDA:311,25,1,2
BRDA:314,26,0,0
BRDA:314,26,1,2
BRDA:351,27,0,1
BRDA:351,27,1,2
BRDA:363,28,0,1
BRDA:363,28,1,1
BRDA:367,29,0,1
BRDA:367,29,1,1
BRDA:367,30,0,2
BRDA:367,30,1,1
BRDA:369,31,0,1
BRDA:369,31,1,0
BRDA:370,32,0,0
BRDA:370,32,1,1
BRDA:378,33,0,1
BRDA:378,33,1,1
BRDA:420,34,0,1
BRDA:420,34,1,2
BRDA:435,35,0,1
BRDA:435,35,1,1
BRDA:465,36,0,0
BRDA:465,36,1,2
BRDA:555,37,0,1
BRDA:555,37,1,2
BRDA:559,38,0,1
BRDA:559,38,1,2
BRDA:559,39,0,3
BRDA:559,39,1,2
BRDA:561,40,0,1
BRDA:561,40,1,0
BRDA:562,41,0,0
BRDA:562,41,1,1
BRF:84
BRH:68
end_of_record
TN:
SF:controllers/roomController.js
FN:9,(anonymous_0)
FN:59,(anonymous_1)
FN:116,(anonymous_2)
FN:162,(anonymous_3)
FN:190,(anonymous_4)
FN:250,(anonymous_5)
FN:279,(anonymous_6)
FNF:7
FNH:7
FNDA:6,(anonymous_0)
FNDA:6,(anonymous_1)
FNDA:2,(anonymous_2)
FNDA:4,(anonymous_3)
FNDA:7,(anonymous_4)
FNDA:4,(anonymous_5)
FNDA:3,(anonymous_6)
DA:1,9
DA:6,9
DA:9,9
DA:10,6
DA:12,6
DA:13,6
DA:14,1
DA:21,5
DA:26,4
DA:27,1
DA:34,3
DA:40,3
DA:42,3
DA:50,1
DA:51,1
DA:59,9
DA:60,6
DA:62,6
DA:63,6
DA:64,0
DA:82,6
DA:85,6
DA:88,6
DA:89,0
DA:96,6
DA:97,2
DA:98,2
DA:99,2
DA:103,6
DA:104,1
DA:105,1
DA:106,1
DA:110,6
DA:111,0
DA:115,6
DA:116,2
DA:117,1
DA:121,6
DA:124,6
DA:125,6
DA:128,6
DA:135,6
DA:136,6
DA:138,6
DA:153,0
DA:154,0
DA:162,9
DA:163,4
DA:164,4
DA:167,3
DA:168,2
DA:174,1
DA:181,1
DA:182,1
DA:190,9
DA:191,7
DA:193,7
DA:194,7
DA:195,1
DA:202,6
DA:203,5
DA:204,2
DA:211,3
DA:212,3
DA:218,3
DA:219,2
DA:227,1
DA:233,1
DA:241,1
DA:242,1
DA:250,9
DA:251,4
DA:252,4
DA:254,3
DA:255,2
DA:262,1
DA:263,1
DA:265,1
DA:270,1
DA:271,1
DA:279,9
DA:280,3
DA:281,3
DA:283,3
DA:284,3
DA:286,3
DA:287,1
DA:293,2
DA:296,1
DA:304,1
DA:305,1
DA:312,9
LF:92
LH:87
BRDA:13,0,0,1
BRDA:13,0,1,5
BRDA:26,1,0,1
BRDA:26,1,1,3
BRDA:63,2,0,0
BRDA:63,2,1,6
BRDA:88,3,0,0
BRDA:88,3,1,6
BRDA:96,4,0,2
BRDA:96,4,1,4
BRDA:96,5,0,6
BRDA:96,5,1,4
BRDA:98,6,0,2
BRDA:98,6,1,0
BRDA:99,7,0,1
BRDA:99,7,1,1
BRDA:103,8,0,1
BRDA:103,8,1,5
BRDA:103,9,0,6
BRDA:103,9,1,6
BRDA:105,10,0,0
BRDA:105,10,1,1
BRDA:106,11,0,1
BRDA:106,11,1,0
BRDA:110,12,0,0
BRDA:110,12,1,6
BRDA:115,13,0,1
BRDA:115,13,1,5
BRDA:125,14,0,0
BRDA:125,14,1,6
BRDA:167,15,0,2
BRDA:167,15,1,1
BRDA:194,16,0,1
BRDA:194,16,1,6
BRDA:203,17,0,2
BRDA:203,17,1,3
BRDA:211,18,0,3
BRDA:211,18,1,0
BRDA:211,19,0,3
BRDA:211,19,1,3
BRDA:214,20,0,3
BRDA:214,20,1,1
BRDA:218,21,0,2
BRDA:218,21,1,1
BRDA:254,22,0,2
BRDA:254,22,1,1
BRDA:286,23,0,1
BRDA:286,23,1,2
BRDA:286,24,0,3
BRDA:286,24,1,3
BRDA:286,24,2,3
BRDA:286,24,3,3
BRF:52
BRH:44
end_of_record
TN:
SF:controllers/userController.js
FN:14,(anonymous_0)
FN:60,(anonymous_1)
FN:116,(anonymous_2)
FN:136,(anonymous_3)
FN:180,(anonymous_4)
FN:219,(anonymous_5)
FN:265,(anonymous_6)
FN:309,(anonymous_7)
FN:358,(anonymous_8)
FN:386,(anonymous_9)
FN:435,(anonymous_10)
FN:468,(anonymous_11)
FN:513,(anonymous_12)
FNF:13
FNH:11
FNDA:8,(anonymous_0)
FNDA:7,(anonymous_1)
FNDA:1,(anonymous_2)
FNDA:4,(anonymous_3)
FNDA:3,(anonymous_4)
FNDA:2,(anonymous_5)
FNDA:4,(anonymous_6)
FNDA:3,(anonymous_7)
FNDA:1,(anonymous_8)
FNDA:6,(anonymous_9)
FNDA:4,(anonymous_10)
FNDA:0,(anonymous_11)
FNDA:0,(anonymous_12)
DA:1,9
DA:9,9
DA:10,9
DA:11,9
DA:14,9
DA:15,8
DA:17,8
DA:18,8
DA:19,4
DA:26,4
DA:27,3
DA:28,1
DA:35,2
DA:38,2
DA:39,2
DA:41,2
DA:51,1
DA:52,1
DA:60,9
DA:61,7
DA:63,7
DA:64,7
DA:65,0
DA:72,7
DA:74,6
DA:75,2
DA:81,4
DA:82,1
DA:89,3
DA:90,3
DA:92,3
DA:107,1
DA:108,1
DA:116,9
DA:117,1
DA:118,1
DA:120,1
DA:127,0
DA:128,0
DA:136,9
DA:137,4
DA:138,4
DA:139,4
DA:140,1
DA:147,3
DA:148,1
DA:149,1
DA:150,1
DA:157,2
DA:163,2
DA:171,0
DA:172,0
DA:180,9
DA:181,3
DA:182,3
DA:183,3
DA:184,1
DA:190,2
DA:193,2
DA:194,2
DA:195,1
DA:202,1
DA:203,1
DA:205,1
DA:210,0
DA:211,0
DA:219,9
DA:220,2
DA:221,2
DA:222,2
DA:223,1
DA:229,1
DA:230,0
DA:232,0
DA:239,0
DA:240,0
DA:241,0
DA:243,0
DA:246,0
DA:248,0
DA:256,1
DA:257,1
DA:265,9
DA:266,4
DA:267,4
DA:268,4
DA:269,2
DA:275,2
DA:280,1
DA:281,1
DA:288,0
DA:289,0
DA:290,0
DA:291,0
DA:293,0
DA:298,1
DA:299,1
DA:309,9
DA:310,3
DA:311,3
DA:314,3
DA:315,3
DA:316,1
DA:322,3
DA:323,1
DA:326,3
DA:332,3
DA:334,3
DA:349,0
DA:350,0
DA:358,9
DA:359,1
DA:360,1
DA:363,1
DA:364,0
DA:370,1
DA:377,0
DA:378,0
DA:386,9
DA:387,6
DA:388,6
DA:390,6
DA:391,1
DA:398,5
DA:399,1
DA:405,4
DA:411,3
DA:412,1
DA:418,2
DA:426,1
DA:427,1
DA:435,9
DA:436,4
DA:438,4
DA:439,1
DA:445,3
DA:447,2
DA:448,1
DA:454,1
DA:459,1
DA:460,1
DA:468,9
DA:469,0
DA:471,0
DA:472,0
DA:478,0
DA:480,0
DA:481,0
DA:487,0
DA:488,0
DA:490,0
DA:504,0
DA:505,0
DA:513,9
DA:514,0
DA:515,0
DA:516,0
DA:517,0
DA:518,0
DA:521,0
DA:522,0
DA:524,0
DA:528,0
DA:542,0
DA:543,0
DA:550,9
LF:166
LH:119
BRDA:18,0,0,4
BRDA:18,0,1,4
BRDA:27,1,0,1
BRDA:27,1,1,2
BRDA:64,2,0,0
BRDA:64,2,1,7
BRDA:74,3,0,2
BRDA:74,3,1,4
BRDA:74,4,0,6
BRDA:74,4,1,5
BRDA:81,5,0,1
BRDA:81,5,1,3
BRDA:139,6,0,1
BRDA:139,6,1,3
BRDA:147,7,0,1
BRDA:147,7,1,2
BRDA:147,8,0,3
BRDA:147,8,1,1
BRDA:149,9,0,1
BRDA:149,9,1,0
BRDA:183,10,0,1
BRDA:183,10,1,2
BRDA:194,11,0,1
BRDA:194,11,1,1
BRDA:222,12,0,1
BRDA:222,12,1,1
BRDA:230,13,0,0
BRDA:230,13,1,0
BRDA:268,14,0,2
BRDA:268,14,1,2
BRDA:280,15,0,1
BRDA:280,15,1,0
BRDA:311,16,0,2
BRDA:311,17,0,2
BRDA:311,18,0,2
BRDA:311,19,0,2
BRDA:315,20,0,1
BRDA:315,20,1,2
BRDA:322,21,0,1
BRDA:322,21,1,2
BRDA:363,22,0,0
BRDA:363,22,1,1
BRDA:390,23,0,1
BRDA:390,23,1,5
BRDA:398,24,0,1
BRDA:398,24,1,4
BRDA:411,25,0,1
BRDA:411,25,1,2
BRDA:438,26,0,1
BRDA:438,26,1,3
BRDA:447,27,0,1
BRDA:447,27,1,1
BRDA:471,28,0,0
BRDA:471,28,1,0
BRDA:480,29,0,0
BRDA:480,29,1,0
BRDA:492,30,0,0
BRDA:492,30,1,0
BRF:58
BRH:46
end_of_record
TN:
SF:middlewares/authMiddleware.js
FN:4,(anonymous_0)
FN:56,(anonymous_1)
FN:57,(anonymous_2)
FNF:3
FNH:3
FNDA:100,(anonymous_0)
FNDA:108,(anonymous_1)
FNDA:50,(anonymous_2)
DA:1,9
DA:2,9
DA:4,9
DA:5,100
DA:6,100
DA:8,100
DA:9,1
DA:15,99
DA:16,99
DA:19,99
DA:20,98
DA:21,98
DA:25,98
DA:26,98
DA:28,94
DA:29,94
DA:32,94
DA:33,0
DA:39,94
DA:40,0
DA:46,94
DA:47,94
DA:49,5
DA:56,9
DA:57,108
DA:58,50
DA:59,7
DA:64,43
DA:68,9
LF:29
LH:27
BRDA:8,0,0,1
BRDA:8,0,1,99
BRDA:15,1,0,99
BRDA:15,1,1,0
BRDA:16,2,0,99
BRDA:16,2,1,99
BRDA:20,3,0,98
BRDA:20,3,1,0
BRDA:25,4,0,0
BRDA:25,4,1,98
BRDA:28,5,0,94
BRDA:28,5,1,0
BRDA:29,6,0,94
BRDA:29,6,1,94
BRDA:29,6,2,94
BRDA:32,7,0,0
BRDA:32,7,1,94
BRDA:39,8,0,0
BRDA:39,8,1,94
BRDA:58,9,0,7
BRDA:58,9,1,43
BRF:21
BRH:15
end_of_record
TN:
SF:models/reservation.js
FN:33,(anonymous_0)
FN:78,(anonymous_1)
FN:83,(anonymous_2)
FN:91,(anonymous_3)
FN:96,(anonymous_4)
FN:102,(anonymous_5)
FN:126,(anonymous_6)
FN:138,(anonymous_7)
FN:145,(anonymous_8)
FN:154,(anonymous_9)
FNF:10
FNH:9
FNDA:53,(anonymous_0)
FNDA:28,(anonymous_1)
FNDA:14,(anonymous_2)
FNDA:14,(anonymous_3)
FNDA:53,(anonymous_4)
FNDA:8,(anonymous_5)
FNDA:1,(anonymous_6)
FNDA:3,(anonymous_7)
FNDA:0,(anonymous_8)
FNDA:14,(anonymous_9)
DA:1,9
DA:3,9
DA:35,53
DA:63,9
DA:64,9
DA:65,9
DA:66,9
DA:67,9
DA:70,9
DA:78,9
DA:79,28
DA:83,9
DA:84,14
DA:85,14
DA:87,0
DA:91,9
DA:92,14
DA:96,9
DA:97,53
DA:98,53
DA:102,9
DA:103,8
DA:117,8
DA:118,0
DA:121,8
DA:122,8
DA:126,9
DA:127,1
DA:138,9
DA:139,3
DA:140,3
DA:141,3
DA:145,9
DA:146,0
DA:147,0
DA:151,9
DA:155,14
DA:156,14
DA:160,9
LF:39
LH:35
BRDA:35,0,0,53
BRDA:35,0,1,0
BRDA:84,1,0,14
BRDA:84,1,1,0
BRDA:102,2,0,8
BRDA:117,3,0,0
BRDA:117,3,1,8
BRDA:126,4,0,0
BRDA:141,5,0,3
BRDA:141,5,1,3
BRDA:147,6,0,0
BRDA:147,6,1,0
BRF:12
BRH:6
end_of_record
TN:
SF:models/room.js
FN:68,(anonymous_0)
FN:74,(anonymous_1)
FN:79,(anonymous_2)
FN:90,(anonymous_3)
FNF:4
FNH:3
FNDA:26,(anonymous_0)
FNDA:0,(anonymous_1)
FNDA:1,(anonymous_2)
FNDA:26,(anonymous_3)
DA:1,9
DA:3,9
DA:61,9
DA:62,9
DA:63,9
DA:64,9
DA:65,9
DA:68,9
DA:70,26
DA:74,9
DA:75,0
DA:79,9
DA:80,1
DA:87,9
DA:91,26
DA:92,26
DA:96,9
LF:17
LH:16
BRF:0
BRH:0
end_of_record
TN:
SF:models/user.js
FN:43,(anonymous_0)
FN:53,(anonymous_1)
FN:58,(anonymous_2)
FN:63,(anonymous_3)
FNF:4
FNH:3
FNDA:252,(anonymous_0)
FNDA:7,(anonymous_1)
FNDA:0,(anonymous_2)
FNDA:33,(anonymous_3)
DA:1,10
DA:2,10
DA:4,10
DA:40,10
DA:43,10
DA:45,252
DA:48,252
DA:49,252
DA:53,10
DA:54,7
DA:58,10
DA:59,0
DA:63,10
DA:64,33
DA:65,33
DA:66,33
DA:67,33
DA:68,33
DA:72,10
DA:74,10
LF:20
LH:19
BRDA:45,0,0,0
BRDA:45,0,1,252
BRF:2
BRH:1
end_of_record
TN:
SF:routes/reservationRoutes.js
FNF:0
FNH:0
DA:1,9
DA:14,9
DA:15,9
DA:17,9
DA:20,9
DA:23,9
DA:24,9
DA:25,9
DA:26,9
DA:27,9
DA:30,9
DA:33,9
DA:34,9
DA:35,9
DA:36,9
DA:37,9
DA:39,9
LF:17
LH:17
BRF:0
BRH:0
end_of_record
TN:
SF:routes/roomRoutes.js
FNF:0
FNH:0
DA:1,9
DA:9,9
DA:10,9
DA:12,9
DA:15,9
DA:16,9
DA:17,9
DA:20,9
DA:22,9
DA:23,9
DA:24,9
DA:26,9
LF:12
LH:12
BRF:0
BRH:0
end_of_record
TN:
SF:routes/userRoutes.js
FNF:0
FNH:0
DA:1,9
DA:16,9
DA:17,9
DA:19,9
DA:22,9
DA:23,9
DA:24,9
DA:25,9
DA:28,9
DA:30,9
DA:31,9
DA:32,9
DA:35,9
DA:36,9
DA:37,9
DA:38,9
DA:39,9
DA:40,9
DA:42,9
LF:19
LH:19
BRF:0
BRH:0
end_of_record
TN:
SF:scripts/admin.js
FN:6,(anonymous_0)
FNF:1
FNH:0
FNDA:0,(anonymous_0)
DA:1,0
DA:2,0
DA:3,0
DA:4,0
DA:6,0
DA:7,0
DA:8,0
DA:10,0
DA:18,0
DA:19,0
DA:20,0
DA:21,0
DA:25,0
DA:26,0
DA:27,0
DA:28,0
DA:29,0
DA:31,0
DA:33,0
DA:34,0
DA:38,0
LF:21
LH:0
BRDA:19,0,0,0
BRDA:19,0,1,0
BRF:2
BRH:0
end_of_record
TN:
SF:scripts/fix-indices.js
FN:4,(anonymous_0)
FN:12,(anonymous_1)
FN:37,(anonymous_2)
FN:38,(anonymous_3)
FNF:4
FNH:0
FNDA:0,(anonymous_0)
FNDA:0,(anonymous_1)
FNDA:0,(anonymous_2)
FNDA:0,(anonymous_3)
DA:1,0
DA:2,0
DA:4,0
DA:5,0
DA:7,0
DA:8,0
DA:11,0
DA:12,0
DA:15,0
DA:16,0
DA:18,0
DA:19,0
DA:20,0
DA:21,0
DA:23,0
DA:25,0
DA:28,0
DA:30,0
DA:35,0
DA:37,0
DA:39,0
DA:40,0
LF:22
LH:0
BRDA:15,0,0,0
BRDA:15,0,1,0
BRF:2
BRH:0
end_of_record
TN:
SF:tests/test-utils/db-setup.js
FN:6,(anonymous_0)
FN:22,(anonymous_1)
FN:31,(anonymous_2)
FNF:3
FNH:3
FNDA:12,(anonymous_0)
FNDA:12,(anonymous_1)
FNDA:12,(anonymous_2)
DA:1,12
DA:2,12
DA:6,12
DA:8,12
DA:9,0
DA:13,12
DA:14,12
DA:16,12
DA:22,12
DA:23,12
DA:24,12
DA:26,12
DA:27,12
DA:31,12
DA:32,12
DA:33,12
DA:34,12
DA:35,28
DA:36,28
DA:41,12
LF:20
LH:19
BRDA:8,0,0,0
BRDA:8,0,1,12
BRDA:23,1,0,12
BRDA:23,1,1,0
BRDA:26,2,0,12
BRDA:26,2,1,0
BRDA:32,3,0,12
BRDA:32,3,1,0
BRF:8
BRH:4
end_of_record
TN:
SF:tests/test-utils/test-data.js
FN:11,setupTestData
FNF:1
FNH:1
FNDA:117,setupTestData
DA:1,3
DA:2,3
DA:3,3
DA:13,117
DA:22,117
DA:31,117
DA:45,117
DA:50,117
DA:55,117
DA:64,3
LF:10
LH:10
BRF:0
BRH:0
end_of_record
TN:
SF:tests/test-utils/test-setup.js
FN:7,setupTestDB
FN:29,teardownTestDB
FN:41,clearTestDB
FN:55,(anonymous_3)
FN:60,(anonymous_4)
FN:65,(anonymous_5)
FNF:6
FNH:6
FNDA:4,setupTestDB
FNDA:4,teardownTestDB
FNDA:123,clearTestDB
FNDA:4,(anonymous_3)
FNDA:123,(anonymous_4)
FNDA:4,(anonymous_5)
DA:1,4
DA:2,4
DA:8,4
DA:10,4
DA:11,4
DA:15,4
DA:16,4
DA:18,4
DA:24,0
DA:25,0
DA:30,4
DA:31,4
DA:32,4
DA:33,4
DA:36,0
DA:37,0
DA:42,123
DA:43,123
DA:44,123
DA:45,357
DA:46,357
DA:49,0
DA:50,0
DA:55,4
DA:56,4
DA:60,4
DA:61,123
DA:65,4
DA:66,4
DA:69,4
LF:30
LH:24
BRDA:10,0,0,4
BRDA:10,0,1,0
BRDA:32,1,0,4
BRDA:32,1,1,0
BRF:4
BRH:2
end_of_record
TN:
SF:utils/jwt.js
FN:4,(anonymous_0)
FN:15,(anonymous_1)
FN:25,(anonymous_2)
FN:29,(anonymous_3)
FN:33,(anonymous_4)
FNF:5
FNH:4
FNDA:246,(anonymous_0)
FNDA:5,(anonymous_1)
FNDA:99,(anonymous_2)
FNDA:0,(anonymous_3)
FNDA:100,(anonymous_4)
DA:1,9
DA:2,9
DA:4,9
DA:6,246
DA:7,246
DA:8,246
DA:10,246
DA:15,9
DA:16,5
DA:17,5
DA:18,5
DA:20,5
DA:25,9
DA:26,99
DA:29,9
DA:30,0
DA:33,9
DA:34,100
DA:38,99
DA:40,1
DA:43,9
LF:21
LH:20
BRDA:7,0,0,246
BRDA:7,0,1,0
BRDA:7,1,0,246
BRDA:7,1,1,246
BRDA:7,1,2,246
BRDA:7,1,3,246
BRDA:17,2,0,5
BRDA:17,2,1,0
BRDA:17,3,0,5
BRDA:17,3,1,5
BRDA:17,3,2,5
BRDA:17,3,3,5
BRDA:34,4,0,99
BRDA:34,4,1,1
BRDA:35,5,0,100
BRDA:35,5,1,99
BRF:16
BRH:14
end_of_record
TN:
SF:utils/validations.js
FNF:0
FNH:0
DA:1,9
DA:4,9
DA:11,9
DA:16,9
DA:21,9
DA:26,9
DA:30,9
DA:36,9
DA:50,9
DA:64,9
DA:79,9
DA:95,9
DA:104,9
DA:114,9
DA:121,9
LF:15
LH:15
BRF:0
BRH:0
end_of_record
